{"C:\\mobile\\boycottproui\\src\\amplify.ts": {"path":"C:\\mobile\\boycottproui\\src\\amplify.ts","statementMap":{"0":{"start":{"line":12,"column":0},"end":{"line":19,"column":3}},"1":{"start":{"line":23,"column":0},"end":{"line":33,"column":3}},"2":{"start":{"line":40,"column":19},"end":{"line":40,"column":23}},"3":{"start":{"line":41,"column":35},"end":{"line":41,"column":53}},"4":{"start":{"line":41,"column":41},"end":{"line":41,"column":53}},"5":{"start":{"line":42,"column":33},"end":{"line":42,"column":37}}},"fnMap":{"0":{"name":"(anonymous_0)","decl":{"start":{"line":41,"column":35},"end":{"line":41,"column":36}},"loc":{"start":{"line":41,"column":41},"end":{"line":41,"column":53}},"line":41}},"branchMap":{},"s":{"0":0,"1":0,"2":0,"3":0,"4":0,"5":0},"f":{"0":0},"b":{}}
,"C:\\mobile\\boycottproui\\src\\api\\api.ts": {"path":"C:\\mobile\\boycottproui\\src\\api\\api.ts","statementMap":{"0":{"start":{"line":8,"column":23},"end":{"line":18,"column":1}},"1":{"start":{"line":9,"column":24},"end":{"line":9,"column":66}},"2":{"start":{"line":10,"column":19},"end":{"line":10,"column":59}},"3":{"start":{"line":11,"column":17},"end":{"line":11,"column":89}},"4":{"start":{"line":11,"column":61},"end":{"line":11,"column":63}},"5":{"start":{"line":13,"column":4},"end":{"line":16,"column":5}},"6":{"start":{"line":15,"column":8},"end":{"line":15,"column":96}},"7":{"start":{"line":17,"column":4},"end":{"line":17,"column":16}},"8":{"start":{"line":20,"column":19},"end":{"line":23,"column":1}},"9":{"start":{"line":21,"column":20},"end":{"line":21,"column":44}},"10":{"start":{"line":22,"column":4},"end":{"line":22,"column":47}},"11":{"start":{"line":25,"column":20},"end":{"line":33,"column":1}},"12":{"start":{"line":26,"column":4},"end":{"line":26,"column":32}},"13":{"start":{"line":26,"column":22},"end":{"line":26,"column":32}},"14":{"start":{"line":27,"column":18},"end":{"line":27,"column":36}},"15":{"start":{"line":29,"column":4},"end":{"line":31,"column":5}},"16":{"start":{"line":30,"column":8},"end":{"line":30,"column":60}},"17":{"start":{"line":32,"column":4},"end":{"line":32,"column":48}},"18":{"start":{"line":35,"column":16},"end":{"line":57,"column":1}},"19":{"start":{"line":36,"column":53},"end":{"line":36,"column":57}},"20":{"start":{"line":39,"column":17},"end":{"line":39,"column":47}},"21":{"start":{"line":40,"column":26},"end":{"line":40,"column":57}},"22":{"start":{"line":42,"column":16},"end":{"line":42,"column":35}},"23":{"start":{"line":46,"column":14},"end":{"line":46,"column":67}},"24":{"start":{"line":50,"column":4},"end":{"line":54,"column":5}},"25":{"start":{"line":51,"column":22},"end":{"line":51,"column":45}},"26":{"start":{"line":52,"column":31},"end":{"line":52,"column":63}},"27":{"start":{"line":53,"column":8},"end":{"line":53,"column":69}},"28":{"start":{"line":56,"column":4},"end":{"line":56,"column":31}},"29":{"start":{"line":60,"column":22},"end":{"line":62,"column":1}},"30":{"start":{"line":61,"column":4},"end":{"line":61,"column":57}},"31":{"start":{"line":64,"column":25},"end":{"line":66,"column":1}},"32":{"start":{"line":65,"column":4},"end":{"line":65,"column":60}},"33":{"start":{"line":68,"column":23},"end":{"line":75,"column":1}},"34":{"start":{"line":69,"column":4},"end":{"line":74,"column":7}},"35":{"start":{"line":77,"column":22},"end":{"line":84,"column":1}},"36":{"start":{"line":78,"column":4},"end":{"line":83,"column":7}}},"fnMap":{"0":{"name":"(anonymous_0)","decl":{"start":{"line":8,"column":23},"end":{"line":8,"column":24}},"loc":{"start":{"line":8,"column":53},"end":{"line":18,"column":1}},"line":8},"1":{"name":"(anonymous_1)","decl":{"start":{"line":11,"column":54},"end":{"line":11,"column":55}},"loc":{"start":{"line":11,"column":61},"end":{"line":11,"column":63}},"line":11},"2":{"name":"(anonymous_2)","decl":{"start":{"line":20,"column":19},"end":{"line":20,"column":20}},"loc":{"start":{"line":20,"column":60},"end":{"line":23,"column":1}},"line":20},"3":{"name":"(anonymous_3)","decl":{"start":{"line":25,"column":20},"end":{"line":25,"column":21}},"loc":{"start":{"line":25,"column":83},"end":{"line":33,"column":1}},"line":25},"4":{"name":"(anonymous_4)","decl":{"start":{"line":35,"column":16},"end":{"line":35,"column":17}},"loc":{"start":{"line":35,"column":62},"end":{"line":57,"column":1}},"line":35},"5":{"name":"(anonymous_5)","decl":{"start":{"line":60,"column":22},"end":{"line":60,"column":23}},"loc":{"start":{"line":60,"column":66},"end":{"line":62,"column":1}},"line":60},"6":{"name":"(anonymous_6)","decl":{"start":{"line":64,"column":25},"end":{"line":64,"column":26}},"loc":{"start":{"line":64,"column":69},"end":{"line":66,"column":1}},"line":64},"7":{"name":"(anonymous_7)","decl":{"start":{"line":68,"column":23},"end":{"line":68,"column":24}},"loc":{"start":{"line":68,"column":83},"end":{"line":75,"column":1}},"line":68},"8":{"name":"(anonymous_8)","decl":{"start":{"line":77,"column":22},"end":{"line":77,"column":23}},"loc":{"start":{"line":77,"column":82},"end":{"line":84,"column":1}},"line":77}},"branchMap":{"0":{"loc":{"start":{"line":9,"column":24},"end":{"line":9,"column":66}},"type":"binary-expr","locations":[{"start":{"line":9,"column":24},"end":{"line":9,"column":60}},{"start":{"line":9,"column":64},"end":{"line":9,"column":66}}],"line":9},"1":{"loc":{"start":{"line":11,"column":17},"end":{"line":11,"column":89}},"type":"cond-expr","locations":[{"start":{"line":11,"column":26},"end":{"line":11,"column":65}},{"start":{"line":11,"column":68},"end":{"line":11,"column":89}}],"line":11},"2":{"loc":{"start":{"line":13,"column":4},"end":{"line":16,"column":5}},"type":"if","locations":[{"start":{"line":13,"column":4},"end":{"line":16,"column":5}},{"start":{},"end":{}}],"line":13},"3":{"loc":{"start":{"line":15,"column":14},"end":{"line":15,"column":95}},"type":"cond-expr","locations":[{"start":{"line":15,"column":23},"end":{"line":15,"column":27}},{"start":{"line":15,"column":30},"end":{"line":15,"column":95}}],"line":15},"4":{"loc":{"start":{"line":15,"column":66},"end":{"line":15,"column":93}},"type":"binary-expr","locations":[{"start":{"line":15,"column":66},"end":{"line":15,"column":70}},{"start":{"line":15,"column":74},"end":{"line":15,"column":93}}],"line":15},"5":{"loc":{"start":{"line":25,"column":27},"end":{"line":25,"column":45}},"type":"default-arg","locations":[{"start":{"line":25,"column":41},"end":{"line":25,"column":45}}],"line":25},"6":{"loc":{"start":{"line":26,"column":4},"end":{"line":26,"column":32}},"type":"if","locations":[{"start":{"line":26,"column":4},"end":{"line":26,"column":32}},{"start":{},"end":{}}],"line":26},"7":{"loc":{"start":{"line":29,"column":4},"end":{"line":31,"column":5}},"type":"if","locations":[{"start":{"line":29,"column":4},"end":{"line":31,"column":5}},{"start":{},"end":{}}],"line":29},"8":{"loc":{"start":{"line":35,"column":37},"end":{"line":35,"column":57}},"type":"default-arg","locations":[{"start":{"line":35,"column":55},"end":{"line":35,"column":57}}],"line":35},"9":{"loc":{"start":{"line":36,"column":12},"end":{"line":36,"column":30}},"type":"default-arg","locations":[{"start":{"line":36,"column":26},"end":{"line":36,"column":30}}],"line":36},"10":{"loc":{"start":{"line":40,"column":41},"end":{"line":40,"column":54}},"type":"binary-expr","locations":[{"start":{"line":40,"column":41},"end":{"line":40,"column":48}},{"start":{"line":40,"column":52},"end":{"line":40,"column":54}}],"line":40},"11":{"loc":{"start":{"line":50,"column":4},"end":{"line":54,"column":5}},"type":"if","locations":[{"start":{"line":50,"column":4},"end":{"line":54,"column":5}},{"start":{},"end":{}}],"line":50},"12":{"loc":{"start":{"line":50,"column":8},"end":{"line":50,"column":41}},"type":"binary-expr","locations":[{"start":{"line":50,"column":8},"end":{"line":50,"column":26}},{"start":{"line":50,"column":30},"end":{"line":50,"column":41}}],"line":50},"13":{"loc":{"start":{"line":52,"column":47},"end":{"line":52,"column":60}},"type":"binary-expr","locations":[{"start":{"line":52,"column":47},"end":{"line":52,"column":54}},{"start":{"line":52,"column":58},"end":{"line":52,"column":60}}],"line":52},"14":{"loc":{"start":{"line":60,"column":43},"end":{"line":60,"column":61}},"type":"default-arg","locations":[{"start":{"line":60,"column":57},"end":{"line":60,"column":61}}],"line":60},"15":{"loc":{"start":{"line":64,"column":46},"end":{"line":64,"column":64}},"type":"default-arg","locations":[{"start":{"line":64,"column":60},"end":{"line":64,"column":64}}],"line":64},"16":{"loc":{"start":{"line":68,"column":44},"end":{"line":68,"column":58}},"type":"default-arg","locations":[{"start":{"line":68,"column":56},"end":{"line":68,"column":58}}],"line":68},"17":{"loc":{"start":{"line":68,"column":60},"end":{"line":68,"column":78}},"type":"default-arg","locations":[{"start":{"line":68,"column":74},"end":{"line":68,"column":78}}],"line":68},"18":{"loc":{"start":{"line":77,"column":43},"end":{"line":77,"column":57}},"type":"default-arg","locations":[{"start":{"line":77,"column":55},"end":{"line":77,"column":57}}],"line":77},"19":{"loc":{"start":{"line":77,"column":59},"end":{"line":77,"column":77}},"type":"default-arg","locations":[{"start":{"line":77,"column":73},"end":{"line":77,"column":77}}],"line":77}},"s":{"0":2,"1":0,"2":0,"3":0,"4":0,"5":0,"6":0,"7":0,"8":2,"9":0,"10":0,"11":2,"12":0,"13":0,"14":0,"15":0,"16":0,"17":0,"18":2,"19":0,"20":0,"21":0,"22":0,"23":0,"24":0,"25":0,"26":0,"27":0,"28":0,"29":2,"30":0,"31":2,"32":0,"33":2,"34":0,"35":2,"36":0},"f":{"0":0,"1":0,"2":0,"3":0,"4":0,"5":0,"6":0,"7":0,"8":0},"b":{"0":[0,0],"1":[0,0],"2":[0,0],"3":[0,0],"4":[0,0],"5":[0],"6":[0,0],"7":[0,0],"8":[0],"9":[0],"10":[0,0],"11":[0,0],"12":[0,0],"13":[0,0],"14":[0],"15":[0],"16":[0],"17":[0],"18":[0],"19":[0]},"_coverageSchema":"1a1c01bbd47fc00a2c39e90264f33305004495a9","hash":"788ca2c01eecf7b41cdb84e290ee18a263717adc"}
,"C:\\mobile\\boycottproui\\src\\api\\causes.ts": {"path":"C:\\mobile\\boycottproui\\src\\api\\causes.ts","statementMap":{"0":{"start":{"line":7,"column":4},"end":{"line":8,"column":38}},"1":{"start":{"line":8,"column":8},"end":{"line":8,"column":38}},"2":{"start":{"line":10,"column":4},"end":{"line":11,"column":25}},"3":{"start":{"line":11,"column":8},"end":{"line":11,"column":25}},"4":{"start":{"line":13,"column":4},"end":{"line":14,"column":32}},"5":{"start":{"line":14,"column":8},"end":{"line":14,"column":32}},"6":{"start":{"line":16,"column":4},"end":{"line":17,"column":47}},"7":{"start":{"line":17,"column":8},"end":{"line":17,"column":47}},"8":{"start":{"line":19,"column":4},"end":{"line":20,"column":37}},"9":{"start":{"line":20,"column":8},"end":{"line":20,"column":37}}},"fnMap":{"0":{"name":"(anonymous_0)","decl":{"start":{"line":7,"column":4},"end":{"line":7,"column":5}},"loc":{"start":{"line":8,"column":8},"end":{"line":8,"column":38}},"line":8},"1":{"name":"(anonymous_1)","decl":{"start":{"line":10,"column":4},"end":{"line":10,"column":5}},"loc":{"start":{"line":11,"column":8},"end":{"line":11,"column":25}},"line":11},"2":{"name":"(anonymous_2)","decl":{"start":{"line":13,"column":4},"end":{"line":13,"column":5}},"loc":{"start":{"line":14,"column":8},"end":{"line":14,"column":32}},"line":14},"3":{"name":"(anonymous_3)","decl":{"start":{"line":16,"column":4},"end":{"line":16,"column":5}},"loc":{"start":{"line":17,"column":8},"end":{"line":17,"column":47}},"line":17},"4":{"name":"(anonymous_4)","decl":{"start":{"line":19,"column":4},"end":{"line":19,"column":5}},"loc":{"start":{"line":20,"column":8},"end":{"line":20,"column":37}},"line":20}},"branchMap":{},"s":{"0":1,"1":0,"2":1,"3":0,"4":1,"5":0,"6":1,"7":0,"8":1,"9":0},"f":{"0":0,"1":0,"2":0,"3":0,"4":0},"b":{},"_coverageSchema":"1a1c01bbd47fc00a2c39e90264f33305004495a9","hash":"e49fd75e444959ec116034914ab02d0f28a8b423"}
,"C:\\mobile\\boycottproui\\src\\api\\companies.ts": {"path":"C:\\mobile\\boycottproui\\src\\api\\companies.ts","statementMap":{"0":{"start":{"line":9,"column":4},"end":{"line":10,"column":41}},"1":{"start":{"line":10,"column":8},"end":{"line":10,"column":41}},"2":{"start":{"line":12,"column":4},"end":{"line":13,"column":42}},"3":{"start":{"line":13,"column":8},"end":{"line":13,"column":42}},"4":{"start":{"line":15,"column":4},"end":{"line":16,"column":42}},"5":{"start":{"line":16,"column":8},"end":{"line":16,"column":42}},"6":{"start":{"line":18,"column":4},"end":{"line":19,"column":49}},"7":{"start":{"line":19,"column":8},"end":{"line":19,"column":49}},"8":{"start":{"line":21,"column":4},"end":{"line":22,"column":28}},"9":{"start":{"line":22,"column":8},"end":{"line":22,"column":28}},"10":{"start":{"line":24,"column":4},"end":{"line":25,"column":35}},"11":{"start":{"line":25,"column":8},"end":{"line":25,"column":35}},"12":{"start":{"line":27,"column":4},"end":{"line":28,"column":45}},"13":{"start":{"line":28,"column":8},"end":{"line":28,"column":45}}},"fnMap":{"0":{"name":"(anonymous_0)","decl":{"start":{"line":9,"column":4},"end":{"line":9,"column":5}},"loc":{"start":{"line":10,"column":8},"end":{"line":10,"column":41}},"line":10},"1":{"name":"(anonymous_1)","decl":{"start":{"line":12,"column":4},"end":{"line":12,"column":5}},"loc":{"start":{"line":13,"column":8},"end":{"line":13,"column":42}},"line":13},"2":{"name":"(anonymous_2)","decl":{"start":{"line":15,"column":4},"end":{"line":15,"column":5}},"loc":{"start":{"line":16,"column":8},"end":{"line":16,"column":42}},"line":16},"3":{"name":"(anonymous_3)","decl":{"start":{"line":18,"column":4},"end":{"line":18,"column":5}},"loc":{"start":{"line":19,"column":8},"end":{"line":19,"column":49}},"line":19},"4":{"name":"(anonymous_4)","decl":{"start":{"line":21,"column":4},"end":{"line":21,"column":5}},"loc":{"start":{"line":22,"column":8},"end":{"line":22,"column":28}},"line":22},"5":{"name":"(anonymous_5)","decl":{"start":{"line":24,"column":4},"end":{"line":24,"column":5}},"loc":{"start":{"line":25,"column":8},"end":{"line":25,"column":35}},"line":25},"6":{"name":"(anonymous_6)","decl":{"start":{"line":27,"column":4},"end":{"line":27,"column":5}},"loc":{"start":{"line":28,"column":8},"end":{"line":28,"column":45}},"line":28}},"branchMap":{},"s":{"0":0,"1":0,"2":0,"3":0,"4":0,"5":0,"6":0,"7":0,"8":0,"9":0,"10":0,"11":0,"12":0,"13":0},"f":{"0":0,"1":0,"2":0,"3":0,"4":0,"5":0,"6":0},"b":{}}
,"C:\\mobile\\boycottproui\\src\\api\\misc.ts": {"path":"C:\\mobile\\boycottproui\\src\\api\\misc.ts","statementMap":{"0":{"start":{"line":6,"column":4},"end":{"line":7,"column":44}},"1":{"start":{"line":7,"column":4},"end":{"line":7,"column":44}}},"fnMap":{"0":{"name":"(anonymous_0)","decl":{"start":{"line":6,"column":4},"end":{"line":6,"column":5}},"loc":{"start":{"line":7,"column":4},"end":{"line":7,"column":44}},"line":7}},"branchMap":{},"s":{"0":1,"1":0},"f":{"0":0},"b":{},"_coverageSchema":"1a1c01bbd47fc00a2c39e90264f33305004495a9","hash":"73db53467257c13377bc37983b3073608f386df1"}
,"C:\\mobile\\boycottproui\\src\\api\\users.ts": {"path":"C:\\mobile\\boycottproui\\src\\api\\users.ts","statementMap":{"0":{"start":{"line":21,"column":4},"end":{"line":22,"column":36}},"1":{"start":{"line":22,"column":4},"end":{"line":22,"column":36}},"2":{"start":{"line":25,"column":4},"end":{"line":26,"column":33}},"3":{"start":{"line":26,"column":4},"end":{"line":26,"column":33}},"4":{"start":{"line":30,"column":4},"end":{"line":31,"column":39}},"5":{"start":{"line":31,"column":4},"end":{"line":31,"column":39}},"6":{"start":{"line":34,"column":4},"end":{"line":35,"column":34}},"7":{"start":{"line":35,"column":4},"end":{"line":35,"column":34}},"8":{"start":{"line":39,"column":4},"end":{"line":40,"column":26}},"9":{"start":{"line":40,"column":4},"end":{"line":40,"column":26}},"10":{"start":{"line":43,"column":4},"end":{"line":44,"column":20}},"11":{"start":{"line":44,"column":4},"end":{"line":44,"column":20}},"12":{"start":{"line":48,"column":4},"end":{"line":49,"column":36}},"13":{"start":{"line":49,"column":4},"end":{"line":49,"column":36}},"14":{"start":{"line":53,"column":4},"end":{"line":54,"column":23}},"15":{"start":{"line":54,"column":4},"end":{"line":54,"column":23}},"16":{"start":{"line":57,"column":4},"end":{"line":58,"column":30}},"17":{"start":{"line":58,"column":8},"end":{"line":58,"column":30}},"18":{"start":{"line":62,"column":4},"end":{"line":63,"column":29}},"19":{"start":{"line":63,"column":4},"end":{"line":63,"column":29}},"20":{"start":{"line":66,"column":4},"end":{"line":67,"column":27}},"21":{"start":{"line":67,"column":4},"end":{"line":67,"column":27}},"22":{"start":{"line":70,"column":4},"end":{"line":71,"column":44}},"23":{"start":{"line":71,"column":4},"end":{"line":71,"column":44}},"24":{"start":{"line":74,"column":4},"end":{"line":75,"column":47}},"25":{"start":{"line":75,"column":4},"end":{"line":75,"column":47}},"26":{"start":{"line":77,"column":4},"end":{"line":78,"column":46}},"27":{"start":{"line":78,"column":8},"end":{"line":78,"column":46}},"28":{"start":{"line":81,"column":4},"end":{"line":82,"column":39}},"29":{"start":{"line":82,"column":4},"end":{"line":82,"column":39}},"30":{"start":{"line":85,"column":4},"end":{"line":86,"column":48}},"31":{"start":{"line":86,"column":4},"end":{"line":86,"column":48}},"32":{"start":{"line":89,"column":4},"end":{"line":90,"column":36}},"33":{"start":{"line":90,"column":4},"end":{"line":90,"column":36}},"34":{"start":{"line":93,"column":4},"end":{"line":94,"column":34}},"35":{"start":{"line":94,"column":4},"end":{"line":94,"column":34}}},"fnMap":{"0":{"name":"(anonymous_0)","decl":{"start":{"line":21,"column":4},"end":{"line":21,"column":5}},"loc":{"start":{"line":22,"column":4},"end":{"line":22,"column":36}},"line":22},"1":{"name":"(anonymous_1)","decl":{"start":{"line":25,"column":4},"end":{"line":25,"column":5}},"loc":{"start":{"line":26,"column":4},"end":{"line":26,"column":33}},"line":26},"2":{"name":"(anonymous_2)","decl":{"start":{"line":30,"column":4},"end":{"line":30,"column":5}},"loc":{"start":{"line":31,"column":4},"end":{"line":31,"column":39}},"line":31},"3":{"name":"(anonymous_3)","decl":{"start":{"line":34,"column":4},"end":{"line":34,"column":5}},"loc":{"start":{"line":35,"column":4},"end":{"line":35,"column":34}},"line":35},"4":{"name":"(anonymous_4)","decl":{"start":{"line":39,"column":4},"end":{"line":39,"column":5}},"loc":{"start":{"line":40,"column":4},"end":{"line":40,"column":26}},"line":40},"5":{"name":"(anonymous_5)","decl":{"start":{"line":43,"column":4},"end":{"line":43,"column":5}},"loc":{"start":{"line":44,"column":4},"end":{"line":44,"column":20}},"line":44},"6":{"name":"(anonymous_6)","decl":{"start":{"line":48,"column":4},"end":{"line":48,"column":5}},"loc":{"start":{"line":49,"column":4},"end":{"line":49,"column":36}},"line":49},"7":{"name":"(anonymous_7)","decl":{"start":{"line":53,"column":4},"end":{"line":53,"column":5}},"loc":{"start":{"line":54,"column":4},"end":{"line":54,"column":23}},"line":54},"8":{"name":"(anonymous_8)","decl":{"start":{"line":57,"column":4},"end":{"line":57,"column":5}},"loc":{"start":{"line":58,"column":8},"end":{"line":58,"column":30}},"line":58},"9":{"name":"(anonymous_9)","decl":{"start":{"line":62,"column":4},"end":{"line":62,"column":5}},"loc":{"start":{"line":63,"column":4},"end":{"line":63,"column":29}},"line":63},"10":{"name":"(anonymous_10)","decl":{"start":{"line":66,"column":4},"end":{"line":66,"column":5}},"loc":{"start":{"line":67,"column":4},"end":{"line":67,"column":27}},"line":67},"11":{"name":"(anonymous_11)","decl":{"start":{"line":70,"column":4},"end":{"line":70,"column":5}},"loc":{"start":{"line":71,"column":4},"end":{"line":71,"column":44}},"line":71},"12":{"name":"(anonymous_12)","decl":{"start":{"line":74,"column":4},"end":{"line":74,"column":5}},"loc":{"start":{"line":75,"column":4},"end":{"line":75,"column":47}},"line":75},"13":{"name":"(anonymous_13)","decl":{"start":{"line":77,"column":4},"end":{"line":77,"column":5}},"loc":{"start":{"line":78,"column":8},"end":{"line":78,"column":46}},"line":78},"14":{"name":"(anonymous_14)","decl":{"start":{"line":81,"column":4},"end":{"line":81,"column":5}},"loc":{"start":{"line":82,"column":4},"end":{"line":82,"column":39}},"line":82},"15":{"name":"(anonymous_15)","decl":{"start":{"line":85,"column":4},"end":{"line":85,"column":5}},"loc":{"start":{"line":86,"column":4},"end":{"line":86,"column":48}},"line":86},"16":{"name":"(anonymous_16)","decl":{"start":{"line":89,"column":4},"end":{"line":89,"column":5}},"loc":{"start":{"line":90,"column":4},"end":{"line":90,"column":36}},"line":90},"17":{"name":"(anonymous_17)","decl":{"start":{"line":93,"column":4},"end":{"line":93,"column":5}},"loc":{"start":{"line":94,"column":4},"end":{"line":94,"column":34}},"line":94}},"branchMap":{},"s":{"0":1,"1":0,"2":1,"3":0,"4":1,"5":0,"6":1,"7":0,"8":1,"9":0,"10":1,"11":0,"12":1,"13":0,"14":1,"15":0,"16":1,"17":0,"18":1,"19":0,"20":1,"21":0,"22":1,"23":0,"24":1,"25":0,"26":1,"27":0,"28":1,"29":0,"30":1,"31":0,"32":1,"33":0,"34":1,"35":0},"f":{"0":0,"1":0,"2":0,"3":0,"4":0,"5":0,"6":0,"7":0,"8":0,"9":0,"10":0,"11":0,"12":0,"13":0,"14":0,"15":0,"16":0,"17":0},"b":{},"_coverageSchema":"1a1c01bbd47fc00a2c39e90264f33305004495a9","hash":"48b424e6ea02379577fe9c1608abc9533d0e700a"}
,"C:\\mobile\\boycottproui\\src\\components\\aiDescription\\AiDescription.tsx": {"path":"C:\\mobile\\boycottproui\\src\\components\\aiDescription\\AiDescription.tsx","statementMap":{"0":{"start":{"line":13,"column":52},"end":{"line":65,"column":1}},"1":{"start":{"line":18,"column":4},"end":{"line":64,"column":6}},"2":{"start":{"line":43,"column":24},"end":{"line":59,"column":31}},"3":{"start":{"line":67,"column":15},"end":{"line":152,"column":2}}},"fnMap":{"0":{"name":"(anonymous_0)","decl":{"start":{"line":13,"column":52},"end":{"line":13,"column":53}},"loc":{"start":{"line":17,"column":6},"end":{"line":65,"column":1}},"line":17},"1":{"name":"(anonymous_1)","decl":{"start":{"line":42,"column":49},"end":{"line":42,"column":50}},"loc":{"start":{"line":43,"column":24},"end":{"line":59,"column":31}},"line":43}},"branchMap":{"0":{"loc":{"start":{"line":21,"column":13},"end":{"line":26,"column":13}},"type":"binary-expr","locations":[{"start":{"line":21,"column":13},"end":{"line":21,"column":25}},{"start":{"line":22,"column":16},"end":{"line":25,"column":23}}],"line":21},"1":{"loc":{"start":{"line":29,"column":13},"end":{"line":34,"column":13}},"type":"binary-expr","locations":[{"start":{"line":29,"column":13},"end":{"line":29,"column":20}},{"start":{"line":30,"column":16},"end":{"line":33,"column":23}}],"line":29},"2":{"loc":{"start":{"line":37,"column":13},"end":{"line":62,"column":13}},"type":"binary-expr","locations":[{"start":{"line":37,"column":13},"end":{"line":37,"column":36}},{"start":{"line":37,"column":40},"end":{"line":37,"column":74}},{"start":{"line":38,"column":16},"end":{"line":61,"column":23}}],"line":37},"3":{"loc":{"start":{"line":50,"column":29},"end":{"line":58,"column":29}},"type":"binary-expr","locations":[{"start":{"line":50,"column":29},"end":{"line":50,"column":45}},{"start":{"line":51,"column":32},"end":{"line":57,"column":39}}],"line":50}},"s":{"0":1,"1":0,"2":0,"3":1},"f":{"0":0,"1":0},"b":{"0":[0,0],"1":[0,0],"2":[0,0,0],"3":[0,0]},"_coverageSchema":"1a1c01bbd47fc00a2c39e90264f33305004495a9","hash":"7f1182cafb87ec2a5cbbc2ad0c67a7d20627131f"}
,"C:\\mobile\\boycottproui\\src\\components\\button\\CenteredButton.tsx": {"path":"C:\\mobile\\boycottproui\\src\\components\\button\\CenteredButton.tsx","statementMap":{"0":{"start":{"line":26,"column":4},"end":{"line":42,"column":5}}},"fnMap":{"0":{"name":"CenteredButton","decl":{"start":{"line":17,"column":24},"end":{"line":17,"column":38}},"loc":{"start":{"line":25,"column":61},"end":{"line":43,"column":1}},"line":25}},"branchMap":{"0":{"loc":{"start":{"line":19,"column":41},"end":{"line":19,"column":60}},"type":"default-arg","locations":[{"start":{"line":19,"column":49},"end":{"line":19,"column":60}}],"line":19},"1":{"loc":{"start":{"line":24,"column":41},"end":{"line":24,"column":57}},"type":"default-arg","locations":[{"start":{"line":24,"column":52},"end":{"line":24,"column":57}}],"line":24}},"s":{"0":6},"f":{"0":6},"b":{"0":[5],"1":[4]},"_coverageSchema":"1a1c01bbd47fc00a2c39e90264f33305004495a9","hash":"aed16866266a733ffe072bcb4d52b0fef8309dc5"}
,"C:\\mobile\\boycottproui\\src\\components\\button\\ConditionalButton.tsx": {"path":"C:\\mobile\\boycottproui\\src\\components\\button\\ConditionalButton.tsx","statementMap":{"0":{"start":{"line":26,"column":4},"end":{"line":42,"column":5}}},"fnMap":{"0":{"name":"ConditionalButton","decl":{"start":{"line":17,"column":24},"end":{"line":17,"column":41}},"loc":{"start":{"line":25,"column":63},"end":{"line":43,"column":1}},"line":25}},"branchMap":{"0":{"loc":{"start":{"line":19,"column":43},"end":{"line":19,"column":62}},"type":"default-arg","locations":[{"start":{"line":19,"column":51},"end":{"line":19,"column":62}}],"line":19},"1":{"loc":{"start":{"line":24,"column":43},"end":{"line":24,"column":59}},"type":"default-arg","locations":[{"start":{"line":24,"column":54},"end":{"line":24,"column":59}}],"line":24}},"s":{"0":6},"f":{"0":6},"b":{"0":[6],"1":[3]},"_coverageSchema":"1a1c01bbd47fc00a2c39e90264f33305004495a9","hash":"97c4e3ffeeda9f40b051fed730943f684e9d4046"}
,"C:\\mobile\\boycottproui\\src\\components\\common\\LoadingOverlay.tsx": {"path":"C:\\mobile\\boycottproui\\src\\components\\common\\LoadingOverlay.tsx","statementMap":{"0":{"start":{"line":6,"column":4},"end":{"line":15,"column":6}},"1":{"start":{"line":18,"column":15},"end":{"line":26,"column":2}}},"fnMap":{"0":{"name":"LoadingOverlay","decl":{"start":{"line":5,"column":24},"end":{"line":5,"column":38}},"loc":{"start":{"line":5,"column":41},"end":{"line":16,"column":1}},"line":5}},"branchMap":{},"s":{"0":13,"1":2},"f":{"0":13},"b":{},"_coverageSchema":"1a1c01bbd47fc00a2c39e90264f33305004495a9","hash":"37e92c06d4082069c8eff79efb8b92f0f17e9aab"}
,"C:\\mobile\\boycottproui\\src\\components\\companiesOrCauses\\CompanyCausesList.tsx": {"path":"C:\\mobile\\boycottproui\\src\\components\\companiesOrCauses\\CompanyCausesList.tsx","statementMap":{"0":{"start":{"line":16,"column":23},"end":{"line":16,"column":85}},"1":{"start":{"line":17,"column":24},"end":{"line":27,"column":5}},"2":{"start":{"line":18,"column":8},"end":{"line":26,"column":9}},"3":{"start":{"line":19,"column":12},"end":{"line":19,"column":75}},"4":{"start":{"line":21,"column":12},"end":{"line":25,"column":13}},"5":{"start":{"line":22,"column":16},"end":{"line":22,"column":75}},"6":{"start":{"line":24,"column":16},"end":{"line":24,"column":78}},"7":{"start":{"line":28,"column":4},"end":{"line":49,"column":6}},"8":{"start":{"line":32,"column":16},"end":{"line":46,"column":28}},"9":{"start":{"line":32,"column":54},"end":{"line":32,"column":71}}},"fnMap":{"0":{"name":"CompanyCausesList","decl":{"start":{"line":15,"column":24},"end":{"line":15,"column":41}},"loc":{"start":{"line":15,"column":87},"end":{"line":50,"column":1}},"line":15},"1":{"name":"(anonymous_1)","decl":{"start":{"line":17,"column":24},"end":{"line":17,"column":25}},"loc":{"start":{"line":17,"column":44},"end":{"line":27,"column":5}},"line":17},"2":{"name":"(anonymous_2)","decl":{"start":{"line":31,"column":23},"end":{"line":31,"column":24}},"loc":{"start":{"line":32,"column":16},"end":{"line":46,"column":28}},"line":32},"3":{"name":"(anonymous_3)","decl":{"start":{"line":32,"column":48},"end":{"line":32,"column":49}},"loc":{"start":{"line":32,"column":54},"end":{"line":32,"column":71}},"line":32}},"branchMap":{"0":{"loc":{"start":{"line":15,"column":44},"end":{"line":15,"column":60}},"type":"default-arg","locations":[{"start":{"line":15,"column":56},"end":{"line":15,"column":60}}],"line":15},"1":{"loc":{"start":{"line":18,"column":8},"end":{"line":26,"column":9}},"type":"if","locations":[{"start":{"line":18,"column":8},"end":{"line":26,"column":9}},{"start":{"line":20,"column":15},"end":{"line":26,"column":9}}],"line":18},"2":{"loc":{"start":{"line":21,"column":12},"end":{"line":25,"column":13}},"type":"if","locations":[{"start":{"line":21,"column":12},"end":{"line":25,"column":13}},{"start":{"line":23,"column":19},"end":{"line":25,"column":13}}],"line":21},"3":{"loc":{"start":{"line":21,"column":15},"end":{"line":21,"column":52}},"type":"binary-expr","locations":[{"start":{"line":21,"column":15},"end":{"line":21,"column":30}},{"start":{"line":21,"column":34},"end":{"line":21,"column":52}}],"line":21},"4":{"loc":{"start":{"line":36,"column":28},"end":{"line":38,"column":57}},"type":"cond-expr","locations":[{"start":{"line":37,"column":34},"end":{"line":37,"column":63}},{"start":{"line":38,"column":34},"end":{"line":38,"column":57}}],"line":36},"5":{"loc":{"start":{"line":36,"column":28},"end":{"line":36,"column":79}},"type":"binary-expr","locations":[{"start":{"line":36,"column":28},"end":{"line":36,"column":56}},{"start":{"line":36,"column":60},"end":{"line":36,"column":79}}],"line":36},"6":{"loc":{"start":{"line":43,"column":21},"end":{"line":45,"column":21}},"type":"binary-expr","locations":[{"start":{"line":43,"column":21},"end":{"line":43,"column":49}},{"start":{"line":44,"column":24},"end":{"line":44,"column":78}}],"line":43}},"s":{"0":0,"1":0,"2":0,"3":0,"4":0,"5":0,"6":0,"7":0,"8":0,"9":0},"f":{"0":0,"1":0,"2":0,"3":0},"b":{"0":[0],"1":[0,0],"2":[0,0],"3":[0,0],"4":[0,0],"5":[0,0],"6":[0,0]},"_coverageSchema":"1a1c01bbd47fc00a2c39e90264f33305004495a9","hash":"67b3c7ca41372566803ce1d625c8477c287c059a"}
,"C:\\mobile\\boycottproui\\src\\components\\companiesOrCauses\\SelectableCompanyCausesList.tsx": {"path":"C:\\mobile\\boycottproui\\src\\components\\companiesOrCauses\\SelectableCompanyCausesList.tsx","statementMap":{"0":{"start":{"line":23,"column":23},"end":{"line":36,"column":5}},"1":{"start":{"line":24,"column":8},"end":{"line":24,"column":27}},"2":{"start":{"line":25,"column":8},"end":{"line":34,"column":9}},"3":{"start":{"line":26,"column":12},"end":{"line":26,"column":65}},"4":{"start":{"line":27,"column":28},"end":{"line":27,"column":63}},"5":{"start":{"line":28,"column":12},"end":{"line":28,"column":45}},"6":{"start":{"line":29,"column":12},"end":{"line":29,"column":37}},"7":{"start":{"line":31,"column":28},"end":{"line":31,"column":45}},"8":{"start":{"line":32,"column":12},"end":{"line":32,"column":45}},"9":{"start":{"line":33,"column":12},"end":{"line":33,"column":37}},"10":{"start":{"line":38,"column":4},"end":{"line":86,"column":5}},"11":{"start":{"line":44,"column":20},"end":{"line":82,"column":32}},"12":{"start":{"line":46,"column":39},"end":{"line":46,"column":56}}},"fnMap":{"0":{"name":"SelectableCompanyCausesList","decl":{"start":{"line":15,"column":24},"end":{"line":15,"column":51}},"loc":{"start":{"line":22,"column":62},"end":{"line":87,"column":1}},"line":22},"1":{"name":"(anonymous_1)","decl":{"start":{"line":23,"column":23},"end":{"line":23,"column":24}},"loc":{"start":{"line":23,"column":42},"end":{"line":36,"column":5}},"line":23},"2":{"name":"(anonymous_2)","decl":{"start":{"line":43,"column":26},"end":{"line":43,"column":27}},"loc":{"start":{"line":44,"column":20},"end":{"line":82,"column":32}},"line":44},"3":{"name":"(anonymous_3)","decl":{"start":{"line":46,"column":33},"end":{"line":46,"column":34}},"loc":{"start":{"line":46,"column":39},"end":{"line":46,"column":56}},"line":46}},"branchMap":{"0":{"loc":{"start":{"line":20,"column":56},"end":{"line":20,"column":74}},"type":"default-arg","locations":[{"start":{"line":20,"column":69},"end":{"line":20,"column":74}}],"line":20},"1":{"loc":{"start":{"line":21,"column":56},"end":{"line":21,"column":77}},"type":"default-arg","locations":[{"start":{"line":21,"column":72},"end":{"line":21,"column":77}}],"line":21},"2":{"loc":{"start":{"line":25,"column":8},"end":{"line":34,"column":9}},"type":"if","locations":[{"start":{"line":25,"column":8},"end":{"line":34,"column":9}},{"start":{"line":30,"column":15},"end":{"line":34,"column":9}}],"line":25},"3":{"loc":{"start":{"line":39,"column":22},"end":{"line":39,"column":57}},"type":"binary-expr","locations":[{"start":{"line":39,"column":22},"end":{"line":39,"column":33}},{"start":{"line":39,"column":37},"end":{"line":39,"column":57}}],"line":39},"4":{"loc":{"start":{"line":40,"column":8},"end":{"line":40,"column":44}},"type":"binary-expr","locations":[{"start":{"line":40,"column":8},"end":{"line":40,"column":18}},{"start":{"line":40,"column":22},"end":{"line":40,"column":44}}],"line":40},"5":{"loc":{"start":{"line":52,"column":28},"end":{"line":64,"column":35}},"type":"binary-expr","locations":[{"start":{"line":52,"column":28},"end":{"line":52,"column":39}},{"start":{"line":53,"column":28},"end":{"line":64,"column":35}}],"line":52},"6":{"loc":{"start":{"line":55,"column":36},"end":{"line":55,"column":77}},"type":"binary-expr","locations":[{"start":{"line":55,"column":36},"end":{"line":55,"column":55}},{"start":{"line":55,"column":59},"end":{"line":55,"column":77}}],"line":55},"7":{"loc":{"start":{"line":56,"column":36},"end":{"line":56,"column":81}},"type":"binary-expr","locations":[{"start":{"line":56,"column":36},"end":{"line":56,"column":56}},{"start":{"line":56,"column":60},"end":{"line":56,"column":81}}],"line":56},"8":{"loc":{"start":{"line":58,"column":36},"end":{"line":60,"column":63}},"type":"cond-expr","locations":[{"start":{"line":59,"column":58},"end":{"line":59,"column":87}},{"start":{"line":60,"column":40},"end":{"line":60,"column":63}}],"line":58},"9":{"loc":{"start":{"line":58,"column":36},"end":{"line":59,"column":55}},"type":"binary-expr","locations":[{"start":{"line":58,"column":36},"end":{"line":58,"column":64}},{"start":{"line":59,"column":36},"end":{"line":59,"column":55}}],"line":58},"10":{"loc":{"start":{"line":67,"column":28},"end":{"line":77,"column":35}},"type":"binary-expr","locations":[{"start":{"line":67,"column":28},"end":{"line":67,"column":38}},{"start":{"line":68,"column":28},"end":{"line":77,"column":35}}],"line":67},"11":{"loc":{"start":{"line":70,"column":36},"end":{"line":70,"column":77}},"type":"binary-expr","locations":[{"start":{"line":70,"column":36},"end":{"line":70,"column":55}},{"start":{"line":70,"column":59},"end":{"line":70,"column":77}}],"line":70},"12":{"loc":{"start":{"line":71,"column":36},"end":{"line":71,"column":81}},"type":"binary-expr","locations":[{"start":{"line":71,"column":36},"end":{"line":71,"column":56}},{"start":{"line":71,"column":60},"end":{"line":71,"column":81}}],"line":71},"13":{"loc":{"start":{"line":79,"column":25},"end":{"line":81,"column":25}},"type":"binary-expr","locations":[{"start":{"line":79,"column":25},"end":{"line":79,"column":53}},{"start":{"line":79,"column":57},"end":{"line":79,"column":68}},{"start":{"line":80,"column":28},"end":{"line":80,"column":82}}],"line":79}},"s":{"0":0,"1":0,"2":0,"3":0,"4":0,"5":0,"6":0,"7":0,"8":0,"9":0,"10":0,"11":0,"12":0},"f":{"0":0,"1":0,"2":0,"3":0},"b":{"0":[0],"1":[0],"2":[0,0],"3":[0,0],"4":[0,0],"5":[0,0],"6":[0,0],"7":[0,0],"8":[0,0],"9":[0,0],"10":[0,0],"11":[0,0],"12":[0,0],"13":[0,0,0]},"_coverageSchema":"1a1c01bbd47fc00a2c39e90264f33305004495a9","hash":"c89e71ea7e49cb6241471371ee68f0ac61f98203"}
,"C:\\mobile\\boycottproui\\src\\components\\companiesOrCauses\\TrendsList.tsx": {"path":"C:\\mobile\\boycottproui\\src\\components\\companiesOrCauses\\TrendsList.tsx","statementMap":{"0":{"start":{"line":25,"column":17},"end":{"line":25,"column":34}},"1":{"start":{"line":26,"column":27},"end":{"line":26,"column":29}},"2":{"start":{"line":27,"column":4},"end":{"line":37,"column":5}},"3":{"start":{"line":28,"column":20},"end":{"line":32,"column":22}},"4":{"start":{"line":33,"column":8},"end":{"line":36,"column":9}},"5":{"start":{"line":34,"column":12},"end":{"line":34,"column":26}},"6":{"start":{"line":35,"column":12},"end":{"line":35,"column":30}},"7":{"start":{"line":38,"column":4},"end":{"line":38,"column":18}},"8":{"start":{"line":49,"column":23},"end":{"line":110,"column":5}},"9":{"start":{"line":50,"column":26},"end":{"line":50,"column":49}},"10":{"start":{"line":51,"column":24},"end":{"line":51,"column":45}},"11":{"start":{"line":53,"column":28},"end":{"line":59,"column":9}},"12":{"start":{"line":54,"column":12},"end":{"line":58,"column":13}},"13":{"start":{"line":55,"column":16},"end":{"line":55,"column":50}},"14":{"start":{"line":56,"column":19},"end":{"line":58,"column":13}},"15":{"start":{"line":57,"column":16},"end":{"line":57,"column":46}},"16":{"start":{"line":61,"column":8},"end":{"line":109,"column":10}},"17":{"start":{"line":81,"column":51},"end":{"line":81,"column":86}},"18":{"start":{"line":100,"column":51},"end":{"line":100,"column":82}},"19":{"start":{"line":113,"column":4},"end":{"line":124,"column":5}},"20":{"start":{"line":119,"column":20},"end":{"line":119,"column":93}}},"fnMap":{"0":{"name":"deDuplicate","decl":{"start":{"line":24,"column":16},"end":{"line":24,"column":27}},"loc":{"start":{"line":24,"column":51},"end":{"line":39,"column":1}},"line":24},"1":{"name":"TrendsList","decl":{"start":{"line":42,"column":24},"end":{"line":42,"column":34}},"loc":{"start":{"line":47,"column":66},"end":{"line":125,"column":1}},"line":47},"2":{"name":"(anonymous_2)","decl":{"start":{"line":49,"column":23},"end":{"line":49,"column":24}},"loc":{"start":{"line":49,"column":53},"end":{"line":110,"column":5}},"line":49},"3":{"name":"(anonymous_3)","decl":{"start":{"line":53,"column":28},"end":{"line":53,"column":29}},"loc":{"start":{"line":53,"column":34},"end":{"line":59,"column":9}},"line":53},"4":{"name":"(anonymous_4)","decl":{"start":{"line":81,"column":45},"end":{"line":81,"column":46}},"loc":{"start":{"line":81,"column":51},"end":{"line":81,"column":86}},"line":81},"5":{"name":"(anonymous_5)","decl":{"start":{"line":100,"column":45},"end":{"line":100,"column":46}},"loc":{"start":{"line":100,"column":51},"end":{"line":100,"column":82}},"line":100},"6":{"name":"(anonymous_6)","decl":{"start":{"line":118,"column":30},"end":{"line":118,"column":31}},"loc":{"start":{"line":119,"column":20},"end":{"line":119,"column":93}},"line":119}},"branchMap":{"0":{"loc":{"start":{"line":28,"column":20},"end":{"line":32,"column":22}},"type":"cond-expr","locations":[{"start":{"line":29,"column":14},"end":{"line":29,"column":42}},{"start":{"line":30,"column":14},"end":{"line":32,"column":22}}],"line":28},"1":{"loc":{"start":{"line":30,"column":14},"end":{"line":32,"column":22}},"type":"cond-expr","locations":[{"start":{"line":31,"column":18},"end":{"line":31,"column":42}},{"start":{"line":32,"column":18},"end":{"line":32,"column":22}}],"line":30},"2":{"loc":{"start":{"line":33,"column":8},"end":{"line":36,"column":9}},"type":"if","locations":[{"start":{"line":33,"column":8},"end":{"line":36,"column":9}},{"start":{},"end":{}}],"line":33},"3":{"loc":{"start":{"line":33,"column":12},"end":{"line":33,"column":33}},"type":"binary-expr","locations":[{"start":{"line":33,"column":12},"end":{"line":33,"column":15}},{"start":{"line":33,"column":19},"end":{"line":33,"column":33}}],"line":33},"4":{"loc":{"start":{"line":47,"column":39},"end":{"line":47,"column":55}},"type":"default-arg","locations":[{"start":{"line":47,"column":50},"end":{"line":47,"column":55}}],"line":47},"5":{"loc":{"start":{"line":54,"column":12},"end":{"line":58,"column":13}},"type":"if","locations":[{"start":{"line":54,"column":12},"end":{"line":58,"column":13}},{"start":{"line":56,"column":19},"end":{"line":58,"column":13}}],"line":54},"6":{"loc":{"start":{"line":54,"column":16},"end":{"line":54,"column":44}},"type":"binary-expr","locations":[{"start":{"line":54,"column":16},"end":{"line":54,"column":25}},{"start":{"line":54,"column":29},"end":{"line":54,"column":44}}],"line":54},"7":{"loc":{"start":{"line":56,"column":19},"end":{"line":58,"column":13}},"type":"if","locations":[{"start":{"line":56,"column":19},"end":{"line":58,"column":13}},{"start":{},"end":{}}],"line":56},"8":{"loc":{"start":{"line":56,"column":23},"end":{"line":56,"column":47}},"type":"binary-expr","locations":[{"start":{"line":56,"column":23},"end":{"line":56,"column":30}},{"start":{"line":56,"column":34},"end":{"line":56,"column":47}}],"line":56},"9":{"loc":{"start":{"line":64,"column":21},"end":{"line":68,"column":21}},"type":"binary-expr","locations":[{"start":{"line":64,"column":21},"end":{"line":64,"column":38}},{"start":{"line":65,"column":24},"end":{"line":67,"column":31}}],"line":64},"10":{"loc":{"start":{"line":70,"column":21},"end":{"line":87,"column":21}},"type":"binary-expr","locations":[{"start":{"line":70,"column":21},"end":{"line":70,"column":30}},{"start":{"line":71,"column":24},"end":{"line":86,"column":31}}],"line":70},"11":{"loc":{"start":{"line":74,"column":32},"end":{"line":74,"column":111}},"type":"cond-expr","locations":[{"start":{"line":74,"column":57},"end":{"line":74,"column":81}},{"start":{"line":74,"column":84},"end":{"line":74,"column":111}}],"line":74},"12":{"loc":{"start":{"line":78,"column":29},"end":{"line":85,"column":29}},"type":"binary-expr","locations":[{"start":{"line":78,"column":29},"end":{"line":78,"column":39}},{"start":{"line":79,"column":32},"end":{"line":84,"column":44}}],"line":78},"13":{"loc":{"start":{"line":89,"column":21},"end":{"line":106,"column":21}},"type":"binary-expr","locations":[{"start":{"line":89,"column":21},"end":{"line":89,"column":28}},{"start":{"line":90,"column":24},"end":{"line":105,"column":31}}],"line":89},"14":{"loc":{"start":{"line":93,"column":32},"end":{"line":93,"column":111}},"type":"cond-expr","locations":[{"start":{"line":93,"column":57},"end":{"line":93,"column":81}},{"start":{"line":93,"column":84},"end":{"line":93,"column":111}}],"line":93},"15":{"loc":{"start":{"line":97,"column":29},"end":{"line":104,"column":29}},"type":"binary-expr","locations":[{"start":{"line":97,"column":29},"end":{"line":97,"column":39}},{"start":{"line":98,"column":32},"end":{"line":103,"column":44}}],"line":97},"16":{"loc":{"start":{"line":119,"column":20},"end":{"line":119,"column":93}},"type":"cond-expr","locations":[{"start":{"line":119,"column":38},"end":{"line":119,"column":66}},{"start":{"line":119,"column":69},"end":{"line":119,"column":93}}],"line":119}},"s":{"0":0,"1":0,"2":0,"3":0,"4":0,"5":0,"6":0,"7":0,"8":0,"9":0,"10":0,"11":0,"12":0,"13":0,"14":0,"15":0,"16":0,"17":0,"18":0,"19":0,"20":0},"f":{"0":0,"1":0,"2":0,"3":0,"4":0,"5":0,"6":0},"b":{"0":[0,0],"1":[0,0],"2":[0,0],"3":[0,0],"4":[0],"5":[0,0],"6":[0,0],"7":[0,0],"8":[0,0],"9":[0,0],"10":[0,0],"11":[0,0],"12":[0,0],"13":[0,0],"14":[0,0],"15":[0,0],"16":[0,0]}}
,"C:\\mobile\\boycottproui\\src\\components\\customCheckbox\\CustomCheckbox.tsx": {"path":"C:\\mobile\\boycottproui\\src\\components\\customCheckbox\\CustomCheckbox.tsx","statementMap":{"0":{"start":{"line":13,"column":24},"end":{"line":13,"column":72}},"1":{"start":{"line":23,"column":4},"end":{"line":29,"column":5}}},"fnMap":{"0":{"name":"CustomCheckbox","decl":{"start":{"line":14,"column":24},"end":{"line":14,"column":38}},"loc":{"start":{"line":20,"column":57},"end":{"line":30,"column":1}},"line":20}},"branchMap":{"0":{"loc":{"start":{"line":17,"column":43},"end":{"line":17,"column":65}},"type":"default-arg","locations":[{"start":{"line":17,"column":50},"end":{"line":17,"column":65}}],"line":17},"1":{"loc":{"start":{"line":18,"column":43},"end":{"line":18,"column":61}},"type":"default-arg","locations":[{"start":{"line":18,"column":56},"end":{"line":18,"column":61}}],"line":18},"2":{"loc":{"start":{"line":19,"column":43},"end":{"line":19,"column":60}},"type":"default-arg","locations":[{"start":{"line":19,"column":55},"end":{"line":19,"column":60}}],"line":19},"3":{"loc":{"start":{"line":25,"column":43},"end":{"line":25,"column":71}},"type":"binary-expr","locations":[{"start":{"line":25,"column":43},"end":{"line":25,"column":50}},{"start":{"line":25,"column":54},"end":{"line":25,"column":71}}],"line":25}},"s":{"0":2,"1":6},"f":{"0":6},"b":{"0":[4],"1":[5],"2":[5],"3":[6,1]},"_coverageSchema":"1a1c01bbd47fc00a2c39e90264f33305004495a9","hash":"65112286f71a0d70c7cc2c3ef4e4511c4741d390"}
,"C:\\mobile\\boycottproui\\src\\components\\headerBar\\HeaderBar.tsx": {"path":"C:\\mobile\\boycottproui\\src\\components\\headerBar\\HeaderBar.tsx","statementMap":{"0":{"start":{"line":5,"column":4},"end":{"line":9,"column":6}}},"fnMap":{"0":{"name":"HeaderBar","decl":{"start":{"line":4,"column":24},"end":{"line":4,"column":33}},"loc":{"start":{"line":4,"column":36},"end":{"line":10,"column":1}},"line":4}},"branchMap":{},"s":{"0":8},"f":{"0":8},"b":{},"_coverageSchema":"1a1c01bbd47fc00a2c39e90264f33305004495a9","hash":"37e8d2c92078f0b2887fc90a1b12fb0e47eba6e5"}
,"C:\\mobile\\boycottproui\\src\\components\\homeBackButton\\HomeBackButton.tsx": {"path":"C:\\mobile\\boycottproui\\src\\components\\homeBackButton\\HomeBackButton.tsx","statementMap":{"0":{"start":{"line":11,"column":4},"end":{"line":15,"column":5}}},"fnMap":{"0":{"name":"HomeBackButton","decl":{"start":{"line":10,"column":24},"end":{"line":10,"column":38}},"loc":{"start":{"line":10,"column":66},"end":{"line":16,"column":1}},"line":10}},"branchMap":{},"s":{"0":0},"f":{"0":0},"b":{}}
,"C:\\mobile\\boycottproui\\src\\components\\labelAndField\\FormPasswordField.tsx": {"path":"C:\\mobile\\boycottproui\\src\\components\\labelAndField\\FormPasswordField.tsx","statementMap":{"0":{"start":{"line":25,"column":44},"end":{"line":25,"column":59}},"1":{"start":{"line":27,"column":4},"end":{"line":56,"column":5}},"2":{"start":{"line":45,"column":35},"end":{"line":45,"column":65}}},"fnMap":{"0":{"name":"FormPasswordField","decl":{"start":{"line":17,"column":24},"end":{"line":17,"column":41}},"loc":{"start":{"line":24,"column":69},"end":{"line":57,"column":1}},"line":24},"1":{"name":"(anonymous_1)","decl":{"start":{"line":45,"column":29},"end":{"line":45,"column":30}},"loc":{"start":{"line":45,"column":35},"end":{"line":45,"column":65}},"line":45}},"branchMap":{"0":{"loc":{"start":{"line":22,"column":46},"end":{"line":22,"column":58}},"type":"default-arg","locations":[{"start":{"line":22,"column":54},"end":{"line":22,"column":58}}],"line":22},"1":{"loc":{"start":{"line":23,"column":46},"end":{"line":23,"column":71}},"type":"default-arg","locations":[{"start":{"line":23,"column":66},"end":{"line":23,"column":71}}],"line":23},"2":{"loc":{"start":{"line":49,"column":30},"end":{"line":49,"column":78}},"type":"cond-expr","locations":[{"start":{"line":49,"column":45},"end":{"line":49,"column":62}},{"start":{"line":49,"column":65},"end":{"line":49,"column":78}}],"line":49}},"s":{"0":3,"1":3,"2":0},"f":{"0":3,"1":0},"b":{"0":[3],"1":[3],"2":[0,3]},"_coverageSchema":"1a1c01bbd47fc00a2c39e90264f33305004495a9","hash":"7bfdfb731f8f1abc0035d078a4026785ff5be43c"}
,"C:\\mobile\\boycottproui\\src\\components\\labelAndField\\FormTextField.tsx": {"path":"C:\\mobile\\boycottproui\\src\\components\\labelAndField\\FormTextField.tsx","statementMap":{"0":{"start":{"line":30,"column":4},"end":{"line":67,"column":6}}},"fnMap":{"0":{"name":"FormTextField","decl":{"start":{"line":19,"column":24},"end":{"line":19,"column":37}},"loc":{"start":{"line":29,"column":48},"end":{"line":68,"column":1}},"line":29}},"branchMap":{"0":{"loc":{"start":{"line":25,"column":42},"end":{"line":25,"column":59}},"type":"default-arg","locations":[{"start":{"line":25,"column":54},"end":{"line":25,"column":59}}],"line":25},"1":{"loc":{"start":{"line":26,"column":42},"end":{"line":26,"column":54}},"type":"default-arg","locations":[{"start":{"line":26,"column":50},"end":{"line":26,"column":54}}],"line":26},"2":{"loc":{"start":{"line":27,"column":42},"end":{"line":27,"column":67}},"type":"default-arg","locations":[{"start":{"line":27,"column":62},"end":{"line":27,"column":67}}],"line":27},"3":{"loc":{"start":{"line":28,"column":42},"end":{"line":28,"column":58}},"type":"default-arg","locations":[{"start":{"line":28,"column":53},"end":{"line":28,"column":58}}],"line":28},"4":{"loc":{"start":{"line":36,"column":20},"end":{"line":39,"column":27}},"type":"binary-expr","locations":[{"start":{"line":36,"column":20},"end":{"line":36,"column":30}},{"start":{"line":37,"column":20},"end":{"line":39,"column":27}}],"line":36},"5":{"loc":{"start":{"line":42,"column":20},"end":{"line":52,"column":22}},"type":"binary-expr","locations":[{"start":{"line":42,"column":20},"end":{"line":42,"column":28}},{"start":{"line":43,"column":20},"end":{"line":52,"column":22}}],"line":42},"6":{"loc":{"start":{"line":55,"column":20},"end":{"line":64,"column":22}},"type":"binary-expr","locations":[{"start":{"line":55,"column":20},"end":{"line":55,"column":29}},{"start":{"line":56,"column":20},"end":{"line":64,"column":22}}],"line":55}},"s":{"0":18},"f":{"0":18},"b":{"0":[16],"1":[18],"2":[18],"3":[14],"4":[18,17],"5":[18,3],"6":[18,15]},"_coverageSchema":"1a1c01bbd47fc00a2c39e90264f33305004495a9","hash":"f1c067c1dd413742218e895b84b8587cca3f7000"}
,"C:\\mobile\\boycottproui\\src\\components\\reasonsForm\\ReasonsForm.tsx": {"path":"C:\\mobile\\boycottproui\\src\\components\\reasonsForm\\ReasonsForm.tsx","statementMap":{"0":{"start":{"line":58,"column":59},"end":{"line":58,"column":64}},"1":{"start":{"line":64,"column":32},"end":{"line":64,"column":56}},"2":{"start":{"line":65,"column":40},"end":{"line":65,"column":52}},"3":{"start":{"line":66,"column":46},"end":{"line":66,"column":70}},"4":{"start":{"line":67,"column":48},"end":{"line":67,"column":71}},"5":{"start":{"line":68,"column":34},"end":{"line":68,"column":49}},"6":{"start":{"line":69,"column":48},"end":{"line":69,"column":60}},"7":{"start":{"line":70,"column":40},"end":{"line":70,"column":64}},"8":{"start":{"line":71,"column":22},"end":{"line":71,"column":36}},"9":{"start":{"line":72,"column":32},"end":{"line":74,"column":119}},"10":{"start":{"line":75,"column":20},"end":{"line":75,"column":48}},"11":{"start":{"line":77,"column":4},"end":{"line":109,"column":11}},"12":{"start":{"line":78,"column":33},"end":{"line":107,"column":9}},"13":{"start":{"line":79,"column":12},"end":{"line":106,"column":13}},"14":{"start":{"line":80,"column":16},"end":{"line":80,"column":37}},"15":{"start":{"line":82,"column":16},"end":{"line":105,"column":17}},"16":{"start":{"line":83,"column":32},"end":{"line":83,"column":52}},"17":{"start":{"line":84,"column":35},"end":{"line":88,"column":23}},"18":{"start":{"line":84,"column":56},"end":{"line":88,"column":21}},"19":{"start":{"line":89,"column":20},"end":{"line":89,"column":38}},"20":{"start":{"line":92,"column":35},"end":{"line":92,"column":61}},"21":{"start":{"line":94,"column":24},"end":{"line":96,"column":65}},"22":{"start":{"line":97,"column":20},"end":{"line":102,"column":21}},"23":{"start":{"line":98,"column":24},"end":{"line":98,"column":55}},"24":{"start":{"line":98,"column":41},"end":{"line":98,"column":55}},"25":{"start":{"line":99,"column":24},"end":{"line":99,"column":31}},"26":{"start":{"line":101,"column":24},"end":{"line":101,"column":54}},"27":{"start":{"line":101,"column":37},"end":{"line":101,"column":54}},"28":{"start":{"line":104,"column":20},"end":{"line":104,"column":38}},"29":{"start":{"line":108,"column":8},"end":{"line":108,"column":27}},"30":{"start":{"line":111,"column":4},"end":{"line":123,"column":29}},"31":{"start":{"line":112,"column":8},"end":{"line":122,"column":9}},"32":{"start":{"line":113,"column":12},"end":{"line":113,"column":33}},"33":{"start":{"line":115,"column":29},"end":{"line":120,"column":28}},"34":{"start":{"line":117,"column":20},"end":{"line":118,"column":61}},"35":{"start":{"line":118,"column":42},"end":{"line":118,"column":60}},"36":{"start":{"line":121,"column":12},"end":{"line":121,"column":39}},"37":{"start":{"line":125,"column":4},"end":{"line":129,"column":24}},"38":{"start":{"line":126,"column":8},"end":{"line":128,"column":9}},"39":{"start":{"line":127,"column":12},"end":{"line":127,"column":71}},"40":{"start":{"line":131,"column":32},"end":{"line":144,"column":5}},"41":{"start":{"line":132,"column":25},"end":{"line":132,"column":78}},"42":{"start":{"line":132,"column":58},"end":{"line":132,"column":77}},"43":{"start":{"line":133,"column":31},"end":{"line":133,"column":46}},"44":{"start":{"line":135,"column":8},"end":{"line":139,"column":11}},"45":{"start":{"line":136,"column":12},"end":{"line":138,"column":13}},"46":{"start":{"line":136,"column":49},"end":{"line":136,"column":69}},"47":{"start":{"line":137,"column":16},"end":{"line":137,"column":39}},"48":{"start":{"line":140,"column":8},"end":{"line":140,"column":38}},"49":{"start":{"line":141,"column":8},"end":{"line":141,"column":30}},"50":{"start":{"line":142,"column":8},"end":{"line":142,"column":29}},"51":{"start":{"line":143,"column":8},"end":{"line":143,"column":26}},"52":{"start":{"line":147,"column":34},"end":{"line":149,"column":5}},"53":{"start":{"line":148,"column":8},"end":{"line":148,"column":59}},"54":{"start":{"line":148,"column":45},"end":{"line":148,"column":56}},"55":{"start":{"line":151,"column":29},"end":{"line":263,"column":5}},"56":{"start":{"line":152,"column":8},"end":{"line":152,"column":25}},"57":{"start":{"line":153,"column":25},"end":{"line":153,"column":78}},"58":{"start":{"line":153,"column":58},"end":{"line":153,"column":77}},"59":{"start":{"line":154,"column":41},"end":{"line":160,"column":9}},"60":{"start":{"line":158,"column":42},"end":{"line":158,"column":87}},"61":{"start":{"line":161,"column":8},"end":{"line":262,"column":9}},"62":{"start":{"line":162,"column":12},"end":{"line":180,"column":13}},"63":{"start":{"line":163,"column":33},"end":{"line":163,"column":59}},"64":{"start":{"line":164,"column":16},"end":{"line":164,"column":59}},"65":{"start":{"line":164,"column":31},"end":{"line":164,"column":59}},"66":{"start":{"line":167,"column":31},"end":{"line":167,"column":57}},"67":{"start":{"line":169,"column":20},"end":{"line":171,"column":61}},"68":{"start":{"line":172,"column":16},"end":{"line":177,"column":17}},"69":{"start":{"line":173,"column":20},"end":{"line":173,"column":51}},"70":{"start":{"line":173,"column":37},"end":{"line":173,"column":51}},"71":{"start":{"line":174,"column":20},"end":{"line":174,"column":27}},"72":{"start":{"line":176,"column":20},"end":{"line":176,"column":50}},"73":{"start":{"line":176,"column":33},"end":{"line":176,"column":50}},"74":{"start":{"line":179,"column":16},"end":{"line":179,"column":34}},"75":{"start":{"line":182,"column":12},"end":{"line":261,"column":13}},"76":{"start":{"line":184,"column":29},"end":{"line":184,"column":59}},"77":{"start":{"line":185,"column":53},"end":{"line":185,"column":71}},"78":{"start":{"line":186,"column":53},"end":{"line":186,"column":69}},"79":{"start":{"line":187,"column":47},"end":{"line":188,"column":48}},"80":{"start":{"line":188,"column":20},"end":{"line":188,"column":47}},"81":{"start":{"line":191,"column":46},"end":{"line":191,"column":79}},"82":{"start":{"line":192,"column":16},"end":{"line":197,"column":17}},"83":{"start":{"line":193,"column":20},"end":{"line":196,"column":23}},"84":{"start":{"line":198,"column":16},"end":{"line":240,"column":17}},"85":{"start":{"line":199,"column":48},"end":{"line":199,"column":53}},"86":{"start":{"line":200,"column":20},"end":{"line":206,"column":21}},"87":{"start":{"line":201,"column":24},"end":{"line":205,"column":25}},"88":{"start":{"line":202,"column":28},"end":{"line":204,"column":29}},"89":{"start":{"line":202,"column":58},"end":{"line":202,"column":91}},"90":{"start":{"line":203,"column":32},"end":{"line":203,"column":61}},"91":{"start":{"line":207,"column":20},"end":{"line":239,"column":21}},"92":{"start":{"line":209,"column":24},"end":{"line":215,"column":27}},"93":{"start":{"line":217,"column":24},"end":{"line":228,"column":25}},"94":{"start":{"line":217,"column":52},"end":{"line":217,"column":83}},"95":{"start":{"line":219,"column":28},"end":{"line":223,"column":31}},"96":{"start":{"line":224,"column":28},"end":{"line":227,"column":31}},"97":{"start":{"line":229,"column":24},"end":{"line":235,"column":27}},"98":{"start":{"line":242,"column":16},"end":{"line":249,"column":17}},"99":{"start":{"line":243,"column":20},"end":{"line":248,"column":23}},"100":{"start":{"line":250,"column":16},"end":{"line":250,"column":46}},"101":{"start":{"line":251,"column":16},"end":{"line":251,"column":46}},"102":{"start":{"line":252,"column":16},"end":{"line":252,"column":51}},"103":{"start":{"line":254,"column":16},"end":{"line":254,"column":71}},"104":{"start":{"line":254,"column":31},"end":{"line":254,"column":71}},"105":{"start":{"line":257,"column":28},"end":{"line":257,"column":83}},"106":{"start":{"line":258,"column":16},"end":{"line":258,"column":42}},"107":{"start":{"line":258,"column":29},"end":{"line":258,"column":42}},"108":{"start":{"line":260,"column":16},"end":{"line":260,"column":34}},"109":{"start":{"line":265,"column":26},"end":{"line":419,"column":5}},"110":{"start":{"line":266,"column":8},"end":{"line":266,"column":41}},"111":{"start":{"line":266,"column":34},"end":{"line":266,"column":41}},"112":{"start":{"line":267,"column":39},"end":{"line":267,"column":79}},"113":{"start":{"line":268,"column":8},"end":{"line":268,"column":25}},"114":{"start":{"line":269,"column":8},"end":{"line":269,"column":53}},"115":{"start":{"line":270,"column":8},"end":{"line":270,"column":45}},"116":{"start":{"line":271,"column":8},"end":{"line":271,"column":25}},"117":{"start":{"line":272,"column":8},"end":{"line":272,"column":25}},"118":{"start":{"line":273,"column":40},"end":{"line":289,"column":9}},"119":{"start":{"line":277,"column":64},"end":{"line":283,"column":13}},"120":{"start":{"line":284,"column":45},"end":{"line":287,"column":13}},"121":{"start":{"line":290,"column":8},"end":{"line":418,"column":9}},"122":{"start":{"line":291,"column":12},"end":{"line":309,"column":13}},"123":{"start":{"line":292,"column":16},"end":{"line":292,"column":58}},"124":{"start":{"line":293,"column":16},"end":{"line":293,"column":58}},"125":{"start":{"line":293,"column":31},"end":{"line":293,"column":58}},"126":{"start":{"line":296,"column":31},"end":{"line":296,"column":57}},"127":{"start":{"line":298,"column":20},"end":{"line":300,"column":61}},"128":{"start":{"line":301,"column":16},"end":{"line":306,"column":17}},"129":{"start":{"line":302,"column":20},"end":{"line":302,"column":51}},"130":{"start":{"line":302,"column":37},"end":{"line":302,"column":51}},"131":{"start":{"line":303,"column":20},"end":{"line":303,"column":27}},"132":{"start":{"line":305,"column":20},"end":{"line":305,"column":50}},"133":{"start":{"line":305,"column":33},"end":{"line":305,"column":50}},"134":{"start":{"line":308,"column":16},"end":{"line":308,"column":34}},"135":{"start":{"line":311,"column":12},"end":{"line":417,"column":13}},"136":{"start":{"line":315,"column":29},"end":{"line":315,"column":59}},"137":{"start":{"line":316,"column":51},"end":{"line":316,"column":69}},"138":{"start":{"line":317,"column":53},"end":{"line":317,"column":69}},"139":{"start":{"line":319,"column":16},"end":{"line":350,"column":17}},"140":{"start":{"line":324,"column":20},"end":{"line":348,"column":21}},"141":{"start":{"line":325,"column":24},"end":{"line":347,"column":25}},"142":{"start":{"line":326,"column":47},"end":{"line":327,"column":76}},"143":{"start":{"line":328,"column":45},"end":{"line":329,"column":78}},"144":{"start":{"line":331,"column":28},"end":{"line":332,"column":90}},"145":{"start":{"line":331,"column":62},"end":{"line":332,"column":88}},"146":{"start":{"line":333,"column":28},"end":{"line":338,"column":31}},"147":{"start":{"line":340,"column":52},"end":{"line":341,"column":76}},"148":{"start":{"line":342,"column":47},"end":{"line":343,"column":78}},"149":{"start":{"line":345,"column":28},"end":{"line":346,"column":104}},"150":{"start":{"line":345,"column":62},"end":{"line":346,"column":102}},"151":{"start":{"line":352,"column":16},"end":{"line":388,"column":17}},"152":{"start":{"line":355,"column":41},"end":{"line":356,"column":114}},"153":{"start":{"line":356,"column":24},"end":{"line":356,"column":113}},"154":{"start":{"line":357,"column":20},"end":{"line":387,"column":21}},"155":{"start":{"line":358,"column":24},"end":{"line":364,"column":26}},"156":{"start":{"line":366,"column":24},"end":{"line":372,"column":27}},"157":{"start":{"line":374,"column":24},"end":{"line":386,"column":25}},"158":{"start":{"line":374,"column":53},"end":{"line":374,"column":88}},"159":{"start":{"line":376,"column":28},"end":{"line":380,"column":30}},"160":{"start":{"line":382,"column":28},"end":{"line":385,"column":31}},"161":{"start":{"line":390,"column":16},"end":{"line":397,"column":17}},"162":{"start":{"line":391,"column":20},"end":{"line":396,"column":23}},"163":{"start":{"line":399,"column":16},"end":{"line":399,"column":46}},"164":{"start":{"line":400,"column":16},"end":{"line":400,"column":46}},"165":{"start":{"line":401,"column":16},"end":{"line":401,"column":51}},"166":{"start":{"line":404,"column":16},"end":{"line":409,"column":17}},"167":{"start":{"line":405,"column":20},"end":{"line":408,"column":23}},"168":{"start":{"line":410,"column":16},"end":{"line":410,"column":74}},"169":{"start":{"line":410,"column":31},"end":{"line":410,"column":74}},"170":{"start":{"line":413,"column":28},"end":{"line":413,"column":83}},"171":{"start":{"line":414,"column":16},"end":{"line":414,"column":42}},"172":{"start":{"line":414,"column":29},"end":{"line":414,"column":42}},"173":{"start":{"line":416,"column":16},"end":{"line":416,"column":34}},"174":{"start":{"line":421,"column":4},"end":{"line":527,"column":5}},"175":{"start":{"line":462,"column":32},"end":{"line":462,"column":52}}},"fnMap":{"0":{"name":"ReasonsForm","decl":{"start":{"line":48,"column":24},"end":{"line":48,"column":35}},"loc":{"start":{"line":63,"column":46},"end":{"line":528,"column":1}},"line":63},"1":{"name":"(anonymous_1)","decl":{"start":{"line":58,"column":53},"end":{"line":58,"column":54}},"loc":{"start":{"line":58,"column":59},"end":{"line":58,"column":64}},"line":58},"2":{"name":"(anonymous_2)","decl":{"start":{"line":61,"column":67},"end":{"line":61,"column":68}},"loc":{"start":{"line":61,"column":73},"end":{"line":61,"column":75}},"line":61},"3":{"name":"(anonymous_3)","decl":{"start":{"line":77,"column":14},"end":{"line":77,"column":15}},"loc":{"start":{"line":77,"column":20},"end":{"line":109,"column":5}},"line":77},"4":{"name":"(anonymous_4)","decl":{"start":{"line":78,"column":33},"end":{"line":78,"column":34}},"loc":{"start":{"line":78,"column":45},"end":{"line":107,"column":9}},"line":78},"5":{"name":"(anonymous_5)","decl":{"start":{"line":84,"column":43},"end":{"line":84,"column":44}},"loc":{"start":{"line":84,"column":56},"end":{"line":88,"column":21}},"line":84},"6":{"name":"(anonymous_6)","decl":{"start":{"line":111,"column":14},"end":{"line":111,"column":15}},"loc":{"start":{"line":111,"column":20},"end":{"line":123,"column":5}},"line":111},"7":{"name":"(anonymous_7)","decl":{"start":{"line":116,"column":24},"end":{"line":116,"column":25}},"loc":{"start":{"line":117,"column":20},"end":{"line":118,"column":61}},"line":117},"8":{"name":"(anonymous_8)","decl":{"start":{"line":118,"column":37},"end":{"line":118,"column":38}},"loc":{"start":{"line":118,"column":42},"end":{"line":118,"column":60}},"line":118},"9":{"name":"(anonymous_9)","decl":{"start":{"line":125,"column":14},"end":{"line":125,"column":15}},"loc":{"start":{"line":125,"column":20},"end":{"line":129,"column":5}},"line":125},"10":{"name":"(anonymous_10)","decl":{"start":{"line":131,"column":32},"end":{"line":131,"column":33}},"loc":{"start":{"line":131,"column":38},"end":{"line":144,"column":5}},"line":131},"11":{"name":"(anonymous_11)","decl":{"start":{"line":132,"column":46},"end":{"line":132,"column":47}},"loc":{"start":{"line":132,"column":58},"end":{"line":132,"column":77}},"line":132},"12":{"name":"(anonymous_12)","decl":{"start":{"line":135,"column":25},"end":{"line":135,"column":26}},"loc":{"start":{"line":135,"column":30},"end":{"line":139,"column":9}},"line":135},"13":{"name":"(anonymous_13)","decl":{"start":{"line":136,"column":37},"end":{"line":136,"column":38}},"loc":{"start":{"line":136,"column":49},"end":{"line":136,"column":69}},"line":136},"14":{"name":"(anonymous_14)","decl":{"start":{"line":147,"column":34},"end":{"line":147,"column":35}},"loc":{"start":{"line":147,"column":50},"end":{"line":149,"column":5}},"line":147},"15":{"name":"(anonymous_15)","decl":{"start":{"line":148,"column":40},"end":{"line":148,"column":41}},"loc":{"start":{"line":148,"column":45},"end":{"line":148,"column":56}},"line":148},"16":{"name":"(anonymous_16)","decl":{"start":{"line":151,"column":29},"end":{"line":151,"column":30}},"loc":{"start":{"line":151,"column":41},"end":{"line":263,"column":5}},"line":151},"17":{"name":"(anonymous_17)","decl":{"start":{"line":153,"column":46},"end":{"line":153,"column":47}},"loc":{"start":{"line":153,"column":58},"end":{"line":153,"column":77}},"line":153},"18":{"name":"(anonymous_18)","decl":{"start":{"line":158,"column":36},"end":{"line":158,"column":37}},"loc":{"start":{"line":158,"column":42},"end":{"line":158,"column":87}},"line":158},"19":{"name":"(anonymous_19)","decl":{"start":{"line":187,"column":63},"end":{"line":187,"column":64}},"loc":{"start":{"line":188,"column":20},"end":{"line":188,"column":47}},"line":188},"20":{"name":"(anonymous_20)","decl":{"start":{"line":202,"column":51},"end":{"line":202,"column":52}},"loc":{"start":{"line":202,"column":58},"end":{"line":202,"column":91}},"line":202},"21":{"name":"(anonymous_21)","decl":{"start":{"line":217,"column":45},"end":{"line":217,"column":46}},"loc":{"start":{"line":217,"column":52},"end":{"line":217,"column":83}},"line":217},"22":{"name":"(anonymous_22)","decl":{"start":{"line":265,"column":26},"end":{"line":265,"column":27}},"loc":{"start":{"line":265,"column":38},"end":{"line":419,"column":5}},"line":265},"23":{"name":"(anonymous_23)","decl":{"start":{"line":277,"column":47},"end":{"line":277,"column":48}},"loc":{"start":{"line":277,"column":64},"end":{"line":283,"column":13}},"line":277},"24":{"name":"(anonymous_24)","decl":{"start":{"line":284,"column":39},"end":{"line":284,"column":40}},"loc":{"start":{"line":284,"column":45},"end":{"line":287,"column":13}},"line":284},"25":{"name":"(anonymous_25)","decl":{"start":{"line":331,"column":55},"end":{"line":331,"column":56}},"loc":{"start":{"line":331,"column":62},"end":{"line":332,"column":88}},"line":331},"26":{"name":"(anonymous_26)","decl":{"start":{"line":345,"column":55},"end":{"line":345,"column":56}},"loc":{"start":{"line":345,"column":62},"end":{"line":346,"column":102}},"line":345},"27":{"name":"(anonymous_27)","decl":{"start":{"line":355,"column":57},"end":{"line":355,"column":58}},"loc":{"start":{"line":356,"column":24},"end":{"line":356,"column":113}},"line":356},"28":{"name":"(anonymous_28)","decl":{"start":{"line":374,"column":45},"end":{"line":374,"column":46}},"loc":{"start":{"line":374,"column":53},"end":{"line":374,"column":88}},"line":374},"29":{"name":"(anonymous_29)","decl":{"start":{"line":462,"column":26},"end":{"line":462,"column":27}},"loc":{"start":{"line":462,"column":32},"end":{"line":462,"column":52}},"line":462}},"branchMap":{"0":{"loc":{"start":{"line":58,"column":40},"end":{"line":58,"column":64}},"type":"default-arg","locations":[{"start":{"line":58,"column":53},"end":{"line":58,"column":64}}],"line":58},"1":{"loc":{"start":{"line":59,"column":40},"end":{"line":59,"column":59}},"type":"default-arg","locations":[{"start":{"line":59,"column":57},"end":{"line":59,"column":59}}],"line":59},"2":{"loc":{"start":{"line":60,"column":40},"end":{"line":60,"column":66}},"type":"default-arg","locations":[{"start":{"line":60,"column":64},"end":{"line":60,"column":66}}],"line":60},"3":{"loc":{"start":{"line":61,"column":40},"end":{"line":61,"column":75}},"type":"default-arg","locations":[{"start":{"line":61,"column":67},"end":{"line":61,"column":75}}],"line":61},"4":{"loc":{"start":{"line":72,"column":32},"end":{"line":74,"column":119}},"type":"cond-expr","locations":[{"start":{"line":73,"column":10},"end":{"line":73,"column":80}},{"start":{"line":74,"column":10},"end":{"line":74,"column":119}}],"line":72},"5":{"loc":{"start":{"line":73,"column":10},"end":{"line":73,"column":80}},"type":"binary-expr","locations":[{"start":{"line":73,"column":10},"end":{"line":73,"column":31}},{"start":{"line":73,"column":36},"end":{"line":73,"column":43}},{"start":{"line":73,"column":47},"end":{"line":73,"column":79}}],"line":73},"6":{"loc":{"start":{"line":74,"column":10},"end":{"line":74,"column":119}},"type":"binary-expr","locations":[{"start":{"line":74,"column":10},"end":{"line":74,"column":45}},{"start":{"line":74,"column":49},"end":{"line":74,"column":70}},{"start":{"line":74,"column":75},"end":{"line":74,"column":82}},{"start":{"line":74,"column":86},"end":{"line":74,"column":118}}],"line":74},"7":{"loc":{"start":{"line":79,"column":12},"end":{"line":106,"column":13}},"type":"if","locations":[{"start":{"line":79,"column":12},"end":{"line":106,"column":13}},{"start":{"line":81,"column":19},"end":{"line":106,"column":13}}],"line":79},"8":{"loc":{"start":{"line":92,"column":35},"end":{"line":92,"column":61}},"type":"binary-expr","locations":[{"start":{"line":92,"column":35},"end":{"line":92,"column":44}},{"start":{"line":92,"column":48},"end":{"line":92,"column":61}}],"line":92},"9":{"loc":{"start":{"line":94,"column":24},"end":{"line":96,"column":65}},"type":"binary-expr","locations":[{"start":{"line":94,"column":24},"end":{"line":94,"column":34}},{"start":{"line":95,"column":24},"end":{"line":95,"column":32}},{"start":{"line":96,"column":24},"end":{"line":96,"column":65}}],"line":94},"10":{"loc":{"start":{"line":97,"column":20},"end":{"line":102,"column":21}},"type":"if","locations":[{"start":{"line":97,"column":20},"end":{"line":102,"column":21}},{"start":{"line":100,"column":27},"end":{"line":102,"column":21}}],"line":97},"11":{"loc":{"start":{"line":98,"column":24},"end":{"line":98,"column":55}},"type":"if","locations":[{"start":{"line":98,"column":24},"end":{"line":98,"column":55}},{"start":{},"end":{}}],"line":98},"12":{"loc":{"start":{"line":101,"column":24},"end":{"line":101,"column":54}},"type":"if","locations":[{"start":{"line":101,"column":24},"end":{"line":101,"column":54}},{"start":{},"end":{}}],"line":101},"13":{"loc":{"start":{"line":112,"column":8},"end":{"line":122,"column":9}},"type":"if","locations":[{"start":{"line":112,"column":8},"end":{"line":122,"column":9}},{"start":{"line":114,"column":15},"end":{"line":122,"column":9}}],"line":112},"14":{"loc":{"start":{"line":117,"column":20},"end":{"line":118,"column":61}},"type":"binary-expr","locations":[{"start":{"line":117,"column":20},"end":{"line":117,"column":89}},{"start":{"line":118,"column":20},"end":{"line":118,"column":61}}],"line":117},"15":{"loc":{"start":{"line":126,"column":8},"end":{"line":128,"column":9}},"type":"if","locations":[{"start":{"line":126,"column":8},"end":{"line":128,"column":9}},{"start":{},"end":{}}],"line":126},"16":{"loc":{"start":{"line":136,"column":12},"end":{"line":138,"column":13}},"type":"if","locations":[{"start":{"line":136,"column":12},"end":{"line":138,"column":13}},{"start":{},"end":{}}],"line":136},"17":{"loc":{"start":{"line":159,"column":29},"end":{"line":159,"column":60}},"type":"cond-expr","locations":[{"start":{"line":159,"column":39},"end":{"line":159,"column":53}},{"start":{"line":159,"column":56},"end":{"line":159,"column":60}}],"line":159},"18":{"loc":{"start":{"line":161,"column":8},"end":{"line":262,"column":9}},"type":"if","locations":[{"start":{"line":161,"column":8},"end":{"line":262,"column":9}},{"start":{"line":181,"column":15},"end":{"line":262,"column":9}}],"line":161},"19":{"loc":{"start":{"line":164,"column":16},"end":{"line":164,"column":59}},"type":"if","locations":[{"start":{"line":164,"column":16},"end":{"line":164,"column":59}},{"start":{},"end":{}}],"line":164},"20":{"loc":{"start":{"line":167,"column":31},"end":{"line":167,"column":57}},"type":"binary-expr","locations":[{"start":{"line":167,"column":31},"end":{"line":167,"column":40}},{"start":{"line":167,"column":44},"end":{"line":167,"column":57}}],"line":167},"21":{"loc":{"start":{"line":169,"column":20},"end":{"line":171,"column":61}},"type":"binary-expr","locations":[{"start":{"line":169,"column":20},"end":{"line":169,"column":30}},{"start":{"line":170,"column":20},"end":{"line":170,"column":28}},{"start":{"line":171,"column":20},"end":{"line":171,"column":61}}],"line":169},"22":{"loc":{"start":{"line":172,"column":16},"end":{"line":177,"column":17}},"type":"if","locations":[{"start":{"line":172,"column":16},"end":{"line":177,"column":17}},{"start":{"line":175,"column":23},"end":{"line":177,"column":17}}],"line":172},"23":{"loc":{"start":{"line":173,"column":20},"end":{"line":173,"column":51}},"type":"if","locations":[{"start":{"line":173,"column":20},"end":{"line":173,"column":51}},{"start":{},"end":{}}],"line":173},"24":{"loc":{"start":{"line":176,"column":20},"end":{"line":176,"column":50}},"type":"if","locations":[{"start":{"line":176,"column":20},"end":{"line":176,"column":50}},{"start":{},"end":{}}],"line":176},"25":{"loc":{"start":{"line":192,"column":16},"end":{"line":197,"column":17}},"type":"if","locations":[{"start":{"line":192,"column":16},"end":{"line":197,"column":17}},{"start":{},"end":{}}],"line":192},"26":{"loc":{"start":{"line":200,"column":20},"end":{"line":206,"column":21}},"type":"if","locations":[{"start":{"line":200,"column":20},"end":{"line":206,"column":21}},{"start":{},"end":{}}],"line":200},"27":{"loc":{"start":{"line":202,"column":28},"end":{"line":204,"column":29}},"type":"if","locations":[{"start":{"line":202,"column":28},"end":{"line":204,"column":29}},{"start":{},"end":{}}],"line":202},"28":{"loc":{"start":{"line":207,"column":20},"end":{"line":239,"column":21}},"type":"if","locations":[{"start":{"line":207,"column":20},"end":{"line":239,"column":21}},{"start":{"line":237,"column":25},"end":{"line":239,"column":21}}],"line":207},"29":{"loc":{"start":{"line":217,"column":24},"end":{"line":228,"column":25}},"type":"if","locations":[{"start":{"line":217,"column":24},"end":{"line":228,"column":25}},{"start":{},"end":{}}],"line":217},"30":{"loc":{"start":{"line":242,"column":16},"end":{"line":249,"column":17}},"type":"if","locations":[{"start":{"line":242,"column":16},"end":{"line":249,"column":17}},{"start":{},"end":{}}],"line":242},"31":{"loc":{"start":{"line":242,"column":19},"end":{"line":242,"column":78}},"type":"binary-expr","locations":[{"start":{"line":242,"column":19},"end":{"line":242,"column":45}},{"start":{"line":242,"column":49},"end":{"line":242,"column":78}}],"line":242},"32":{"loc":{"start":{"line":254,"column":16},"end":{"line":254,"column":71}},"type":"if","locations":[{"start":{"line":254,"column":16},"end":{"line":254,"column":71}},{"start":{},"end":{}}],"line":254},"33":{"loc":{"start":{"line":257,"column":28},"end":{"line":257,"column":83}},"type":"binary-expr","locations":[{"start":{"line":257,"column":28},"end":{"line":257,"column":38}},{"start":{"line":257,"column":42},"end":{"line":257,"column":83}}],"line":257},"34":{"loc":{"start":{"line":258,"column":16},"end":{"line":258,"column":42}},"type":"if","locations":[{"start":{"line":258,"column":16},"end":{"line":258,"column":42}},{"start":{},"end":{}}],"line":258},"35":{"loc":{"start":{"line":266,"column":8},"end":{"line":266,"column":41}},"type":"if","locations":[{"start":{"line":266,"column":8},"end":{"line":266,"column":41}},{"start":{},"end":{}}],"line":266},"36":{"loc":{"start":{"line":278,"column":34},"end":{"line":280,"column":46}},"type":"cond-expr","locations":[{"start":{"line":279,"column":22},"end":{"line":279,"column":55}},{"start":{"line":280,"column":22},"end":{"line":280,"column":46}}],"line":278},"37":{"loc":{"start":{"line":288,"column":29},"end":{"line":288,"column":60}},"type":"cond-expr","locations":[{"start":{"line":288,"column":39},"end":{"line":288,"column":53}},{"start":{"line":288,"column":56},"end":{"line":288,"column":60}}],"line":288},"38":{"loc":{"start":{"line":290,"column":8},"end":{"line":418,"column":9}},"type":"if","locations":[{"start":{"line":290,"column":8},"end":{"line":418,"column":9}},{"start":{"line":310,"column":15},"end":{"line":418,"column":9}}],"line":290},"39":{"loc":{"start":{"line":293,"column":16},"end":{"line":293,"column":58}},"type":"if","locations":[{"start":{"line":293,"column":16},"end":{"line":293,"column":58}},{"start":{},"end":{}}],"line":293},"40":{"loc":{"start":{"line":296,"column":31},"end":{"line":296,"column":57}},"type":"binary-expr","locations":[{"start":{"line":296,"column":31},"end":{"line":296,"column":40}},{"start":{"line":296,"column":44},"end":{"line":296,"column":57}}],"line":296},"41":{"loc":{"start":{"line":298,"column":20},"end":{"line":300,"column":61}},"type":"binary-expr","locations":[{"start":{"line":298,"column":20},"end":{"line":298,"column":30}},{"start":{"line":299,"column":20},"end":{"line":299,"column":28}},{"start":{"line":300,"column":20},"end":{"line":300,"column":61}}],"line":298},"42":{"loc":{"start":{"line":301,"column":16},"end":{"line":306,"column":17}},"type":"if","locations":[{"start":{"line":301,"column":16},"end":{"line":306,"column":17}},{"start":{"line":304,"column":23},"end":{"line":306,"column":17}}],"line":301},"43":{"loc":{"start":{"line":302,"column":20},"end":{"line":302,"column":51}},"type":"if","locations":[{"start":{"line":302,"column":20},"end":{"line":302,"column":51}},{"start":{},"end":{}}],"line":302},"44":{"loc":{"start":{"line":305,"column":20},"end":{"line":305,"column":50}},"type":"if","locations":[{"start":{"line":305,"column":20},"end":{"line":305,"column":50}},{"start":{},"end":{}}],"line":305},"45":{"loc":{"start":{"line":324,"column":20},"end":{"line":348,"column":21}},"type":"if","locations":[{"start":{"line":324,"column":20},"end":{"line":348,"column":21}},{"start":{},"end":{}}],"line":324},"46":{"loc":{"start":{"line":325,"column":24},"end":{"line":347,"column":25}},"type":"if","locations":[{"start":{"line":325,"column":24},"end":{"line":347,"column":25}},{"start":{"line":339,"column":31},"end":{"line":347,"column":25}}],"line":325},"47":{"loc":{"start":{"line":331,"column":62},"end":{"line":332,"column":88}},"type":"binary-expr","locations":[{"start":{"line":331,"column":62},"end":{"line":331,"column":91}},{"start":{"line":332,"column":32},"end":{"line":332,"column":56}},{"start":{"line":332,"column":60},"end":{"line":332,"column":88}}],"line":331},"48":{"loc":{"start":{"line":345,"column":62},"end":{"line":346,"column":102}},"type":"binary-expr","locations":[{"start":{"line":345,"column":62},"end":{"line":345,"column":91}},{"start":{"line":346,"column":32},"end":{"line":346,"column":70}},{"start":{"line":346,"column":74},"end":{"line":346,"column":102}}],"line":345},"49":{"loc":{"start":{"line":356,"column":24},"end":{"line":356,"column":113}},"type":"binary-expr","locations":[{"start":{"line":356,"column":24},"end":{"line":356,"column":52}},{"start":{"line":356,"column":56},"end":{"line":356,"column":74}},{"start":{"line":356,"column":78},"end":{"line":356,"column":113}}],"line":356},"50":{"loc":{"start":{"line":357,"column":20},"end":{"line":387,"column":21}},"type":"if","locations":[{"start":{"line":357,"column":20},"end":{"line":387,"column":21}},{"start":{},"end":{}}],"line":357},"51":{"loc":{"start":{"line":374,"column":24},"end":{"line":386,"column":25}},"type":"if","locations":[{"start":{"line":374,"column":24},"end":{"line":386,"column":25}},{"start":{},"end":{}}],"line":374},"52":{"loc":{"start":{"line":390,"column":16},"end":{"line":397,"column":17}},"type":"if","locations":[{"start":{"line":390,"column":16},"end":{"line":397,"column":17}},{"start":{},"end":{}}],"line":390},"53":{"loc":{"start":{"line":390,"column":19},"end":{"line":390,"column":76}},"type":"binary-expr","locations":[{"start":{"line":390,"column":19},"end":{"line":390,"column":45}},{"start":{"line":390,"column":47},"end":{"line":390,"column":76}}],"line":390},"54":{"loc":{"start":{"line":404,"column":16},"end":{"line":409,"column":17}},"type":"if","locations":[{"start":{"line":404,"column":16},"end":{"line":409,"column":17}},{"start":{},"end":{}}],"line":404},"55":{"loc":{"start":{"li
[...]
mn":15}},"loc":{"start":{"line":37,"column":20},"end":{"line":42,"column":5}},"line":37},"3":{"name":"(anonymous_3)","decl":{"start":{"line":43,"column":27},"end":{"line":43,"column":28}},"loc":{"start":{"line":43,"column":39},"end":{"line":68,"column":5}},"line":43},"4":{"name":"(anonymous_4)","decl":{"start":{"line":76,"column":66},"end":{"line":76,"column":67}},"loc":{"start":{"line":76,"column":72},"end":{"line":76,"column":91}},"line":76},"5":{"name":"(anonymous_5)","decl":{"start":{"line":97,"column":49},"end":{"line":97,"column":50}},"loc":{"start":{"line":98,"column":32},"end":{"line":98,"column":102}},"line":98},"6":{"name":"(anonymous_6)","decl":{"start":{"line":105,"column":47},"end":{"line":105,"column":48}},"loc":{"start":{"line":106,"column":32},"end":{"line":106,"column":98}},"line":106}},"branchMap":{"0":{"loc":{"start":{"line":38,"column":8},"end":{"line":41,"column":9}},"type":"if","locations":[{"start":{"line":38,"column":8},"end":{"line":41,"column":9}},{"start":{},"end":{}}],"line":38},"1":{"loc":{"start":{"line":52,"column":27},"end":{"line":52,"column":53}},"type":"binary-expr","locations":[{"start":{"line":52,"column":27},"end":{"line":52,"column":36}},{"start":{"line":52,"column":40},"end":{"line":52,"column":53}}],"line":52},"2":{"loc":{"start":{"line":54,"column":16},"end":{"line":56,"column":57}},"type":"binary-expr","locations":[{"start":{"line":54,"column":16},"end":{"line":54,"column":26}},{"start":{"line":55,"column":16},"end":{"line":55,"column":24}},{"start":{"line":56,"column":16},"end":{"line":56,"column":57}}],"line":54},"3":{"loc":{"start":{"line":57,"column":12},"end":{"line":64,"column":13}},"type":"if","locations":[{"start":{"line":57,"column":12},"end":{"line":64,"column":13}},{"start":{"line":62,"column":19},"end":{"line":64,"column":13}}],"line":57},"4":{"loc":{"start":{"line":72,"column":18},"end":{"line":72,"column":47}},"type":"binary-expr","locations":[{"start":{"line":72,"column":18},"end":{"line":72,"column":25}},{"start":{"line":72,"column":29},"end":{"line":72,"column":47}}],"line":72},"5":{"loc":{"start":{"line":73,"column":18},"end":{"line":109,"column":23}},"type":"binary-expr","locations":[{"start":{"line":73,"column":18},"end":{"line":73,"column":26}},{"start":{"line":74,"column":20},"end":{"line":109,"column":23}}],"line":73},"6":{"loc":{"start":{"line":83,"column":28},"end":{"line":88,"column":31}},"type":"binary-expr","locations":[{"start":{"line":83,"column":28},"end":{"line":83,"column":51}},{"start":{"line":84,"column":28},"end":{"line":88,"column":31}}],"line":83},"7":{"loc":{"start":{"line":94,"column":28},"end":{"line":99,"column":30}},"type":"binary-expr","locations":[{"start":{"line":94,"column":28},"end":{"line":94,"column":39}},{"start":{"line":95,"column":28},"end":{"line":99,"column":30}}],"line":94},"8":{"loc":{"start":{"line":102,"column":28},"end":{"line":107,"column":30}},"type":"binary-expr","locations":[{"start":{"line":102,"column":28},"end":{"line":102,"column":38}},{"start":{"line":103,"column":28},"end":{"line":107,"column":30}}],"line":102}},"s":{"0":3,"1":3,"2":3,"3":3,"4":3,"5":3,"6":3,"7":3,"8":3,"9":3,"10":3,"11":1,"12":3,"13":1,"14":1,"15":1,"16":3,"17":2,"18":2,"19":2,"20":2,"21":2,"22":2,"23":0,"24":0,"25":0,"26":0,"27":0,"28":0,"29":0,"30":2,"31":3,"32":0,"33":0,"34":0},"f":{"0":3,"1":1,"2":1,"3":2,"4":0,"5":0,"6":0},"b":{"0":[1,0],"1":[0,0],"2":[0,0,0],"3":[0,0],"4":[3,1],"5":[3,2],"6":[2,0],"7":[2,2],"8":[2,0]},"_coverageSchema":"1a1c01bbd47fc00a2c39e90264f33305004495a9","hash":"e6a4df36a9ba78730ccfce8e87a7603607483dfc"}
,"C:\\mobile\\boycottproui\\src\\services\\AnonymousStatsService.ts": {"path":"C:\\mobile\\boycottproui\\src\\services\\AnonymousStatsService.ts","statementMap":{"0":{"start":{"line":14,"column":33},"end":{"line":44,"column":1}},"1":{"start":{"line":18,"column":4},"end":{"line":43,"column":5}},"2":{"start":{"line":19,"column":8},"end":{"line":35,"column":9}},"3":{"start":{"line":21,"column":16},"end":{"line":21,"column":93}},"4":{"start":{"line":23,"column":16},"end":{"line":23,"column":88}},"5":{"start":{"line":25,"column":16},"end":{"line":32,"column":18}},"6":{"start":{"line":34,"column":16},"end":{"line":34,"column":53}},"7":{"start":{"line":37,"column":8},"end":{"line":37,"column":71}},"8":{"start":{"line":38,"column":8},"end":{"line":42,"column":10}}},"fnMap":{"0":{"name":"(anonymous_0)","decl":{"start":{"line":14,"column":33},"end":{"line":14,"column":34}},"loc":{"start":{"line":17,"column":31},"end":{"line":44,"column":1}},"line":17}},"branchMap":{"0":{"loc":{"start":{"line":19,"column":8},"end":{"line":35,"column":9}},"type":"switch","locations":[{"start":{"line":20,"column":12},"end":{"line":21,"column":93}},{"start":{"line":22,"column":12},"end":{"line":23,"column":88}},{"start":{"line":24,"column":12},"end":{"line":32,"column":18}},{"start":{"line":33,"column":12},"end":{"line":34,"column":53}}],"line":19},"1":{"loc":{"start":{"line":41,"column":20},"end":{"line":41,"column":51}},"type":"binary-expr","locations":[{"start":{"line":41,"column":20},"end":{"line":41,"column":32}},{"start":{"line":41,"column":36},"end":{"line":41,"column":51}}],"line":41}},"s":{"0":1,"1":0,"2":0,"3":0,"4":0,"5":0,"6":0,"7":0,"8":0},"f":{"0":0},"b":{"0":[0,0,0,0],"1":[0,0]},"_coverageSchema":"1a1c01bbd47fc00a2c39e90264f33305004495a9","hash":"6ad8e4009ede99229fb94c8e1f0c25d294310f0f"}
,"C:\\mobile\\boycottproui\\src\\services\\LocalBoycottStore.ts": {"path":"C:\\mobile\\boycottproui\\src\\services\\LocalBoycottStore.ts","statementMap":{"0":{"start":{"line":10,"column":17},"end":{"line":10,"column":67}},"1":{"start":{"line":20,"column":31},"end":{"line":26,"column":1}},"2":{"start":{"line":28,"column":33},"end":{"line":124,"column":1}},"3":{"start":{"line":30,"column":8},"end":{"line":36,"column":9}},"4":{"start":{"line":31,"column":33},"end":{"line":31,"column":77}},"5":{"start":{"line":32,"column":12},"end":{"line":32,"column":44}},"6":{"start":{"line":34,"column":12},"end":{"line":34,"column":80}},"7":{"start":{"line":35,"column":12},"end":{"line":35,"column":29}},"8":{"start":{"line":40,"column":8},"end":{"line":40,"column":49}},"9":{"start":{"line":41,"column":8},"end":{"line":41,"column":76}},"10":{"start":{"line":45,"column":21},"end":{"line":45,"column":38}},"11":{"start":{"line":46,"column":8},"end":{"line":46,"column":41}},"12":{"start":{"line":47,"column":8},"end":{"line":47,"column":30}},"13":{"start":{"line":51,"column":8},"end":{"line":51,"column":35}},"14":{"start":{"line":61,"column":21},"end":{"line":61,"column":38}},"15":{"start":{"line":62,"column":8},"end":{"line":62,"column":34}},"16":{"start":{"line":66,"column":21},"end":{"line":66,"column":38}},"17":{"start":{"line":67,"column":8},"end":{"line":67,"column":37}},"18":{"start":{"line":68,"column":8},"end":{"line":68,"column":30}},"19":{"start":{"line":72,"column":21},"end":{"line":72,"column":38}},"20":{"start":{"line":73,"column":8},"end":{"line":73,"column":32}},"21":{"start":{"line":77,"column":8},"end":{"line":77,"column":35}},"22":{"start":{"line":81,"column":21},"end":{"line":81,"column":38}},"23":{"start":{"line":82,"column":8},"end":{"line":84,"column":9}},"24":{"start":{"line":83,"column":12},"end":{"line":83,"column":24}},"25":{"start":{"line":85,"column":28},"end":{"line":85,"column":42}},"26":{"start":{"line":86,"column":34},"end":{"line":86,"column":62}},"27":{"start":{"line":87,"column":8},"end":{"line":87,"column":47}},"28":{"start":{"line":91,"column":8},"end":{"line":105,"column":9}},"29":{"start":{"line":92,"column":40},"end":{"line":95,"column":14}},"30":{"start":{"line":97,"column":25},"end":{"line":97,"column":42}},"31":{"start":{"line":98,"column":12},"end":{"line":98,"column":43}},"32":{"start":{"line":99,"column":12},"end":{"line":99,"column":37}},"33":{"start":{"line":100,"column":12},"end":{"line":100,"column":41}},"34":{"start":{"line":102,"column":12},"end":{"line":102,"column":34}},"35":{"start":{"line":104,"column":12},"end":{"line":104,"column":75}},"36":{"start":{"line":109,"column":30},"end":{"line":109,"column":60}},"37":{"start":{"line":110,"column":8},"end":{"line":112,"column":9}},"38":{"start":{"line":111,"column":12},"end":{"line":111,"column":51}},"39":{"start":{"line":116,"column":21},"end":{"line":116,"column":38}},"40":{"start":{"line":117,"column":8},"end":{"line":117,"column":34}},"41":{"start":{"line":121,"column":21},"end":{"line":121,"column":38}},"42":{"start":{"line":122,"column":8},"end":{"line":122,"column":31}}},"fnMap":{"0":{"name":"(anonymous_0)","decl":{"start":{"line":29,"column":4},"end":{"line":29,"column":5}},"loc":{"start":{"line":29,"column":39},"end":{"line":37,"column":5}},"line":29},"1":{"name":"(anonymous_1)","decl":{"start":{"line":39,"column":4},"end":{"line":39,"column":5}},"loc":{"start":{"line":39,"column":49},"end":{"line":42,"column":5}},"line":39},"2":{"name":"(anonymous_2)","decl":{"start":{"line":44,"column":4},"end":{"line":44,"column":5}},"loc":{"start":{"line":44,"column":63},"end":{"line":48,"column":5}},"line":44},"3":{"name":"(anonymous_3)","decl":{"start":{"line":50,"column":4},"end":{"line":50,"column":5}},"loc":{"start":{"line":50,"column":37},"end":{"line":52,"column":5}},"line":50},"4":{"name":"(anonymous_4)","decl":{"start":{"line":60,"column":4},"end":{"line":60,"column":5}},"loc":{"start":{"line":60,"column":53},"end":{"line":63,"column":5}},"line":60},"5":{"name":"(anonymous_5)","decl":{"start":{"line":65,"column":4},"end":{"line":65,"column":5}},"loc":{"start":{"line":65,"column":57},"end":{"line":69,"column":5}},"line":65},"6":{"name":"(anonymous_6)","decl":{"start":{"line":71,"column":4},"end":{"line":71,"column":5}},"loc":{"start":{"line":71,"column":49},"end":{"line":74,"column":5}},"line":71},"7":{"name":"(anonymous_7)","decl":{"start":{"line":76,"column":4},"end":{"line":76,"column":5}},"loc":{"start":{"line":76,"column":33},"end":{"line":78,"column":5}},"line":76},"8":{"name":"(anonymous_8)","decl":{"start":{"line":80,"column":4},"end":{"line":80,"column":5}},"loc":{"start":{"line":80,"column":48},"end":{"line":88,"column":5}},"line":80},"9":{"name":"(anonymous_9)","decl":{"start":{"line":90,"column":4},"end":{"line":90,"column":5}},"loc":{"start":{"line":90,"column":53},"end":{"line":106,"column":5}},"line":90},"10":{"name":"(anonymous_10)","decl":{"start":{"line":108,"column":4},"end":{"line":108,"column":5}},"loc":{"start":{"line":108,"column":51},"end":{"line":113,"column":5}},"line":108},"11":{"name":"(anonymous_11)","decl":{"start":{"line":115,"column":4},"end":{"line":115,"column":5}},"loc":{"start":{"line":115,"column":48},"end":{"line":118,"column":5}},"line":115},"12":{"name":"(anonymous_12)","decl":{"start":{"line":120,"column":4},"end":{"line":120,"column":5}},"loc":{"start":{"line":120,"column":43},"end":{"line":123,"column":5}},"line":120}},"branchMap":{"0":{"loc":{"start":{"line":82,"column":8},"end":{"line":84,"column":9}},"type":"if","locations":[{"start":{"line":82,"column":8},"end":{"line":84,"column":9}},{"start":{},"end":{}}],"line":82},"1":{"loc":{"start":{"line":110,"column":8},"end":{"line":112,"column":9}},"type":"if","locations":[{"start":{"line":110,"column":8},"end":{"line":112,"column":9}},{"start":{},"end":{}}],"line":110}},"s":{"0":0,"1":0,"2":0,"3":0,"4":0,"5":0,"6":0,"7":0,"8":0,"9":0,"10":0,"11":0,"12":0,"13":0,"14":0,"15":0,"16":0,"17":0,"18":0,"19":0,"20":0,"21":0,"22":0,"23":0,"24":0,"25":0,"26":0,"27":0,"28":0,"29":0,"30":0,"31":0,"32":0,"33":0,"34":0,"35":0,"36":0,"37":0,"38":0,"39":0,"40":0,"41":0,"42":0},"f":{"0":0,"1":0,"2":0,"3":0,"4":0,"5":0,"6":0,"7":0,"8":0,"9":0,"10":0,"11":0,"12":0},"b":{"0":[0,0],"1":[0,0]}}
,"C:\\mobile\\boycottproui\\src\\types\\DataModels.ts": {"path":"C:\\mobile\\boycottproui\\src\\types\\DataModels.ts","statementMap":{},"fnMap":{},"branchMap":{},"s":{},"f":{},"b":{}}
,"C:\\mobile\\boycottproui\\src\\types\\types.ts": {"path":"C:\\mobile\\boycottproui\\src\\types\\types.ts","statementMap":{},"fnMap":{},"branchMap":{},"s":{},"f":{},"b":{}}
,"C:\\mobile\\boycottproui\\src\\types\\causecompanystats\\CauseCompanyStats.ts": {"path":"C:\\mobile\\boycottproui\\src\\types\\causecompanystats\\CauseCompanyStats.ts","statementMap":{},"fnMap":{},"branchMap":{},"s":{},"f":{},"b":{}}
,"C:\\mobile\\boycottproui\\src\\types\\causes\\Cause.ts": {"path":"C:\\mobile\\boycottproui\\src\\types\\causes\\Cause.ts","statementMap":{},"fnMap":{},"branchMap":{},"s":{},"f":{},"b":{}}
,"C:\\mobile\\boycottproui\\src\\types\\causes\\CauseMetadata.ts": {"path":"C:\\mobile\\boycottproui\\src\\types\\causes\\CauseMetadata.ts","statementMap":{},"fnMap":{},"branchMap":{},"s":{},"f":{},"b":{}}
,"C:\\mobile\\boycottproui\\src\\types\\causes\\CauseSummary.ts": {"path":"C:\\mobile\\boycottproui\\src\\types\\causes\\CauseSummary.ts","statementMap":{},"fnMap":{},"branchMap":{},"s":{},"f":{},"b":{}}
,"C:\\mobile\\boycottproui\\src\\types\\causes\\TopCause.ts": {"path":"C:\\mobile\\boycottproui\\src\\types\\causes\\TopCause.ts","statementMap":{},"fnMap":{},"branchMap":{},"s":{},"f":{},"b":{}}
,"C:\\mobile\\boycottproui\\src\\types\\companies\\Company.ts": {"path":"C:\\mobile\\boycottproui\\src\\types\\companies\\Company.ts","statementMap":{},"fnMap":{},"branchMap":{},"s":{},"f":{},"b":{}}
,"C:\\mobile\\boycottproui\\src\\types\\companies\\CompanyCause.ts": {"path":"C:\\mobile\\boycottproui\\src\\types\\companies\\CompanyCause.ts","statementMap":{},"fnMap":{},"branchMap":{},"s":{},"f":{},"b":{}}
,"C:\\mobile\\boycottproui\\src\\types\\companies\\CompanyData.ts": {"path":"C:\\mobile\\boycottproui\\src\\types\\companies\\CompanyData.ts","statementMap":{},"fnMap":{},"branchMap":{},"s":{},"f":{},"b":{}}
,"C:\\mobile\\boycottproui\\src\\types\\companies\\CompanyMetadata.ts": {"path":"C:\\mobile\\boycottproui\\src\\types\\companies\\CompanyMetadata.ts","statementMap":{},"fnMap":{},"branchMap":{},"s":{},"f":{},"b":{}}
,"C:\\mobile\\boycottproui\\src\\types\\companies\\CompanySummary.ts": {"path":"C:\\mobile\\boycottproui\\src\\types\\companies\\CompanySummary.ts","statementMap":{},"fnMap":{},"branchMap":{},"s":{},"f":{},"b":{}}
,"C:\\mobile\\boycottproui\\src\\types\\companies\\TopCompany.ts": {"path":"C:\\mobile\\boycottproui\\src\\types\\companies\\TopCompany.ts","statementMap":{},"fnMap":{},"branchMap":{},"s":{},"f":{},"b":{}}
,"C:\\mobile\\boycottproui\\src\\types\\misc\\ResponseMessage.ts": {"path":"C:\\mobile\\boycottproui\\src\\types\\misc\\ResponseMessage.ts","statementMap":{},"fnMap":{},"branchMap":{},"s":{},"f":{},"b":{}}
,"C:\\mobile\\boycottproui\\src\\types\\misc\\index.ts": {"path":"C:\\mobile\\boycottproui\\src\\types\\misc\\index.ts","statementMap":{},"fnMap":{},"branchMap":{},"s":{},"f":{},"b":{}}
,"C:\\mobile\\boycottproui\\src\\types\\users\\AddCausesForm.ts": {"path":"C:\\mobile\\boycottproui\\src\\types\\users\\AddCausesForm.ts","statementMap":{},"fnMap":{},"branchMap":{},"s":{},"f":{},"b":{}}
,"C:\\mobile\\boycottproui\\src\\types\\users\\AddUserBoycottForm.ts": {"path":"C:\\mobile\\boycottproui\\src\\types\\users\\AddUserBoycottForm.ts","statementMap":{},"fnMap":{},"branchMap":{},"s":{},"f":{},"b":{}}
,"C:\\mobile\\boycottproui\\src\\types\\users\\ChangeUsernameForm.ts": {"path":"C:\\mobile\\boycottproui\\src\\types\\users\\ChangeUsernameForm.ts","statementMap":{},"fnMap":{},"branchMap":{},"s":{},"f":{},"b":{}}
,"C:\\mobile\\boycottproui\\src\\types\\users\\CurrentReason.ts": {"path":"C:\\mobile\\boycottproui\\src\\types\\users\\CurrentReason.ts","statementMap":{},"fnMap":{},"branchMap":{},"s":{},"f":{},"b":{}}
,"C:\\mobile\\boycottproui\\src\\types\\users\\LocalUserBoycott.ts": {"path":"C:\\mobile\\boycottproui\\src\\types\\users\\LocalUserBoycott.ts","statementMap":{},"fnMap":{},"branchMap":{},"s":{},"f":{},"b":{}}
,"C:\\mobile\\boycottproui\\src\\types\\users\\LocalUserCause.ts": {"path":"C:\\mobile\\boycottproui\\src\\types\\users\\LocalUserCause.ts","statementMap":{},"fnMap":{},"branchMap":{},"s":{},"f":{},"b":{}}
,"C:\\mobile\\boycottproui\\src\\types\\users\\LoginForm.ts": {"path":"C:\\mobile\\boycottproui\\src\\types\\users\\LoginForm.ts","statementMap":{},"fnMap":{},"branchMap":{},"s":{},"f":{},"b":{}}
,"C:\\mobile\\boycottproui\\src\\types\\users\\NewReason.ts": {"path":"C:\\mobile\\boycottproui\\src\\types\\users\\NewReason.ts","statementMap":{},"fnMap":{},"branchMap":{},"s":{},"f":{},"b":{}}
,"C:\\mobile\\boycottproui\\src\\types\\users\\Reason.ts": {"path":"C:\\mobile\\boycottproui\\src\\types\\users\\Reason.ts","statementMap":{},"fnMap":{},"branchMap":{},"s":{},"f":{},"b":{}}
,"C:\\mobile\\boycottproui\\src\\types\\users\\RegisterForm.ts": {"path":"C:\\mobile\\boycottproui\\src\\types\\users\\RegisterForm.ts","statementMap":{},"fnMap":{},"branchMap":{},"s":{},"f":{},"b":{}}
,"C:\\mobile\\boycottproui\\src\\types\\users\\ResetPasswordForm.ts": {"path":"C:\\mobile\\boycottproui\\src\\types\\users\\ResetPasswordForm.ts","statementMap":{},"fnMap":{},"branchMap":{},"s":{},"f":{},"b":{}}
,"C:\\mobile\\boycottproui\\src\\types\\users\\UpdateReasonsForm.ts": {"path":"C:\\mobile\\boycottproui\\src\\types\\users\\UpdateReasonsForm.ts","statementMap":{},"fnMap":{},"branchMap":{},"s":{},"f":{},"b":{}}
,"C:\\mobile\\boycottproui\\src\\types\\users\\UpgradeUserForm.ts": {"path":"C:\\mobile\\boycottproui\\src\\types\\users\\UpgradeUserForm.ts","statementMap":{},"fnMap":{},"branchMap":{},"s":{},"f":{},"b":{}}
,"C:\\mobile\\boycottproui\\src\\types\\users\\User.ts": {"path":"C:\\mobile\\boycottproui\\src\\types\\users\\User.ts","statementMap":{},"fnMap":{},"branchMap":{},"s":{},"f":{},"b":{}}
,"C:\\mobile\\boycottproui\\src\\types\\users\\UserBoycott.ts": {"path":"C:\\mobile\\boycottproui\\src\\types\\users\\UserBoycott.ts","statementMap":{},"fnMap":{},"branchMap":{},"s":{},"f":{},"b":{}}
,"C:\\mobile\\boycottproui\\src\\types\\users\\UserCause.ts": {"path":"C:\\mobile\\boycottproui\\src\\types\\users\\UserCause.ts","statementMap":{},"fnMap":{},"branchMap":{},"s":{},"f":{},"b":{}}
,"C:\\mobile\\boycottproui\\src\\types\\users\\UserStats.ts": {"path":"C:\\mobile\\boycottproui\\src\\types\\users\\UserStats.ts","statementMap":{},"fnMap":{},"branchMap":{},"s":{},"f":{},"b":{}}
,"C:\\mobile\\boycottproui\\src\\types\\users\\index.ts": {"path":"C:\\mobile\\boycottproui\\src\\types\\users\\index.ts","statementMap":{},"fnMap":{},"branchMap":{},"s":{},"f":{},"b":{}}
,"C:\\mobile\\boycottproui\\src\\utils\\navigationHelpers.ts": {"path":"C:\\mobile\\boycottproui\\src\\utils\\navigationHelpers.ts","statementMap":{"0":{"start":{"line":1,"column":21},"end":{"line":2,"column":51}},"1":{"start":{"line":2,"column":4},"end":{"line":2,"column":51}},"2":{"start":{"line":2,"column":27},"end":{"line":2,"column":50}},"3":{"start":{"line":4,"column":35},"end":{"line":18,"column":1}},"4":{"start":{"line":11,"column":4},"end":{"line":17,"column":5}},"5":{"start":{"line":12,"column":8},"end":{"line":12,"column":25}},"6":{"start":{"line":13,"column":8},"end":{"line":13,"column":27}},"7":{"start":{"line":14,"column":8},"end":{"line":14,"column":41}},"8":{"start":{"line":16,"column":8},"end":{"line":16,"column":26}}},"fnMap":{"0":{"name":"(anonymous_0)","decl":{"start":{"line":1,"column":21},"end":{"line":1,"column":22}},"loc":{"start":{"line":2,"column":4},"end":{"line":2,"column":51}},"line":2},"1":{"name":"(anonymous_1)","decl":{"start":{"line":2,"column":16},"end":{"line":2,"column":17}},"loc":{"start":{"line":2,"column":27},"end":{"line":2,"column":50}},"line":2},"2":{"name":"(anonymous_2)","decl":{"start":{"line":4,"column":35},"end":{"line":4,"column":36}},"loc":{"start":{"line":10,"column":5},"end":{"line":18,"column":1}},"line":10}},"branchMap":{"0":{"loc":{"start":{"line":8,"column":4},"end":{"line":8,"column":16}},"type":"default-arg","locations":[{"start":{"line":8,"column":12},"end":{"line":8,"column":16}}],"line":8}},"s":{"0":1,"1":0,"2":0,"3":1,"4":0,"5":0,"6":0,"7":0,"8":0},"f":{"0":0,"1":0,"2":0},"b":{"0":[0]},"_coverageSchema":"1a1c01bbd47fc00a2c39e90264f33305004495a9","hash":"e4277d3226a6cfbccf8d141aeea8c117c586e80c"}
}
