TN:
SF:src\amplify.ts
FN:41,(anonymous_0)
FNF:1
FNH:0
FNDA:0,(anonymous_0)
DA:12,0
DA:23,0
DA:40,0
DA:41,0
DA:42,0
LF:5
LH:0
BRF:0
BRH:0
end_of_record
TN:
SF:src\api\api.ts
FN:8,(anonymous_0)
FN:11,(anonymous_1)
FN:20,(anonymous_2)
FN:25,(anonymous_3)
FN:35,(anonymous_4)
FN:60,(anonymous_5)
FN:64,(anonymous_6)
FN:68,(anonymous_7)
FN:77,(anonymous_8)
FNF:9
FNH:0
FNDA:0,(anonymous_0)
FNDA:0,(anonymous_1)
FNDA:0,(anonymous_2)
FNDA:0,(anonymous_3)
FNDA:0,(anonymous_4)
FNDA:0,(anonymous_5)
FNDA:0,(anonymous_6)
FNDA:0,(anonymous_7)
FNDA:0,(anonymous_8)
DA:8,2
DA:9,0
DA:10,0
DA:11,0
DA:13,0
DA:15,0
DA:17,0
DA:20,2
DA:21,0
DA:22,0
DA:25,2
DA:26,0
DA:27,0
DA:29,0
DA:30,0
DA:32,0
DA:35,2
DA:36,0
DA:39,0
DA:40,0
DA:42,0
DA:46,0
DA:50,0
DA:51,0
DA:52,0
DA:53,0
DA:56,0
DA:60,2
DA:61,0
DA:64,2
DA:65,0
DA:68,2
DA:69,0
DA:77,2
DA:78,0
LF:35
LH:8
BRDA:9,0,0,0
BRDA:9,0,1,0
BRDA:11,1,0,0
BRDA:11,1,1,0
BRDA:13,2,0,0
BRDA:13,2,1,0
BRDA:15,3,0,0
BRDA:15,3,1,0
BRDA:15,4,0,0
BRDA:15,4,1,0
BRDA:25,5,0,0
BRDA:26,6,0,0
BRDA:26,6,1,0
BRDA:29,7,0,0
BRDA:29,7,1,0
BRDA:35,8,0,0
BRDA:36,9,0,0
BRDA:40,10,0,0
BRDA:40,10,1,0
BRDA:50,11,0,0
BRDA:50,11,1,0
BRDA:50,12,0,0
BRDA:50,12,1,0
BRDA:52,13,0,0
BRDA:52,13,1,0
BRDA:60,14,0,0
BRDA:64,15,0,0
BRDA:68,16,0,0
BRDA:68,17,0,0
BRDA:77,18,0,0
BRDA:77,19,0,0
BRF:31
BRH:0
end_of_record
TN:
SF:src\api\causes.ts
FN:7,(anonymous_0)
FN:10,(anonymous_1)
FN:13,(anonymous_2)
FN:16,(anonymous_3)
FN:19,(anonymous_4)
FNF:5
FNH:0
FNDA:0,(anonymous_0)
FNDA:0,(anonymous_1)
FNDA:0,(anonymous_2)
FNDA:0,(anonymous_3)
FNDA:0,(anonymous_4)
DA:7,1
DA:8,0
DA:10,1
DA:11,0
DA:13,1
DA:14,0
DA:16,1
DA:17,0
DA:19,1
DA:20,0
LF:10
LH:5
BRF:0
BRH:0
end_of_record
TN:
SF:src\api\companies.ts
FN:9,(anonymous_0)
FN:12,(anonymous_1)
FN:15,(anonymous_2)
FN:18,(anonymous_3)
FN:21,(anonymous_4)
FN:24,(anonymous_5)
FN:27,(anonymous_6)
FNF:7
FNH:0
FNDA:0,(anonymous_0)
FNDA:0,(anonymous_1)
FNDA:0,(anonymous_2)
FNDA:0,(anonymous_3)
FNDA:0,(anonymous_4)
FNDA:0,(anonymous_5)
FNDA:0,(anonymous_6)
DA:9,0
DA:10,0
DA:12,0
DA:13,0
DA:15,0
DA:16,0
DA:18,0
DA:19,0
DA:21,0
DA:22,0
DA:24,0
DA:25,0
DA:27,0
DA:28,0
LF:14
LH:0
BRF:0
BRH:0
end_of_record
TN:
SF:src\api\misc.ts
FN:6,(anonymous_0)
FNF:1
FNH:0
FNDA:0,(anonymous_0)
DA:6,1
DA:7,0
LF:2
LH:1
BRF:0
BRH:0
end_of_record
TN:
SF:src\api\users.ts
FN:21,(anonymous_0)
FN:25,(anonymous_1)
FN:30,(anonymous_2)
FN:34,(anonymous_3)
FN:39,(anonymous_4)
FN:43,(anonymous_5)
FN:48,(anonymous_6)
FN:53,(anonymous_7)
FN:57,(anonymous_8)
FN:62,(anonymous_9)
FN:66,(anonymous_10)
FN:70,(anonymous_11)
FN:74,(anonymous_12)
FN:77,(anonymous_13)
FN:81,(anonymous_14)
FN:85,(anonymous_15)
FN:89,(anonymous_16)
FN:93,(anonymous_17)
FNF:18
FNH:0
FNDA:0,(anonymous_0)
FNDA:0,(anonymous_1)
FNDA:0,(anonymous_2)
FNDA:0,(anonymous_3)
FNDA:0,(anonymous_4)
FNDA:0,(anonymous_5)
FNDA:0,(anonymous_6)
FNDA:0,(anonymous_7)
FNDA:0,(anonymous_8)
FNDA:0,(anonymous_9)
FNDA:0,(anonymous_10)
FNDA:0,(anonymous_11)
FNDA:0,(anonymous_12)
FNDA:0,(anonymous_13)
FNDA:0,(anonymous_14)
FNDA:0,(anonymous_15)
FNDA:0,(anonymous_16)
FNDA:0,(anonymous_17)
DA:21,1
DA:22,0
DA:25,1
DA:26,0
DA:30,1
DA:31,0
DA:34,1
DA:35,0
DA:39,1
DA:40,0
DA:43,1
DA:44,0
DA:48,1
DA:49,0
DA:53,1
DA:54,0
DA:57,1
DA:58,0
DA:62,1
DA:63,0
DA:66,1
DA:67,0
DA:70,1
DA:71,0
DA:74,1
DA:75,0
DA:77,1
DA:78,0
DA:81,1
DA:82,0
DA:85,1
DA:86,0
DA:89,1
DA:90,0
DA:93,1
DA:94,0
LF:36
LH:18
BRF:0
BRH:0
end_of_record
TN:
SF:src\components\aiDescription\AiDescription.tsx
FN:13,(anonymous_0)
FN:42,(anonymous_1)
FNF:2
FNH:0
FNDA:0,(anonymous_0)
FNDA:0,(anonymous_1)
DA:13,1
DA:18,0
DA:43,0
DA:67,1
LF:4
LH:2
BRDA:21,0,0,0
BRDA:21,0,1,0
BRDA:29,1,0,0
BRDA:29,1,1,0
BRDA:37,2,0,0
BRDA:37,2,1,0
BRDA:37,2,2,0
BRDA:50,3,0,0
BRDA:50,3,1,0
BRF:9
BRH:0
end_of_record
TN:
SF:src\components\button\CenteredButton.tsx
FN:17,CenteredButton
FNF:1
FNH:1
FNDA:6,CenteredButton
DA:26,6
LF:1
LH:1
BRDA:19,0,0,5
BRDA:24,1,0,4
BRF:2
BRH:2
end_of_record
TN:
SF:src\components\button\ConditionalButton.tsx
FN:17,ConditionalButton
FNF:1
FNH:1
FNDA:6,ConditionalButton
DA:26,6
LF:1
LH:1
BRDA:19,0,0,6
BRDA:24,1,0,3
BRF:2
BRH:2
end_of_record
TN:
SF:src\components\common\LoadingOverlay.tsx
FN:5,LoadingOverlay
FNF:1
FNH:1
FNDA:13,LoadingOverlay
DA:6,13
DA:18,2
LF:2
LH:2
BRF:0
BRH:0
end_of_record
TN:
SF:src\components\companiesOrCauses\CompanyCausesList.tsx
FN:15,CompanyCausesList
FN:17,(anonymous_1)
FN:31,(anonymous_2)
FN:32,(anonymous_3)
FNF:4
FNH:0
FNDA:0,CompanyCausesList
FNDA:0,(anonymous_1)
FNDA:0,(anonymous_2)
FNDA:0,(anonymous_3)
DA:16,0
DA:17,0
DA:18,0
DA:19,0
DA:21,0
DA:22,0
DA:24,0
DA:28,0
DA:32,0
LF:9
LH:0
BRDA:15,0,0,0
BRDA:18,1,0,0
BRDA:18,1,1,0
BRDA:21,2,0,0
BRDA:21,2,1,0
BRDA:21,3,0,0
BRDA:21,3,1,0
BRDA:36,4,0,0
BRDA:36,4,1,0
BRDA:36,5,0,0
BRDA:36,5,1,0
BRDA:43,6,0,0
BRDA:43,6,1,0
BRF:13
BRH:0
end_of_record
TN:
SF:src\components\companiesOrCauses\SelectableCompanyCausesList.tsx
FN:15,SelectableCompanyCausesList
FN:23,(anonymous_1)
FN:43,(anonymous_2)
FN:46,(anonymous_3)
FNF:4
FNH:0
FNDA:0,SelectableCompanyCausesList
FNDA:0,(anonymous_1)
FNDA:0,(anonymous_2)
FNDA:0,(anonymous_3)
DA:23,0
DA:24,0
DA:25,0
DA:26,0
DA:27,0
DA:28,0
DA:29,0
DA:31,0
DA:32,0
DA:33,0
DA:38,0
DA:44,0
DA:46,0
LF:13
LH:0
BRDA:20,0,0,0
BRDA:21,1,0,0
BRDA:25,2,0,0
BRDA:25,2,1,0
BRDA:39,3,0,0
BRDA:39,3,1,0
BRDA:40,4,0,0
BRDA:40,4,1,0
BRDA:52,5,0,0
BRDA:52,5,1,0
BRDA:55,6,0,0
BRDA:55,6,1,0
BRDA:56,7,0,0
BRDA:56,7,1,0
BRDA:58,8,0,0
BRDA:58,8,1,0
BRDA:58,9,0,0
BRDA:58,9,1,0
BRDA:67,10,0,0
BRDA:67,10,1,0
BRDA:70,11,0,0
BRDA:70,11,1,0
BRDA:71,12,0,0
BRDA:71,12,1,0
BRDA:79,13,0,0
BRDA:79,13,1,0
BRDA:79,13,2,0
BRF:27
BRH:0
end_of_record
TN:
SF:src\components\companiesOrCauses\TrendsList.tsx
FN:24,deDuplicate
FN:42,TrendsList
FN:49,(anonymous_2)
FN:53,(anonymous_3)
FN:81,(anonymous_4)
FN:100,(anonymous_5)
FN:118,(anonymous_6)
FNF:7
FNH:0
FNDA:0,deDuplicate
FNDA:0,TrendsList
FNDA:0,(anonymous_2)
FNDA:0,(anonymous_3)
FNDA:0,(anonymous_4)
FNDA:0,(anonymous_5)
FNDA:0,(anonymous_6)
DA:25,0
DA:26,0
DA:27,0
DA:28,0
DA:33,0
DA:34,0
DA:35,0
DA:38,0
DA:49,0
DA:50,0
DA:51,0
DA:53,0
DA:54,0
DA:55,0
DA:56,0
DA:57,0
DA:61,0
DA:81,0
DA:100,0
DA:113,0
DA:119,0
LF:21
LH:0
BRDA:28,0,0,0
BRDA:28,0,1,0
BRDA:30,1,0,0
BRDA:30,1,1,0
BRDA:33,2,0,0
BRDA:33,2,1,0
BRDA:33,3,0,0
BRDA:33,3,1,0
BRDA:47,4,0,0
BRDA:54,5,0,0
BRDA:54,5,1,0
BRDA:54,6,0,0
BRDA:54,6,1,0
BRDA:56,7,0,0
BRDA:56,7,1,0
BRDA:56,8,0,0
BRDA:56,8,1,0
BRDA:64,9,0,0
BRDA:64,9,1,0
BRDA:70,10,0,0
BRDA:70,10,1,0
BRDA:74,11,0,0
BRDA:74,11,1,0
BRDA:78,12,0,0
BRDA:78,12,1,0
BRDA:89,13,0,0
BRDA:89,13,1,0
BRDA:93,14,0,0
BRDA:93,14,1,0
BRDA:97,15,0,0
BRDA:97,15,1,0
BRDA:119,16,0,0
BRDA:119,16,1,0
BRF:33
BRH:0
end_of_record
TN:
SF:src\components\customCheckbox\CustomCheckbox.tsx
FN:14,CustomCheckbox
FNF:1
FNH:1
FNDA:6,CustomCheckbox
DA:13,2
DA:23,6
LF:2
LH:2
BRDA:17,0,0,4
BRDA:18,1,0,5
BRDA:19,2,0,5
BRDA:25,3,0,6
BRDA:25,3,1,1
BRF:5
BRH:5
end_of_record
TN:
SF:src\components\headerBar\HeaderBar.tsx
FN:4,HeaderBar
FNF:1
FNH:1
FNDA:8,HeaderBar
DA:5,8
LF:1
LH:1
BRF:0
BRH:0
end_of_record
TN:
SF:src\components\homeBackButton\HomeBackButton.tsx
FN:10,HomeBackButton
FNF:1
FNH:0
FNDA:0,HomeBackButton
DA:11,0
LF:1
LH:0
BRF:0
BRH:0
end_of_record
TN:
SF:src\components\labelAndField\FormPasswordField.tsx
FN:17,FormPasswordField
FN:45,(anonymous_1)
FNF:2
FNH:1
FNDA:3,FormPasswordField
FNDA:0,(anonymous_1)
DA:25,3
DA:27,3
DA:45,0
LF:3
LH:2
BRDA:22,0,0,3
BRDA:23,1,0,3
BRDA:49,2,0,0
BRDA:49,2,1,3
BRF:4
BRH:3
end_of_record
TN:
SF:src\components\labelAndField\FormTextField.tsx
FN:19,FormTextField
FNF:1
FNH:1
FNDA:18,FormTextField
DA:30,18
LF:1
LH:1
BRDA:25,0,0,16
BRDA:26,1,0,18
BRDA:27,2,0,18
BRDA:28,3,0,14
BRDA:36,4,0,18
BRDA:36,4,1,17
BRDA:42,5,0,18
BRDA:42,5,1,3
BRDA:55,6,0,18
BRDA:55,6,1,15
BRF:10
BRH:10
end_of_record
TN:
SF:src\components\reasonsForm\ReasonsForm.tsx
FN:48,ReasonsForm
FN:58,(anonymous_1)
FN:61,(anonymous_2)
FN:77,(anonymous_3)
FN:78,(anonymous_4)
FN:84,(anonymous_5)
FN:111,(anonymous_6)
FN:116,(anonymous_7)
FN:118,(anonymous_8)
FN:125,(anonymous_9)
FN:131,(anonymous_10)
FN:132,(anonymous_11)
FN:135,(anonymous_12)
FN:136,(anonymous_13)
FN:147,(anonymous_14)
FN:148,(anonymous_15)
FN:151,(anonymous_16)
FN:153,(anonymous_17)
FN:158,(anonymous_18)
FN:187,(anonymous_19)
FN:202,(anonymous_20)
FN:217,(anonymous_21)
FN:265,(anonymous_22)
FN:277,(anonymous_23)
FN:284,(anonymous_24)
FN:331,(anonymous_25)
FN:345,(anonymous_26)
FN:355,(anonymous_27)
FN:374,(anonymous_28)
FN:462,(anonymous_29)
FNF:30
FNH:0
FNDA:0,ReasonsForm
FNDA:0,(anonymous_1)
FNDA:0,(anonymous_2)
FNDA:0,(anonymous_3)
FNDA:0,(anonymous_4)
FNDA:0,(anonymous_5)
FNDA:0,(anonymous_6)
FNDA:0,(anonymous_7)
FNDA:0,(anonymous_8)
FNDA:0,(anonymous_9)
FNDA:0,(anonymous_10)
FNDA:0,(anonymous_11)
FNDA:0,(anonymous_12)
FNDA:0,(anonymous_13)
FNDA:0,(anonymous_14)
FNDA:0,(anonymous_15)
FNDA:0,(anonymous_16)
FNDA:0,(anonymous_17)
FNDA:0,(anonymous_18)
FNDA:0,(anonymous_19)
FNDA:0,(anonymous_20)
FNDA:0,(anonymous_21)
FNDA:0,(anonymous_22)
FNDA:0,(anonymous_23)
FNDA:0,(anonymous_24)
FNDA:0,(anonymous_25)
FNDA:0,(anonymous_26)
FNDA:0,(anonymous_27)
FNDA:0,(anonymous_28)
FNDA:0,(anonymous_29)
DA:58,0
DA:64,0
DA:65,0
DA:66,0
DA:67,0
DA:68,0
DA:69,0
DA:70,0
DA:71,0
DA:72,0
DA:75,0
DA:77,0
DA:78,0
DA:79,0
DA:80,0
DA:82,0
DA:83,0
DA:84,0
DA:89,0
DA:92,0
DA:94,0
DA:97,0
DA:98,0
DA:99,0
DA:101,0
DA:104,0
DA:108,0
DA:111,0
DA:112,0
DA:113,0
DA:115,0
DA:117,0
DA:118,0
DA:121,0
DA:125,0
DA:126,0
DA:127,0
DA:131,0
DA:132,0
DA:133,0
DA:135,0
DA:136,0
DA:137,0
DA:140,0
DA:141,0
DA:142,0
DA:143,0
DA:147,0
DA:148,0
DA:151,0
DA:152,0
DA:153,0
DA:154,0
DA:158,0
DA:161,0
DA:162,0
DA:163,0
DA:164,0
DA:167,0
DA:169,0
DA:172,0
DA:173,0
DA:174,0
DA:176,0
DA:179,0
DA:182,0
DA:184,0
DA:185,0
DA:186,0
DA:187,0
DA:188,0
DA:191,0
DA:192,0
DA:193,0
DA:198,0
DA:199,0
DA:200,0
DA:201,0
DA:202,0
DA:203,0
DA:207,0
DA:209,0
DA:217,0
DA:219,0
DA:224,0
DA:229,0
DA:242,0
DA:243,0
DA:250,0
DA:251,0
DA:252,0
DA:254,0
DA:257,0
DA:258,0
DA:260,0
DA:265,0
DA:266,0
DA:267,0
DA:268,0
DA:269,0
DA:270,0
DA:271,0
DA:272,0
DA:273,0
DA:277,0
DA:284,0
DA:290,0
DA:291,0
DA:292,0
DA:293,0
DA:296,0
DA:298,0
DA:301,0
DA:302,0
DA:303,0
DA:305,0
DA:308,0
DA:311,0
DA:315,0
DA:316,0
DA:317,0
DA:319,0
DA:324,0
DA:325,0
DA:326,0
DA:328,0
DA:331,0
DA:333,0
DA:340,0
DA:342,0
DA:345,0
DA:352,0
DA:355,0
DA:356,0
DA:357,0
DA:358,0
DA:366,0
DA:374,0
DA:376,0
DA:382,0
DA:390,0
DA:391,0
DA:399,0
DA:400,0
DA:401,0
DA:404,0
DA:405,0
DA:410,0
DA:413,0
DA:414,0
DA:416,0
DA:421,0
DA:462,0
LF:153
LH:0
BRDA:58,0,0,0
BRDA:59,1,0,0
BRDA:60,2,0,0
BRDA:61,3,0,0
BRDA:72,4,0,0
BRDA:72,4,1,0
BRDA:73,5,0,0
BRDA:73,5,1,0
BRDA:73,5,2,0
BRDA:74,6,0,0
BRDA:74,6,1,0
BRDA:74,6,2,0
BRDA:74,6,3,0
BRDA:79,7,0,0
BRDA:79,7,1,0
BRDA:92,8,0,0
BRDA:92,8,1,0
BRDA:94,9,0,0
BRDA:94,9,1,0
BRDA:94,9,2,0
BRDA:97,10,0,0
BRDA:97,10,1,0
BRDA:98,11,0,0
BRDA:98,11,1,0
BRDA:101,12,0,0
BRDA:101,12,1,0
BRDA:112,13,0,0
BRDA:112,13,1,0
BRDA:117,14,0,0
BRDA:117,14,1,0
BRDA:126,15,0,0
BRDA:126,15,1,0
BRDA:136,16,0,0
BRDA:136,16,1,0
BRDA:159,17,0,0
BRDA:159,17,1,0
BRDA:161,18,0,0
BRDA:161,18,1,0
BRDA:164,19,0,0
BRDA:164,19,1,0
BRDA:167,20,0,0
BRDA:167,20,1,0
BRDA:169,21,0,0
BRDA:169,21,1,0
BRDA:169,21,2,0
BRDA:172,22,0,0
BRDA:172,22,1,0
BRDA:173,23,0,0
BRDA:173,23,1,0
BRDA:176,24,0,0
BRDA:176,24,1,0
BRDA:192,25,0,0
BRDA:192,25,1,0
BRDA:200,26,0,0
BRDA:200,26,1,0
BRDA:202,27,0,0
BRDA:202,27,1,0
BRDA:207,28,0,0
BRDA:207,28,1,0
BRDA:217,29,0,0
BRDA:217,29,1,0
BRDA:242,30,0,0
BRDA:242,30,1,0
BRDA:242,31,0,0
BRDA:242,31,1,0
BRDA:254,32,0,0
BRDA:254,32,1,0
BRDA:257,33,0,0
BRDA:257,33,1,0
BRDA:258,34,0,0
BRDA:258,34,1,0
BRDA:266,35,0,0
BRDA:266,35,1,0
BRDA:278,36,0,0
BRDA:278,36,1,0
BRDA:288,37,0,0
BRDA:288,37,1,0
BRDA:290,38,0,0
BRDA:290,38,1,0
BRDA:293,39,0,0
BRDA:293,39,1,0
BRDA:296,40,0,0
BRDA:296,40,1,0
BRDA:298,41,0,0
BRDA:298,41,1,0
BRDA:298,41,2,0
BRDA:301,42,0,0
BRDA:301,42,1,0
BRDA:302,43,0,0
BRDA:302,43,1,0
BRDA:305,44,0,0
BRDA:305,44,1,0
BRDA:324,45,0,0
BRDA:324,45,1,0
BRDA:325,46,0,0
BRDA:325,46,1,0
BRDA:331,47,0,0
BRDA:331,47,1,0
BRDA:331,47,2,0
BRDA:345,48,0,0
BRDA:345,48,1,0
BRDA:345,48,2,0
BRDA:356,49,0,0
BRDA:356,49,1,0
BRDA:356,49,2,0
BRDA:357,50,0,0
BRDA:357,50,1,0
BRDA:374,51,0,0
BRDA:374,51,1,0
BRDA:390,52,0,0
BRDA:390,52,1,0
BRDA:390,53,0,0
BRDA:390,53,1,0
BRDA:404,54,0,0
BRDA:404,54,1,0
BRDA:410,55,0,0
BRDA:410,55,1,0
BRDA:413,56,0,0
BRDA:413,56,1,0
BRDA:414,57,0,0
BRDA:414,57,1,0
BRDA:424,58,0,0
BRDA:424,58,1,0
BRDA:443,59,0,0
BRDA:443,59,1,0
BRDA:469,60,0,0
BRDA:469,60,1,0
BRDA:483,61,0,0
BRDA:483,61,1,0
BRDA:498,62,0,0
BRDA:498,62,1,0
BRDA:507,63,0,0
BRDA:507,63,1,0
BRDA:508,64,0,0
BRDA:508,64,1,0
BRF:135
BRH:0
end_of_record
TN:
SF:src\components\slogan\Slogan.tsx
FN:5,Slogan
FNF:1
FNH:0
FNDA:0,Slogan
DA:6,0
LF:1
LH:0
BRF:0
BRH:0
end_of_record
TN:
SF:src\components\statusBar\StatusBar.tsx
FN:4,StatusBar
FNF:1
FNH:0
FNDA:0,StatusBar
DA:5,0
LF:1
LH:0
BRF:0
BRH:0
end_of_record
TN:
SF:src\components\toggle\ToggleSection.tsx
FN:17,ToggleSection
FNF:1
FNH:0
FNDA:0,ToggleSection
DA:26,0
LF:1
LH:0
BRDA:21,0,0,0
BRDA:22,1,0,0
BRDA:23,2,0,0
BRDA:24,3,0,0
BRDA:35,4,0,0
BRDA:35,4,1,0
BRDA:43,5,0,0
BRDA:43,5,1,0
BRDA:45,6,0,0
BRDA:45,6,1,0
BRDA:45,6,2,0
BRDA:46,7,0,0
BRDA:46,7,1,0
BRDA:46,7,2,0
BRF:14
BRH:0
end_of_record
TN:
SF:src\context\UserContext.tsx
FN:17,getUserProfileFromApiUsingJwt
FN:37,(anonymous_1)
FN:40,(anonymous_2)
FN:44,(anonymous_3)
FN:54,(anonymous_4)
FN:55,(anonymous_5)
FN:65,(anonymous_6)
FN:70,(anonymous_7)
FN:74,(anonymous_8)
FN:90,(anonymous_9)
FN:94,(anonymous_10)
FN:140,(anonymous_11)
FN:154,(anonymous_12)
FNF:13
FNH:0
FNDA:0,getUserProfileFromApiUsingJwt
FNDA:0,(anonymous_1)
FNDA:0,(anonymous_2)
FNDA:0,(anonymous_3)
FNDA:0,(anonymous_4)
FNDA:0,(anonymous_5)
FNDA:0,(anonymous_6)
FNDA:0,(anonymous_7)
FNDA:0,(anonymous_8)
FNDA:0,(anonymous_9)
FNDA:0,(anonymous_10)
FNDA:0,(anonymous_11)
FNDA:0,(anonymous_12)
DA:18,0
DA:19,0
DA:21,0
DA:22,0
DA:34,0
DA:40,0
DA:41,0
DA:42,0
DA:44,0
DA:45,0
DA:46,0
DA:47,0
DA:49,0
DA:54,0
DA:55,0
DA:56,0
DA:57,0
DA:58,0
DA:60,0
DA:65,0
DA:67,0
DA:70,0
DA:74,0
DA:75,0
DA:76,0
DA:77,0
DA:78,0
DA:90,0
DA:91,0
DA:94,0
DA:98,0
DA:99,0
DA:100,0
DA:103,0
DA:104,0
DA:105,0
DA:108,0
DA:109,0
DA:110,0
DA:111,0
DA:112,0
DA:115,0
DA:119,0
DA:120,0
DA:121,0
DA:128,0
DA:129,0
DA:130,0
DA:131,0
DA:132,0
DA:133,0
DA:135,0
DA:140,0
DA:141,0
DA:142,0
DA:143,0
DA:145,0
DA:146,0
DA:150,0
DA:154,0
DA:155,0
DA:156,0
DA:159,0
LF:63
LH:0
BRDA:46,0,0,0
BRDA:46,0,1,0
BRDA:58,1,0,0
BRDA:58,1,1,0
BRDA:103,2,0,0
BRDA:103,2,1,0
BRDA:108,3,0,0
BRDA:108,3,1,0
BRDA:108,4,0,0
BRDA:108,4,1,0
BRDA:119,5,0,0
BRDA:119,5,1,0
BRDA:132,6,0,0
BRDA:132,6,1,0
BRF:14
BRH:0
end_of_record
TN:
SF:src\debug\fetchLogger.ts
FN:2,installFetchLogger
FN:7,(anonymous_1)
FNF:2
FNH:0
FNDA:0,installFetchLogger
FNDA:0,(anonymous_1)
DA:4,0
DA:7,0
DA:10,0
DA:12,0
DA:15,0
DA:16,0
DA:17,0
DA:19,0
DA:23,0
DA:24,0
DA:27,0
DA:28,0
DA:29,0
DA:30,0
DA:31,0
DA:32,0
DA:33,0
DA:38,0
DA:40,0
DA:41,0
DA:43,0
DA:47,0
LF:22
LH:0
BRDA:12,0,0,0
BRDA:12,0,1,0
BRDA:14,1,0,0
BRDA:14,1,1,0
BRDA:19,2,0,0
BRDA:19,2,1,0
BRDA:19,2,2,0
BRDA:19,2,3,0
BRDA:23,3,0,0
BRDA:23,3,1,0
BRDA:24,4,0,0
BRDA:24,4,1,0
BRDA:29,5,0,0
BRDA:29,5,1,0
BRDA:40,6,0,0
BRDA:40,6,1,0
BRDA:41,7,0,0
BRDA:41,7,1,0
BRF:18
BRH:0
end_of_record
TN:
SF:src\debug\xhrLogger.ts
FN:2,installXHRLogger
FN:11,(anonymous_1)
FN:16,(anonymous_2)
FN:32,(anonymous_3)
FN:41,(anonymous_4)
FNF:5
FNH:0
FNDA:0,installXHRLogger
FNDA:0,(anonymous_1)
FNDA:0,(anonymous_2)
FNDA:0,(anonymous_3)
FNDA:0,(anonymous_4)
DA:3,0
DA:4,0
DA:5,0
DA:8,0
DA:9,0
DA:11,0
DA:12,0
DA:13,0
DA:16,0
DA:17,0
DA:18,0
DA:19,0
DA:20,0
DA:21,0
DA:23,0
DA:26,0
DA:27,0
DA:29,0
DA:30,0
DA:32,0
DA:33,0
DA:34,0
DA:35,0
DA:36,0
DA:37,0
DA:41,0
DA:42,0
DA:46,0
DA:49,0
DA:50,0
LF:30
LH:0
BRDA:4,0,0,0
BRDA:4,0,1,0
BRDA:4,1,0,0
BRDA:4,1,1,0
BRDA:17,2,0,0
BRDA:17,2,1,0
BRDA:18,3,0,0
BRDA:18,3,1,0
BRDA:21,4,0,0
BRDA:21,4,1,0
BRDA:23,5,0,0
BRDA:23,5,1,0
BRDA:23,5,2,0
BRDA:26,6,0,0
BRDA:26,6,1,0
BRDA:29,7,0,0
BRDA:29,7,1,0
BRDA:36,8,0,0
BRDA:36,8,1,0
BRF:19
BRH:0
end_of_record
TN:
SF:src\helpers\DateUtil.ts
FN:3,(anonymous_0)
FNF:1
FNH:0
FNDA:0,(anonymous_0)
DA:3,2
DA:5,0
DA:6,0
DA:7,0
LF:4
LH:1
BRF:0
BRH:0
end_of_record
TN:
SF:src\screens\causeDetailsScreen\CauseDetailsScreen.tsx
FN:35,CauseDetailsScreen
FN:54,(anonymous_1)
FN:55,(anonymous_2)
FN:56,(anonymous_3)
FN:62,(anonymous_4)
FN:101,(anonymous_5)
FN:134,(anonymous_6)
FN:145,(anonymous_7)
FN:147,(anonymous_8)
FN:160,(anonymous_9)
FN:178,(anonymous_10)
FN:181,(anonymous_11)
FN:225,(anonymous_12)
FN:252,(anonymous_13)
FN:285,(anonymous_14)
FN:302,reset
FN:313,(anonymous_16)
FNF:17
FNH:3
FNDA:2,CauseDetailsScreen
FNDA:0,(anonymous_1)
FNDA:0,(anonymous_2)
FNDA:0,(anonymous_3)
FNDA:1,(anonymous_4)
FNDA:0,(anonymous_5)
FNDA:0,(anonymous_6)
FNDA:0,(anonymous_7)
FNDA:0,(anonymous_8)
FNDA:0,(anonymous_9)
FNDA:1,(anonymous_10)
FNDA:0,(anonymous_11)
FNDA:0,(anonymous_12)
FNDA:0,(anonymous_13)
FNDA:0,(anonymous_14)
FNDA:0,reset
FNDA:0,(anonymous_16)
DA:36,2
DA:37,2
DA:39,2
DA:40,2
DA:41,2
DA:42,2
DA:43,2
DA:44,2
DA:45,2
DA:46,2
DA:47,2
DA:48,2
DA:49,2
DA:50,2
DA:51,2
DA:52,2
DA:53,2
DA:54,2
DA:55,0
DA:56,2
DA:57,0
DA:58,0
DA:59,0
DA:60,0
DA:62,2
DA:63,1
DA:64,1
DA:65,1
DA:66,1
DA:67,1
DA:68,1
DA:69,0
DA:70,0
DA:71,0
DA:74,1
DA:76,1
DA:79,1
DA:81,0
DA:82,0
DA:83,0
DA:85,1
DA:88,1
DA:89,0
DA:90,0
DA:91,0
DA:92,0
DA:93,0
DA:95,0
DA:98,0
DA:99,0
DA:100,0
DA:101,0
DA:108,0
DA:110,0
DA:113,0
DA:115,0
DA:116,0
DA:117,0
DA:119,0
DA:122,0
DA:125,0
DA:126,0
DA:127,0
DA:128,0
DA:134,0
DA:135,0
DA:136,0
DA:137,0
DA:138,0
DA:140,0
DA:141,0
DA:143,0
DA:145,0
DA:146,0
DA:148,0
DA:153,0
DA:158,0
DA:159,0
DA:160,0
DA:168,0
DA:169,0
DA:171,0
DA:175,1
DA:178,2
DA:179,1
DA:181,2
DA:182,0
DA:187,0
DA:188,0
DA:189,0
DA:193,0
DA:197,0
DA:198,0
DA:199,0
DA:200,0
DA:201,0
DA:204,0
DA:206,0
DA:209,0
DA:211,0
DA:212,0
DA:213,0
DA:215,0
DA:218,0
DA:221,0
DA:222,0
DA:223,0
DA:224,0
DA:225,0
DA:227,0
DA:232,0
DA:239,0
DA:240,0
DA:241,0
DA:242,0
DA:245,0
DA:246,0
DA:248,0
DA:252,2
DA:253,0
DA:258,0
DA:259,0
DA:260,0
DA:261,0
DA:262,0
DA:263,0
DA:266,0
DA:268,0
DA:271,0
DA:273,0
DA:274,0
DA:275,0
DA:277,0
DA:280,0
DA:283,0
DA:284,0
DA:285,0
DA:286,0
DA:287,0
DA:291,0
DA:292,0
DA:295,0
DA:296,0
DA:298,0
DA:303,0
DA:305,2
DA:314,0
LF:147
LH:37
BRDA:74,0,0,1
BRDA:74,0,1,1
BRDA:76,1,0,1
BRDA:76,1,1,0
BRDA:76,1,2,0
BRDA:79,2,0,0
BRDA:79,2,1,1
BRDA:88,3,0,0
BRDA:88,3,1,1
BRDA:89,4,0,0
BRDA:89,4,1,0
BRDA:92,5,0,0
BRDA:92,5,1,0
BRDA:100,6,0,0
BRDA:100,6,1,0
BRDA:108,7,0,0
BRDA:108,7,1,0
BRDA:110,8,0,0
BRDA:110,8,1,0
BRDA:110,8,2,0
BRDA:113,9,0,0
BRDA:113,9,1,0
BRDA:136,10,0,0
BRDA:136,10,1,0
BRDA:140,11,0,0
BRDA:140,11,1,0
BRDA:159,12,0,0
BRDA:159,12,1,0
BRDA:168,13,0,0
BRDA:168,13,1,0
BRDA:197,14,0,0
BRDA:197,14,1,0
BRDA:204,15,0,0
BRDA:204,15,1,0
BRDA:206,16,0,0
BRDA:206,16,1,0
BRDA:206,16,2,0
BRDA:209,17,0,0
BRDA:209,17,1,0
BRDA:225,18,0,0
BRDA:225,18,1,0
BRDA:245,19,0,0
BRDA:245,19,1,0
BRDA:259,20,0,0
BRDA:259,20,1,0
BRDA:266,21,0,0
BRDA:266,21,1,0
BRDA:268,22,0,0
BRDA:268,22,1,0
BRDA:268,22,2,0
BRDA:271,23,0,0
BRDA:271,23,1,0
BRDA:295,24,0,0
BRDA:295,24,1,0
BRDA:309,25,0,2
BRDA:309,25,1,1
BRDA:310,26,0,2
BRDA:310,26,1,1
BRDA:318,27,0,1
BRDA:318,27,1,1
BRDA:330,28,0,1
BRDA:330,28,1,0
BRDA:339,29,0,1
BRDA:339,29,1,0
BRDA:345,30,0,1
BRDA:345,30,1,0
BRDA:351,31,0,1
BRDA:351,31,1,0
BRDA:357,32,0,1
BRDA:357,32,1,0
BRDA:364,33,0,1
BRDA:364,33,1,1
BRDA:364,33,2,1
BRDA:370,34,0,1
BRDA:370,34,1,1
BRDA:381,35,0,1
BRDA:381,35,1,0
BRDA:394,36,0,2
BRDA:394,36,1,0
BRF:79
BRH:23
end_of_record
TN:
SF:src\screens\companyDetailsScreen\CompanyDetailsScreen.tsx
FN:50,(anonymous_0)
FN:58,CompanyDetailsScreen
FN:85,(anonymous_2)
FN:86,(anonymous_3)
FN:87,(anonymous_4)
FN:93,(anonymous_5)
FN:101,(anonymous_6)
FN:110,(anonymous_7)
FN:156,(anonymous_8)
FN:181,(anonymous_9)
FN:191,(anonymous_10)
FN:200,(anonymous_11)
FN:201,(anonymous_12)
FN:208,(anonymous_13)
FN:226,(anonymous_14)
FN:232,(anonymous_15)
FN:262,(anonymous_16)
FN:265,(anonymous_17)
FN:299,(anonymous_18)
FN:301,(anonymous_19)
FN:334,(anonymous_20)
FN:340,(anonymous_21)
FN:343,(anonymous_22)
FN:354,(anonymous_23)
FN:469,(anonymous_24)
FN:473,(anonymous_25)
FN:492,(anonymous_26)
FN:496,(anonymous_27)
FNF:28
FNH:3
FNDA:0,(anonymous_0)
FNDA:2,CompanyDetailsScreen
FNDA:0,(anonymous_2)
FNDA:0,(anonymous_3)
FNDA:0,(anonymous_4)
FNDA:0,(anonymous_5)
FNDA:1,(anonymous_6)
FNDA:0,(anonymous_7)
FNDA:0,(anonymous_8)
FNDA:0,(anonymous_9)
FNDA:0,(anonymous_10)
FNDA:0,(anonymous_11)
FNDA:0,(anonymous_12)
FNDA:0,(anonymous_13)
FNDA:0,(anonymous_14)
FNDA:0,(anonymous_15)
FNDA:1,(anonymous_16)
FNDA:0,(anonymous_17)
FNDA:0,(anonymous_18)
FNDA:0,(anonymous_19)
FNDA:0,(anonymous_20)
FNDA:0,(anonymous_21)
FNDA:0,(anonymous_22)
FNDA:0,(anonymous_23)
FNDA:0,(anonymous_24)
FNDA:0,(anonymous_25)
FNDA:0,(anonymous_26)
FNDA:0,(anonymous_27)
DA:50,1
DA:51,0
DA:60,2
DA:61,2
DA:62,2
DA:63,2
DA:64,2
DA:65,2
DA:66,2
DA:68,2
DA:69,2
DA:70,2
DA:71,2
DA:72,2
DA:73,2
DA:74,2
DA:75,2
DA:77,2
DA:78,2
DA:79,2
DA:81,2
DA:82,2
DA:83,2
DA:84,2
DA:85,2
DA:86,0
DA:87,2
DA:88,0
DA:89,0
DA:90,0
DA:91,0
DA:93,2
DA:94,0
DA:95,0
DA:96,0
DA:97,0
DA:99,0
DA:101,2
DA:102,1
DA:103,1
DA:104,1
DA:105,1
DA:106,1
DA:107,1
DA:109,1
DA:110,0
DA:111,0
DA:112,0
DA:115,0
DA:116,0
DA:117,0
DA:118,0
DA:119,0
DA:122,0
DA:128,0
DA:130,0
DA:134,0
DA:135,0
DA:136,0
DA:138,1
DA:139,1
DA:140,1
DA:141,1
DA:142,0
DA:143,0
DA:144,0
DA:146,1
DA:148,1
DA:149,1
DA:150,0
DA:151,0
DA:152,0
DA:153,0
DA:154,0
DA:155,0
DA:156,0
DA:161,0
DA:164,0
DA:166,0
DA:169,0
DA:171,0
DA:172,0
DA:173,0
DA:175,0
DA:179,0
DA:180,0
DA:181,0
DA:182,0
DA:183,0
DA:190,0
DA:191,0
DA:192,0
DA:199,0
DA:200,0
DA:202,0
DA:203,0
DA:204,0
DA:206,0
DA:207,0
DA:208,0
DA:213,0
DA:216,0
DA:217,0
DA:221,1
DA:223,1
DA:224,0
DA:225,0
DA:226,0
DA:231,0
DA:232,0
DA:233,0
DA:239,0
DA:242,0
DA:244,0
DA:247,0
DA:249,0
DA:250,0
DA:251,0
DA:253,0
DA:256,0
DA:259,1
DA:262,2
DA:263,1
DA:265,2
DA:266,0
DA:271,0
DA:272,0
DA:273,0
DA:274,0
DA:275,0
DA:276,0
DA:279,0
DA:281,0
DA:284,0
DA:286,0
DA:287,0
DA:288,0
DA:290,0
DA:293,0
DA:296,0
DA:298,0
DA:299,0
DA:300,0
DA:301,0
DA:302,0
DA:303,0
DA:304,0
DA:308,0
DA:309,0
DA:310,0
DA:311,0
DA:312,0
DA:313,0
DA:314,0
DA:323,0
DA:324,0
DA:327,0
DA:328,0
DA:330,0
DA:334,2
DA:335,0
DA:336,0
DA:337,0
DA:340,2
DA:341,0
DA:343,2
DA:344,0
DA:345,0
DA:347,2
DA:355,0
DA:470,0
DA:471,0
DA:473,0
DA:493,0
DA:494,0
DA:496,0
LF:176
LH:51
BRDA:52,0,0,0
BRDA:52,0,1,0
BRDA:53,1,0,0
BRDA:53,1,1,0
BRDA:54,2,0,0
BRDA:54,2,1,0
BRDA:82,3,0,2
BRDA:82,3,1,2
BRDA:111,4,0,0
BRDA:111,4,1,0
BRDA:115,5,0,0
BRDA:115,5,1,0
BRDA:115,6,0,0
BRDA:115,6,1,0
BRDA:138,7,0,1
BRDA:138,7,1,1
BRDA:139,8,0,1
BRDA:139,8,1,0
BRDA:139,8,2,0
BRDA:141,9,0,0
BRDA:141,9,1,1
BRDA:149,10,0,0
BRDA:149,10,1,1
BRDA:151,11,0,0
BRDA:151,11,1,0
BRDA:155,12,0,0
BRDA:155,12,1,0
BRDA:155,13,0,0
BRDA:155,13,1,0
BRDA:164,14,0,0
BRDA:164,14,1,0
BRDA:166,15,0,0
BRDA:166,15,1,0
BRDA:166,15,2,0
BRDA:169,16,0,0
BRDA:169,16,1,0
BRDA:190,17,0,0
BRDA:190,17,1,0
BRDA:194,18,0,0
BRDA:194,18,1,0
BRDA:194,19,0,0
BRDA:194,19,1,0
BRDA:196,20,0,0
BRDA:196,20,1,0
BRDA:207,21,0,0
BRDA:207,21,1,0
BRDA:209,22,0,0
BRDA:209,22,1,0
BRDA:216,23,0,0
BRDA:216,23,1,0
BRDA:223,24,0,0
BRDA:223,24,1,1
BRDA:242,25,0,0
BRDA:242,25,1,0
BRDA:244,26,0,0
BRDA:244,26,1,0
BRDA:244,26,2,0
BRDA:247,27,0,0
BRDA:247,27,1,0
BRDA:272,28,0,0
BRDA:272,28,1,0
BRDA:279,29,0,0
BRDA:279,29,1,0
BRDA:281,30,0,0
BRDA:281,30,1,0
BRDA:281,30,2,0
BRDA:284,31,0,0
BRDA:284,31,1,0
BRDA:312,32,0,0
BRDA:312,32,1,0
BRDA:327,33,0,0
BRDA:327,33,1,0
BRDA:350,34,0,2
BRDA:350,34,1,1
BRDA:351,35,0,2
BRDA:351,35,1,1
BRDA:351,35,2,1
BRDA:351,35,3,1
BRDA:359,36,0,1
BRDA:359,36,1,1
BRDA:369,37,0,1
BRDA:369,37,1,0
BRDA:371,38,0,1
BRDA:371,38,1,1
BRDA:371,38,2,0
BRDA:371,38,3,0
BRDA:379,39,0,0
BRDA:379,39,1,0
BRDA:386,40,0,0
BRDA:386,40,1,0
BRDA:397,41,0,1
BRDA:397,41,1,1
BRDA:397,41,2,0
BRDA:405,42,0,1
BRDA:405,42,1,1
BRDA:405,42,2,0
BRDA:416,43,0,1
BRDA:416,43,1,1
BRDA:416,43,2,1
BRDA:416,43,3,0
BRDA:425,44,0,1
BRDA:425,44,1,0
BRDA:425,44,2,0
BRDA:444,45,0,1
BRDA:444,45,1,1
BRDA:444,45,2,0
BRDA:444,45,3,0
BRDA:459,46,0,2
BRDA:459,46,1,0
BRDA:459,46,2,0
BRDA:478,47,0,2
BRDA:478,47,1,1
BRDA:478,47,2,0
BRDA:478,47,3,0
BRDA:501,48,0,2
BRDA:501,48,1,0
BRF:116
BRH:33
end_of_record
TN:
SF:src\screens\companyDetailsScreen\NewReasonsList.tsx
FN:11,NewReasonsList
FN:17,(anonymous_1)
FN:21,(anonymous_2)
FNF:3
FNH:1
FNDA:1,NewReasonsList
FNDA:0,(anonymous_1)
FNDA:0,(anonymous_2)
DA:12,1
DA:14,0
DA:18,0
DA:21,0
LF:4
LH:1
BRDA:12,0,0,1
BRDA:12,0,1,0
BRF:2
BRH:1
end_of_record
TN:
SF:src\screens\forgotPasswordScreen\forgotPasswordScreen.tsx
FN:23,ForgotPasswordScreen
FN:30,(anonymous_1)
FN:114,(anonymous_2)
FNF:3
FNH:1
FNDA:1,ForgotPasswordScreen
FNDA:0,(anonymous_1)
FNDA:0,(anonymous_2)
DA:25,1
DA:26,1
DA:27,1
DA:28,1
DA:29,1
DA:30,1
DA:31,0
DA:32,0
DA:33,0
DA:36,0
DA:37,0
DA:39,0
DA:41,0
DA:43,0
DA:44,0
DA:45,0
DA:46,0
DA:47,0
DA:56,0
DA:57,0
DA:59,0
DA:62,0
DA:63,0
DA:64,0
DA:65,0
DA:68,0
DA:69,0
DA:70,0
DA:72,0
DA:73,0
DA:76,1
DA:114,0
LF:32
LH:7
BRDA:39,0,0,0
BRDA:39,0,1,0
BRDA:41,1,0,0
BRDA:41,1,1,0
BRDA:41,2,0,0
BRDA:41,2,1,0
BRDA:57,3,0,0
BRDA:57,3,1,0
BRDA:62,4,0,0
BRDA:62,4,1,0
BRDA:68,5,0,0
BRDA:68,5,1,0
BRDA:83,6,0,1
BRDA:83,6,1,0
BRDA:91,7,0,1
BRDA:91,7,1,1
BRF:16
BRH:3
end_of_record
TN:
SF:src\screens\homeScreen\HomeScreen.tsx
FN:22,HomeScreen
FN:38,(anonymous_1)
FN:39,(anonymous_2)
FN:40,(anonymous_3)
FN:46,(anonymous_4)
FN:49,(anonymous_5)
FN:54,(anonymous_6)
FN:55,(anonymous_7)
FN:100,(anonymous_8)
FN:107,(anonymous_9)
FN:146,(anonymous_10)
FN:151,(anonymous_11)
FN:195,(anonymous_12)
FN:201,(anonymous_13)
FN:207,(anonymous_14)
FN:211,(anonymous_15)
FNF:16
FNH:5
FNDA:2,HomeScreen
FNDA:0,(anonymous_1)
FNDA:0,(anonymous_2)
FNDA:0,(anonymous_3)
FNDA:1,(anonymous_4)
FNDA:1,(anonymous_5)
FNDA:1,(anonymous_6)
FNDA:1,(anonymous_7)
FNDA:0,(anonymous_8)
FNDA:0,(anonymous_9)
FNDA:0,(anonymous_10)
FNDA:0,(anonymous_11)
FNDA:0,(anonymous_12)
FNDA:0,(anonymous_13)
FNDA:0,(anonymous_14)
FNDA:0,(anonymous_15)
DA:24,2
DA:25,2
DA:26,2
DA:27,2
DA:28,2
DA:29,2
DA:30,2
DA:31,2
DA:32,2
DA:33,2
DA:34,2
DA:35,2
DA:36,2
DA:37,2
DA:38,2
DA:39,0
DA:40,2
DA:41,0
DA:42,0
DA:43,0
DA:44,0
DA:46,2
DA:47,1
DA:49,2
DA:50,1
DA:54,2
DA:55,1
DA:56,1
DA:57,1
DA:58,1
DA:59,0
DA:60,0
DA:61,0
DA:62,0
DA:63,0
DA:64,0
DA:65,0
DA:66,0
DA:67,0
DA:70,0
DA:72,0
DA:75,0
DA:77,0
DA:78,0
DA:79,0
DA:81,0
DA:84,0
DA:87,1
DA:91,0
DA:92,0
DA:94,1
DA:98,1
DA:100,2
DA:101,0
DA:102,0
DA:104,0
DA:107,2
DA:108,0
DA:113,0
DA:114,0
DA:115,0
DA:116,0
DA:120,0
DA:121,0
DA:122,0
DA:123,0
DA:124,0
DA:126,0
DA:129,0
DA:131,0
DA:134,0
DA:136,0
DA:137,0
DA:138,0
DA:140,0
DA:143,0
DA:146,2
DA:147,0
DA:148,0
DA:151,2
DA:152,0
DA:153,0
DA:155,2
DA:196,0
DA:202,0
DA:208,0
DA:211,0
LF:87
LH:33
BRDA:50,0,0,0
BRDA:50,0,1,1
BRDA:56,1,0,0
BRDA:56,1,1,1
BRDA:58,2,0,0
BRDA:58,2,1,1
BRDA:62,3,0,0
BRDA:62,3,1,0
BRDA:63,4,0,0
BRDA:63,4,1,0
BRDA:64,5,0,0
BRDA:64,5,1,0
BRDA:65,6,0,0
BRDA:65,6,1,0
BRDA:66,7,0,0
BRDA:66,7,1,0
BRDA:67,8,0,0
BRDA:67,8,1,0
BRDA:70,9,0,0
BRDA:70,9,1,0
BRDA:72,10,0,0
BRDA:72,10,1,0
BRDA:72,10,2,0
BRDA:75,11,0,0
BRDA:75,11,1,0
BRDA:101,12,0,0
BRDA:101,12,1,0
BRDA:121,13,0,0
BRDA:121,13,1,0
BRDA:129,14,0,0
BRDA:129,14,1,0
BRDA:131,15,0,0
BRDA:131,15,1,0
BRDA:131,15,2,0
BRDA:134,16,0,0
BRDA:134,16,1,0
BRDA:158,17,0,2
BRDA:158,17,1,0
BRDA:159,18,0,2
BRDA:159,18,1,2
BRDA:166,19,0,2
BRDA:166,19,1,0
BRDA:174,20,0,0
BRDA:174,20,1,2
BRDA:175,21,0,0
BRDA:175,21,1,2
BRDA:180,22,0,0
BRDA:180,22,1,2
BRDA:188,23,0,2
BRDA:188,23,1,2
BRDA:217,24,0,2
BRDA:217,24,1,2
BRDA:228,25,0,2
BRDA:228,25,1,0
BRF:54
BRH:15
end_of_record
TN:
SF:src\screens\loginScreen\LoginScreen.tsx
FN:31,LoginScreen
FN:36,(anonymous_1)
FN:37,(anonymous_2)
FN:42,(anonymous_3)
FN:130,(anonymous_4)
FN:146,(anonymous_5)
FNF:6
FNH:1
FNDA:1,LoginScreen
FNDA:0,(anonymous_1)
FNDA:0,(anonymous_2)
FNDA:0,(anonymous_3)
FNDA:0,(anonymous_4)
FNDA:0,(anonymous_5)
DA:33,1
DA:34,1
DA:35,1
DA:36,1
DA:37,0
DA:38,1
DA:39,1
DA:40,1
DA:41,1
DA:42,1
DA:43,0
DA:44,0
DA:45,0
DA:46,0
DA:47,0
DA:48,0
DA:50,0
DA:51,0
DA:53,0
DA:55,0
DA:57,0
DA:61,0
DA:64,0
DA:65,0
DA:67,0
DA:68,0
DA:69,0
DA:70,0
DA:72,0
DA:75,0
DA:79,0
DA:81,0
DA:84,0
DA:87,1
DA:131,0
DA:146,0
LF:36
LH:10
BRDA:48,0,0,0
BRDA:48,0,1,0
BRDA:51,1,0,0
BRDA:51,1,1,0
BRDA:61,2,0,0
BRDA:61,2,1,0
BRDA:61,2,2,0
BRDA:61,2,3,0
BRDA:61,2,4,0
BRDA:61,2,5,0
BRDA:61,2,6,0
BRDA:91,3,0,0
BRDA:91,3,1,1
BRDA:109,4,0,1
BRDA:109,4,1,0
BRF:15
BRH:2
end_of_record
TN:
SF:src\screens\myTrendsScreen\MyTrendsScreen.tsx
FN:32,MyTrendsScreen
FN:48,(anonymous_1)
FN:51,(anonymous_2)
FN:57,(anonymous_3)
FN:101,(anonymous_4)
FN:135,(anonymous_5)
FN:137,(anonymous_6)
FN:167,(anonymous_7)
FN:173,(anonymous_8)
FN:207,(anonymous_9)
FN:232,(anonymous_10)
FN:252,(anonymous_11)
FN:260,(anonymous_12)
FNF:13
FNH:4
FNDA:3,MyTrendsScreen
FNDA:1,(anonymous_1)
FNDA:1,(anonymous_2)
FNDA:2,(anonymous_3)
FNDA:0,(anonymous_4)
FNDA:0,(anonymous_5)
FNDA:0,(anonymous_6)
FNDA:0,(anonymous_7)
FNDA:0,(anonymous_8)
FNDA:0,(anonymous_9)
FNDA:0,(anonymous_10)
FNDA:0,(anonymous_11)
FNDA:0,(anonymous_12)
DA:34,3
DA:35,3
DA:36,3
DA:38,3
DA:39,3
DA:40,3
DA:41,3
DA:42,3
DA:43,3
DA:44,3
DA:45,3
DA:46,3
DA:47,3
DA:48,3
DA:49,1
DA:51,3
DA:52,1
DA:53,1
DA:54,1
DA:57,3
DA:58,2
DA:59,2
DA:60,2
DA:61,0
DA:62,0
DA:63,0
DA:64,0
DA:65,0
DA:68,0
DA:70,0
DA:73,0
DA:75,0
DA:76,0
DA:77,0
DA:79,0
DA:82,0
DA:85,2
DA:86,2
DA:88,2
DA:89,2
DA:90,2
DA:91,2
DA:94,0
DA:95,0
DA:97,2
DA:101,3
DA:102,0
DA:107,0
DA:108,0
DA:109,0
DA:110,0
DA:111,0
DA:112,0
DA:115,0
DA:117,0
DA:120,0
DA:122,0
DA:123,0
DA:124,0
DA:126,0
DA:129,0
DA:132,0
DA:134,0
DA:135,0
DA:136,0
DA:137,0
DA:138,0
DA:139,0
DA:140,0
DA:144,0
DA:145,0
DA:146,0
DA:147,0
DA:148,0
DA:156,0
DA:157,0
DA:160,0
DA:161,0
DA:163,0
DA:167,3
DA:168,0
DA:169,0
DA:170,0
DA:171,0
DA:173,3
DA:174,0
DA:180,0
DA:181,0
DA:182,0
DA:183,0
DA:184,0
DA:185,0
DA:188,0
DA:190,0
DA:193,0
DA:195,0
DA:196,0
DA:197,0
DA:199,0
DA:202,0
DA:205,0
DA:206,0
DA:207,0
DA:208,0
DA:209,0
DA:213,0
DA:214,0
DA:217,0
DA:218,0
DA:220,0
DA:224,3
DA:232,0
DA:253,0
DA:261,0
LF:114
LH:34
BRDA:52,0,0,1
BRDA:52,0,1,0
BRDA:60,1,0,0
BRDA:60,1,1,2
BRDA:68,2,0,0
BRDA:68,2,1,0
BRDA:70,3,0,0
BRDA:70,3,1,0
BRDA:70,3,2,0
BRDA:73,4,0,0
BRDA:73,4,1,0
BRDA:94,5,0,0
BRDA:94,5,1,0
BRDA:108,6,0,0
BRDA:108,6,1,0
BRDA:115,7,0,0
BRDA:115,7,1,0
BRDA:117,8,0,0
BRDA:117,8,1,0
BRDA:117,8,2,0
BRDA:120,9,0,0
BRDA:120,9,1,0
BRDA:160,10,0,0
BRDA:160,10,1,0
BRDA:181,11,0,0
BRDA:181,11,1,0
BRDA:188,12,0,0
BRDA:188,12,1,0
BRDA:190,13,0,0
BRDA:190,13,1,0
BRDA:190,13,2,0
BRDA:193,14,0,0
BRDA:193,14,1,0
BRDA:217,15,0,0
BRDA:217,15,1,0
BRDA:228,16,0,3
BRDA:228,16,1,1
BRDA:229,17,0,3
BRDA:229,17,1,2
BRDA:236,18,0,2
BRDA:236,18,1,0
BRDA:250,19,0,2
BRDA:250,19,1,2
BRDA:258,20,0,2
BRDA:258,20,1,0
BRDA:268,21,0,3
BRDA:268,21,1,0
BRF:47
BRH:11
end_of_record
TN:
SF:src\screens\passwordResetScreen\PasswordResetScreen.tsx
FN:23,(anonymous_0)
FN:29,PasswordResetScreen
FN:41,(anonymous_2)
FN:74,(anonymous_3)
FN:77,(anonymous_4)
FNF:5
FNH:1
FNDA:0,(anonymous_0)
FNDA:1,PasswordResetScreen
FNDA:0,(anonymous_2)
FNDA:0,(anonymous_3)
FNDA:0,(anonymous_4)
DA:23,1
DA:24,0
DA:25,0
DA:31,1
DA:32,1
DA:33,1
DA:34,1
DA:35,1
DA:36,1
DA:37,1
DA:38,1
DA:39,1
DA:40,1
DA:41,1
DA:42,0
DA:43,0
DA:44,0
DA:45,0
DA:46,0
DA:48,0
DA:51,0
DA:52,0
DA:54,0
DA:55,0
DA:57,0
DA:61,0
DA:63,0
DA:64,0
DA:66,0
DA:67,0
DA:69,0
DA:70,0
DA:74,1
DA:75,0
DA:77,1
DA:78,0
DA:80,1
LF:37
LH:15
BRDA:24,0,0,0
BRDA:24,0,1,0
BRDA:37,1,0,1
BRDA:37,1,1,0
BRDA:37,1,2,0
BRDA:38,2,0,1
BRDA:38,2,1,0
BRDA:38,2,2,0
BRDA:44,3,0,0
BRDA:44,3,1,0
BRDA:51,4,0,0
BRDA:51,4,1,0
BRDA:52,5,0,0
BRDA:52,5,1,0
BRDA:52,5,2,0
BRDA:52,5,3,0
BRDA:52,5,4,0
BRDA:58,6,0,0
BRDA:58,6,1,0
BRDA:69,7,0,0
BRDA:69,7,1,0
BRDA:84,8,0,1
BRDA:84,8,1,1
BRDA:91,9,0,1
BRDA:91,9,1,0
BRDA:135,10,0,1
BRDA:135,10,1,0
BRF:27
BRH:6
end_of_record
TN:
SF:src\screens\profileSettingsScreen\ProfileSettingsScreen.tsx
FN:27,ProfileSettingsScreen
FN:42,(anonymous_1)
FN:43,(anonymous_2)
FN:44,(anonymous_3)
FN:50,(anonymous_4)
FN:51,(anonymous_5)
FN:81,(anonymous_6)
FN:84,(anonymous_7)
FN:124,(anonymous_8)
FNF:9
FNH:3
FNDA:3,ProfileSettingsScreen
FNDA:0,(anonymous_1)
FNDA:0,(anonymous_2)
FNDA:0,(anonymous_3)
FNDA:1,(anonymous_4)
FNDA:1,(anonymous_5)
FNDA:0,(anonymous_6)
FNDA:0,(anonymous_7)
FNDA:0,(anonymous_8)
DA:28,3
DA:29,3
DA:31,3
DA:32,3
DA:33,3
DA:34,3
DA:35,3
DA:36,3
DA:37,3
DA:38,3
DA:39,3
DA:40,3
DA:41,3
DA:42,3
DA:43,0
DA:44,3
DA:45,0
DA:46,0
DA:47,0
DA:48,0
DA:50,3
DA:51,1
DA:52,1
DA:53,1
DA:54,1
DA:55,1
DA:56,1
DA:57,1
DA:58,1
DA:61,0
DA:63,0
DA:66,0
DA:68,0
DA:69,0
DA:70,0
DA:72,0
DA:75,1
DA:78,1
DA:79,1
DA:81,3
DA:82,0
DA:84,3
DA:85,0
DA:86,0
DA:87,0
DA:88,0
DA:89,0
DA:90,0
DA:94,0
DA:95,0
DA:96,0
DA:97,0
DA:100,0
DA:102,0
DA:105,0
DA:107,0
DA:108,0
DA:109,0
DA:111,0
DA:114,0
DA:117,3
DA:124,0
LF:62
LH:30
BRDA:37,0,0,3
BRDA:37,0,1,0
BRDA:61,1,0,0
BRDA:61,1,1,0
BRDA:63,2,0,0
BRDA:63,2,1,0
BRDA:63,2,2,0
BRDA:66,3,0,0
BRDA:66,3,1,0
BRDA:100,4,0,0
BRDA:100,4,1,0
BRDA:102,5,0,0
BRDA:102,5,1,0
BRDA:102,5,2,0
BRDA:105,6,0,0
BRDA:105,6,1,0
BRDA:120,7,0,3
BRDA:120,7,1,1
BRDA:121,8,0,3
BRDA:121,8,1,2
BRDA:128,9,0,2
BRDA:128,9,1,0
BRDA:170,10,0,2
BRDA:170,10,1,0
BRF:24
BRH:7
end_of_record
TN:
SF:src\screens\registrationEmailSentScreen\RegistrationEmailSentScreen.tsx
FN:23,RegistrationEmailSentScreen
FN:43,(anonymous_1)
FN:45,(anonymous_2)
FN:45,(anonymous_3)
FN:46,(anonymous_4)
FN:48,(anonymous_5)
FN:53,(anonymous_6)
FN:84,(anonymous_7)
FN:173,(anonymous_8)
FNF:9
FNH:3
FNDA:1,RegistrationEmailSentScreen
FNDA:1,(anonymous_1)
FNDA:0,(anonymous_2)
FNDA:0,(anonymous_3)
FNDA:0,(anonymous_4)
FNDA:1,(anonymous_5)
FNDA:0,(anonymous_6)
FNDA:0,(anonymous_7)
FNDA:0,(anonymous_8)
DA:21,1
DA:24,1
DA:25,1
DA:27,1
DA:28,1
DA:29,1
DA:30,1
DA:31,1
DA:32,1
DA:35,1
DA:36,1
DA:37,1
DA:40,1
DA:43,1
DA:44,1
DA:45,0
DA:46,0
DA:48,1
DA:49,1
DA:50,0
DA:53,1
DA:54,0
DA:55,0
DA:56,0
DA:57,0
DA:61,0
DA:65,0
DA:66,0
DA:68,0
DA:70,0
DA:72,0
DA:73,0
DA:77,0
DA:80,0
DA:84,1
DA:85,0
DA:86,0
DA:87,0
DA:88,0
DA:89,0
DA:90,0
DA:91,0
DA:92,0
DA:93,0
DA:94,0
DA:96,0
DA:101,0
DA:102,0
DA:103,0
DA:105,0
DA:108,0
DA:112,1
DA:173,0
LF:53
LH:20
BRDA:27,0,0,1
BRDA:27,0,1,1
BRDA:28,1,0,1
BRDA:28,1,1,0
BRDA:29,2,0,1
BRDA:29,2,1,1
BRDA:44,3,0,1
BRDA:44,3,1,0
BRDA:49,4,0,0
BRDA:49,4,1,1
BRDA:70,5,0,0
BRDA:70,5,1,0
BRDA:72,6,0,0
BRDA:72,6,1,0
BRDA:85,7,0,0
BRDA:85,7,1,0
BRDA:85,8,0,0
BRDA:85,8,1,0
BRDA:101,9,0,0
BRDA:101,9,1,0
BRDA:102,10,0,0
BRDA:102,10,1,0
BRDA:116,11,0,1
BRDA:116,11,1,0
BRDA:120,12,0,1
BRDA:120,12,1,0
BRDA:124,13,0,1
BRDA:124,13,1,0
BRDA:140,14,0,0
BRDA:140,14,1,1
BRDA:145,15,0,1
BRDA:145,15,1,1
BRDA:150,16,0,0
BRDA:150,16,1,1
BRDA:152,17,0,0
BRDA:152,17,1,1
BRDA:160,18,0,1
BRDA:160,18,1,1
BRDA:163,19,0,1
BRDA:163,19,1,0
BRF:40
BRH:18
end_of_record
TN:
SF:src\screens\registrationScreen\RegistrationScreen.tsx
FN:31,RegistrationScreen
FN:45,(anonymous_1)
FN:51,(anonymous_2)
FN:61,(anonymous_3)
FN:166,(anonymous_4)
FN:183,(anonymous_5)
FNF:6
FNH:2
FNDA:1,RegistrationScreen
FNDA:1,(anonymous_1)
FNDA:0,(anonymous_2)
FNDA:0,(anonymous_3)
FNDA:0,(anonymous_4)
FNDA:0,(anonymous_5)
DA:33,1
DA:34,1
DA:35,1
DA:36,1
DA:37,1
DA:38,1
DA:39,1
DA:40,1
DA:41,1
DA:42,1
DA:43,1
DA:44,1
DA:45,1
DA:46,1
DA:48,1
DA:49,1
DA:51,1
DA:54,1
DA:61,1
DA:62,0
DA:63,0
DA:64,0
DA:65,0
DA:66,0
DA:67,0
DA:68,0
DA:69,0
DA:71,0
DA:76,0
DA:81,0
DA:82,0
DA:84,0
DA:85,0
DA:86,0
DA:87,0
DA:88,0
DA:89,0
DA:91,0
DA:92,0
DA:94,0
DA:96,0
DA:97,0
DA:99,0
DA:100,0
DA:102,0
DA:105,0
DA:106,0
DA:109,0
DA:111,0
DA:116,1
DA:166,0
DA:183,0
LF:52
LH:20
BRDA:36,0,0,1
BRDA:36,0,1,1
BRDA:48,1,0,1
BRDA:48,1,1,0
BRDA:48,1,2,0
BRDA:49,2,0,1
BRDA:49,2,1,0
BRDA:49,2,2,0
BRDA:54,3,0,1
BRDA:54,3,1,0
BRDA:54,3,2,0
BRDA:54,3,3,0
BRDA:54,3,4,0
BRDA:54,3,5,0
BRDA:54,3,6,0
BRDA:65,4,0,0
BRDA:65,4,1,0
BRDA:68,5,0,0
BRDA:68,5,1,0
BRDA:68,6,0,0
BRDA:68,6,1,0
BRDA:84,7,0,0
BRDA:84,7,1,0
BRDA:85,8,0,0
BRDA:85,8,1,0
BRDA:87,9,0,0
BRDA:87,9,1,0
BRDA:87,10,0,0
BRDA:87,10,1,0
BRDA:96,11,0,0
BRDA:96,11,1,0
BRDA:99,12,0,0
BRDA:99,12,1,0
BRDA:119,13,0,1
BRDA:119,13,1,0
BRDA:120,14,0,1
BRDA:120,14,1,1
BRDA:124,15,0,1
BRDA:124,15,1,0
BRF:39
BRH:9
end_of_record
TN:
SF:src\screens\resetEmailSentScreen\ResetEmailSentScreen.tsx
FN:24,ResetEmailSentScreen
FN:39,(anonymous_1)
FN:44,(anonymous_2)
FN:90,(anonymous_3)
FN:175,(anonymous_4)
FNF:5
FNH:1
FNDA:1,ResetEmailSentScreen
FNDA:0,(anonymous_1)
FNDA:0,(anonymous_2)
FNDA:0,(anonymous_3)
FNDA:0,(anonymous_4)
DA:26,1
DA:27,1
DA:28,1
DA:29,1
DA:30,1
DA:31,1
DA:32,1
DA:33,1
DA:34,1
DA:35,1
DA:36,1
DA:37,1
DA:38,1
DA:39,1
DA:40,0
DA:41,0
DA:42,0
DA:44,1
DA:45,0
DA:46,0
DA:47,0
DA:48,0
DA:49,0
DA:51,0
DA:55,0
DA:60,0
DA:61,0
DA:64,0
DA:65,0
DA:66,0
DA:67,0
DA:69,0
DA:70,0
DA:71,0
DA:74,0
DA:75,0
DA:76,0
DA:79,0
DA:80,0
DA:83,0
DA:84,0
DA:87,0
DA:90,1
DA:91,0
DA:92,0
DA:93,0
DA:94,0
DA:95,0
DA:96,0
DA:97,0
DA:99,0
DA:102,0
DA:105,1
DA:175,0
LF:54
LH:17
BRDA:28,0,0,1
BRDA:28,0,1,0
BRDA:32,1,0,1
BRDA:32,1,1,0
BRDA:32,1,2,0
BRDA:48,2,0,0
BRDA:48,2,1,0
BRDA:64,3,0,0
BRDA:64,3,1,0
BRDA:67,4,0,0
BRDA:67,4,1,0
BRDA:67,4,2,0
BRDA:67,4,3,0
BRDA:83,5,0,0
BRDA:83,5,1,0
BRDA:99,6,0,0
BRDA:99,6,1,0
BRDA:108,7,0,1
BRDA:108,7,1,0
BRDA:110,8,0,1
BRDA:110,8,1,1
BRDA:110,8,2,1
BRDA:117,9,0,1
BRDA:117,9,1,0
BRDA:153,10,0,1
BRDA:153,10,1,0
BRDA:166,11,0,1
BRDA:166,11,1,1
BRDA:166,11,2,0
BRF:29
BRH:10
end_of_record
TN:
SF:src\screens\searchScreen\SearchScreen.tsx
FN:34,SearchScreen
FN:84,(anonymous_1)
FN:85,(anonymous_2)
FN:86,(anonymous_3)
FN:94,(anonymous_4)
FN:100,(anonymous_5)
FN:107,(anonymous_6)
FN:108,(anonymous_7)
FN:146,(anonymous_8)
FN:173,(anonymous_9)
FN:190,(anonymous_10)
FN:193,(anonymous_11)
FN:196,(anonymous_12)
FN:200,(anonymous_13)
FN:201,(anonymous_14)
FN:206,(anonymous_15)
FN:214,(anonymous_16)
FN:243,(anonymous_17)
FN:256,(anonymous_18)
FN:257,(anonymous_19)
FN:258,(anonymous_20)
FN:264,(anonymous_21)
FN:265,(anonymous_22)
FN:266,(anonymous_23)
FN:275,(anonymous_24)
FN:277,(anonymous_25)
FN:285,(anonymous_26)
FN:287,(anonymous_27)
FN:295,(anonymous_28)
FN:297,(anonymous_29)
FN:306,(anonymous_30)
FN:309,(anonymous_31)
FN:317,(anonymous_32)
FN:329,(anonymous_33)
FN:404,(anonymous_34)
FN:405,(anonymous_35)
FN:408,(anonymous_36)
FN:412,(anonymous_37)
FNF:38
FNH:13
FNDA:3,SearchScreen
FNDA:0,(anonymous_1)
FNDA:0,(anonymous_2)
FNDA:0,(anonymous_3)
FNDA:0,(anonymous_4)
FNDA:0,(anonymous_5)
FNDA:0,(anonymous_6)
FNDA:0,(anonymous_7)
FNDA:0,(anonymous_8)
FNDA:2,(anonymous_9)
FNDA:2,(anonymous_10)
FNDA:2,(anonymous_11)
FNDA:2,(anonymous_12)
FNDA:1,(anonymous_13)
FNDA:1,(anonymous_14)
FNDA:0,(anonymous_15)
FNDA:0,(anonymous_16)
FNDA:1,(anonymous_17)
FNDA:0,(anonymous_18)
FNDA:0,(anonymous_19)
FNDA:0,(anonymous_20)
FNDA:0,(anonymous_21)
FNDA:0,(anonymous_22)
FNDA:0,(anonymous_23)
FNDA:1,(anonymous_24)
FNDA:0,(anonymous_25)
FNDA:1,(anonymous_26)
FNDA:0,(anonymous_27)
FNDA:1,(anonymous_28)
FNDA:0,(anonymous_29)
FNDA:1,(anonymous_30)
FNDA:1,(anonymous_31)
FNDA:0,(anonymous_32)
FNDA:0,(anonymous_33)
FNDA:0,(anonymous_34)
FNDA:0,(anonymous_35)
FNDA:0,(anonymous_36)
FNDA:0,(anonymous_37)
DA:35,3
DA:36,3
DA:38,3
DA:39,3
DA:40,3
DA:41,3
DA:42,3
DA:43,3
DA:44,3
DA:46,3
DA:50,3
DA:51,3
DA:54,3
DA:55,3
DA:56,3
DA:58,3
DA:59,3
DA:60,3
DA:61,3
DA:65,3
DA:67,3
DA:71,3
DA:73,3
DA:74,3
DA:76,3
DA:77,3
DA:80,3
DA:81,3
DA:82,3
DA:83,3
DA:84,3
DA:85,0
DA:86,3
DA:87,0
DA:88,0
DA:89,0
DA:90,0
DA:94,3
DA:95,0
DA:96,0
DA:97,0
DA:98,0
DA:100,3
DA:101,0
DA:106,0
DA:107,0
DA:108,0
DA:109,0
DA:114,0
DA:118,0
DA:119,0
DA:120,0
DA:121,0
DA:122,0
DA:125,0
DA:127,0
DA:130,0
DA:132,0
DA:133,0
DA:134,0
DA:136,0
DA:139,0
DA:142,0
DA:143,0
DA:144,0
DA:145,0
DA:146,0
DA:148,0
DA:153,0
DA:160,0
DA:161,0
DA:162,0
DA:163,0
DA:166,0
DA:167,0
DA:169,0
DA:173,3
DA:174,2
DA:175,2
DA:176,2
DA:177,2
DA:178,2
DA:179,2
DA:180,2
DA:181,2
DA:182,2
DA:183,2
DA:184,2
DA:185,2
DA:186,2
DA:187,2
DA:190,3
DA:191,2
DA:193,3
DA:194,2
DA:196,3
DA:197,2
DA:200,3
DA:201,1
DA:202,1
DA:203,1
DA:204,1
DA:205,0
DA:206,0
DA:207,0
DA:213,0
DA:214,0
DA:215,0
DA:221,0
DA:224,1
DA:226,1
DA:229,1
DA:231,0
DA:232,0
DA:233,0
DA:235,1
DA:238,1
DA:241,1
DA:243,3
DA:244,1
DA:245,1
DA:246,1
DA:247,1
DA:248,1
DA:250,0
DA:252,1
DA:256,3
DA:257,0
DA:258,0
DA:259,0
DA:261,0
DA:264,3
DA:265,0
DA:266,0
DA:267,0
DA:269,0
DA:275,3
DA:276,1
DA:277,0
DA:278,0
DA:280,0
DA:282,1
DA:285,3
DA:286,1
DA:287,0
DA:288,0
DA:290,0
DA:292,1
DA:295,3
DA:296,1
DA:297,0
DA:298,0
DA:300,0
DA:302,1
DA:306,3
DA:307,1
DA:309,3
DA:310,1
DA:311,0
DA:313,1
DA:314,1
DA:317,3
DA:318,0
DA:319,0
DA:321,3
DA:329,0
DA:404,0
DA:405,0
DA:409,0
DA:410,0
DA:412,0
LF:171
LH:92
BRDA:118,0,0,0
BRDA:118,0,1,0
BRDA:125,1,0,0
BRDA:125,1,1,0
BRDA:127,2,0,0
BRDA:127,2,1,0
BRDA:127,2,2,0
BRDA:130,3,0,0
BRDA:130,3,1,0
BRDA:146,4,0,0
BRDA:146,4,1,0
BRDA:166,5,0,0
BRDA:166,5,1,0
BRDA:224,6,0,1
BRDA:224,6,1,1
BRDA:226,7,0,1
BRDA:226,7,1,0
BRDA:226,7,2,0
BRDA:229,8,0,0
BRDA:229,8,1,1
BRDA:244,9,0,1
BRDA:244,9,1,0
BRDA:276,10,0,0
BRDA:276,10,1,1
BRDA:286,11,0,0
BRDA:286,11,1,1
BRDA:296,12,0,0
BRDA:296,12,1,1
BRDA:310,13,0,0
BRDA:310,13,1,1
BRDA:324,14,0,3
BRDA:324,14,1,0
BRDA:326,15,0,3
BRDA:326,15,1,3
BRDA:336,16,0,3
BRDA:336,16,1,2
BRDA:344,17,0,3
BRDA:344,17,1,3
BRDA:352,18,0,3
BRDA:352,18,1,3
BRDA:352,18,2,3
BRDA:363,19,0,3
BRDA:363,19,1,3
BRDA:366,20,0,3
BRDA:366,20,1,3
BRDA:375,21,0,3
BRDA:375,21,1,0
BRDA:375,21,2,0
BRDA:375,21,3,0
BRDA:386,22,0,3
BRDA:386,22,1,0
BRDA:386,22,2,0
BRDA:386,22,3,0
BRDA:398,23,0,3
BRDA:398,23,1,0
BRDA:398,23,2,0
BRDA:404,24,0,0
BRDA:404,24,1,0
BRDA:405,25,0,0
BRDA:405,25,1,0
BRDA:419,26,0,3
BRDA:419,26,1,0
BRDA:436,27,0,0
BRDA:436,27,1,0
BRDA:446,28,0,0
BRDA:446,28,1,0
BRDA:462,29,0,3
BRDA:462,29,1,0
BRF:68
BRH:28
end_of_record
TN:
SF:src\screens\topTrendsScreen\TopTrendsScreen.tsx
FN:22,TopTrendsScreen
FN:34,(anonymous_1)
FN:37,(anonymous_2)
FN:43,(anonymous_3)
FN:76,(anonymous_4)
FN:97,(anonymous_5)
FN:105,(anonymous_6)
FNF:7
FNH:4
FNDA:3,TopTrendsScreen
FNDA:1,(anonymous_1)
FNDA:1,(anonymous_2)
FNDA:2,(anonymous_3)
FNDA:0,(anonymous_4)
FNDA:0,(anonymous_5)
FNDA:0,(anonymous_6)
DA:24,3
DA:25,3
DA:26,3
DA:27,3
DA:28,3
DA:29,3
DA:30,3
DA:31,3
DA:32,3
DA:33,3
DA:34,3
DA:35,1
DA:37,3
DA:38,1
DA:39,1
DA:40,1
DA:43,3
DA:44,2
DA:45,2
DA:46,2
DA:47,2
DA:48,2
DA:49,2
DA:52,0
DA:54,0
DA:57,0
DA:59,0
DA:60,0
DA:61,0
DA:63,0
DA:66,2
DA:69,3
DA:76,0
DA:98,0
DA:106,0
LF:35
LH:25
BRDA:38,0,0,1
BRDA:38,0,1,0
BRDA:52,1,0,0
BRDA:52,1,1,0
BRDA:54,2,0,0
BRDA:54,2,1,0
BRDA:54,2,2,0
BRDA:57,3,0,0
BRDA:57,3,1,0
BRDA:72,4,0,3
BRDA:72,4,1,1
BRDA:73,5,0,3
BRDA:73,5,1,2
BRDA:83,6,0,2
BRDA:83,6,1,0
BRDA:94,7,0,2
BRDA:94,7,1,2
BRDA:102,8,0,2
BRDA:102,8,1,0
BRF:19
BRH:9
end_of_record
TN:
SF:src\services\AnonymousStatsService.ts
FN:14,(anonymous_0)
FNF:1
FNH:0
FNDA:0,(anonymous_0)
DA:14,1
DA:18,0
DA:19,0
DA:21,0
DA:23,0
DA:25,0
DA:34,0
DA:37,0
DA:38,0
LF:9
LH:1
BRDA:19,0,0,0
BRDA:19,0,1,0
BRDA:19,0,2,0
BRDA:19,0,3,0
BRDA:41,1,0,0
BRDA:41,1,1,0
BRF:6
BRH:0
end_of_record
TN:
SF:src\services\LocalBoycottStore.ts
FN:29,(anonymous_0)
FN:39,(anonymous_1)
FN:44,(anonymous_2)
FN:50,(anonymous_3)
FN:60,(anonymous_4)
FN:65,(anonymous_5)
FN:71,(anonymous_6)
FN:76,(anonymous_7)
FN:80,(anonymous_8)
FN:90,(anonymous_9)
FN:108,(anonymous_10)
FN:115,(anonymous_11)
FN:120,(anonymous_12)
FNF:13
FNH:0
FNDA:0,(anonymous_0)
FNDA:0,(anonymous_1)
FNDA:0,(anonymous_2)
FNDA:0,(anonymous_3)
FNDA:0,(anonymous_4)
FNDA:0,(anonymous_5)
FNDA:0,(anonymous_6)
FNDA:0,(anonymous_7)
FNDA:0,(anonymous_8)
FNDA:0,(anonymous_9)
FNDA:0,(anonymous_10)
FNDA:0,(anonymous_11)
FNDA:0,(anonymous_12)
DA:10,0
DA:20,0
DA:28,0
DA:30,0
DA:31,0
DA:32,0
DA:34,0
DA:35,0
DA:40,0
DA:41,0
DA:45,0
DA:46,0
DA:47,0
DA:51,0
DA:61,0
DA:62,0
DA:66,0
DA:67,0
DA:68,0
DA:72,0
DA:73,0
DA:77,0
DA:81,0
DA:82,0
DA:83,0
DA:85,0
DA:86,0
DA:87,0
DA:91,0
DA:92,0
DA:97,0
DA:98,0
DA:99,0
DA:100,0
DA:102,0
DA:104,0
DA:109,0
DA:110,0
DA:111,0
DA:116,0
DA:117,0
DA:121,0
DA:122,0
LF:43
LH:0
BRDA:82,0,0,0
BRDA:82,0,1,0
BRDA:110,1,0,0
BRDA:110,1,1,0
BRF:4
BRH:0
end_of_record
TN:
SF:src\types\DataModels.ts
FNF:0
FNH:0
LF:0
LH:0
BRF:0
BRH:0
end_of_record
TN:
SF:src\types\types.ts
FNF:0
FNH:0
LF:0
LH:0
BRF:0
BRH:0
end_of_record
TN:
SF:src\types\causecompanystats\CauseCompanyStats.ts
FNF:0
FNH:0
LF:0
LH:0
BRF:0
BRH:0
end_of_record
TN:
SF:src\types\causes\Cause.ts
FNF:0
FNH:0
LF:0
LH:0
BRF:0
BRH:0
end_of_record
TN:
SF:src\types\causes\CauseMetadata.ts
FNF:0
FNH:0
LF:0
LH:0
BRF:0
BRH:0
end_of_record
TN:
SF:src\types\causes\CauseSummary.ts
FNF:0
FNH:0
LF:0
LH:0
BRF:0
BRH:0
end_of_record
TN:
SF:src\types\causes\TopCause.ts
FNF:0
FNH:0
LF:0
LH:0
BRF:0
BRH:0
end_of_record
TN:
SF:src\types\companies\Company.ts
FNF:0
FNH:0
LF:0
LH:0
BRF:0
BRH:0
end_of_record
TN:
SF:src\types\companies\CompanyCause.ts
FNF:0
FNH:0
LF:0
LH:0
BRF:0
BRH:0
end_of_record
TN:
SF:src\types\companies\CompanyData.ts
FNF:0
FNH:0
LF:0
LH:0
BRF:0
BRH:0
end_of_record
TN:
SF:src\types\companies\CompanyMetadata.ts
FNF:0
FNH:0
LF:0
LH:0
BRF:0
BRH:0
end_of_record
TN:
SF:src\types\companies\CompanySummary.ts
FNF:0
FNH:0
LF:0
LH:0
BRF:0
BRH:0
end_of_record
TN:
SF:src\types\companies\TopCompany.ts
FNF:0
FNH:0
LF:0
LH:0
BRF:0
BRH:0
end_of_record
TN:
SF:src\types\misc\ResponseMessage.ts
FNF:0
FNH:0
LF:0
LH:0
BRF:0
BRH:0
end_of_record
TN:
SF:src\types\misc\index.ts
FNF:0
FNH:0
LF:0
LH:0
BRF:0
BRH:0
end_of_record
TN:
SF:src\types\users\AddCausesForm.ts
FNF:0
FNH:0
LF:0
LH:0
BRF:0
BRH:0
end_of_record
TN:
SF:src\types\users\AddUserBoycottForm.ts
FNF:0
FNH:0
LF:0
LH:0
BRF:0
BRH:0
end_of_record
TN:
SF:src\types\users\ChangeUsernameForm.ts
FNF:0
FNH:0
LF:0
LH:0
BRF:0
BRH:0
end_of_record
TN:
SF:src\types\users\CurrentReason.ts
FNF:0
FNH:0
LF:0
LH:0
BRF:0
BRH:0
end_of_record
TN:
SF:src\types\users\LocalUserBoycott.ts
FNF:0
FNH:0
LF:0
LH:0
BRF:0
BRH:0
end_of_record
TN:
SF:src\types\users\LocalUserCause.ts
FNF:0
FNH:0
LF:0
LH:0
BRF:0
BRH:0
end_of_record
TN:
SF:src\types\users\LoginForm.ts
FNF:0
FNH:0
LF:0
LH:0
BRF:0
BRH:0
end_of_record
TN:
SF:src\types\users\NewReason.ts
FNF:0
FNH:0
LF:0
LH:0
BRF:0
BRH:0
end_of_record
TN:
SF:src\types\users\Reason.ts
FNF:0
FNH:0
LF:0
LH:0
BRF:0
BRH:0
end_of_record
TN:
SF:src\types\users\RegisterForm.ts
FNF:0
FNH:0
LF:0
LH:0
BRF:0
BRH:0
end_of_record
TN:
SF:src\types\users\ResetPasswordForm.ts
FNF:0
FNH:0
LF:0
LH:0
BRF:0
BRH:0
end_of_record
TN:
SF:src\types\users\UpdateReasonsForm.ts
FNF:0
FNH:0
LF:0
LH:0
BRF:0
BRH:0
end_of_record
TN:
SF:src\types\users\UpgradeUserForm.ts
FNF:0
FNH:0
LF:0
LH:0
BRF:0
BRH:0
end_of_record
TN:
SF:src\types\users\User.ts
FNF:0
FNH:0
LF:0
LH:0
BRF:0
BRH:0
end_of_record
TN:
SF:src\types\users\UserBoycott.ts
FNF:0
FNH:0
LF:0
LH:0
BRF:0
BRH:0
end_of_record
TN:
SF:src\types\users\UserCause.ts
FNF:0
FNH:0
LF:0
LH:0
BRF:0
BRH:0
end_of_record
TN:
SF:src\types\users\UserStats.ts
FNF:0
FNH:0
LF:0
LH:0
BRF:0
BRH:0
end_of_record
TN:
SF:src\types\users\index.ts
FNF:0
FNH:0
LF:0
LH:0
BRF:0
BRH:0
end_of_record
TN:
SF:src\utils\navigationHelpers.ts
FN:1,(anonymous_0)
FN:2,(anonymous_1)
FN:4,(anonymous_2)
FNF:3
FNH:0
FNDA:0,(anonymous_0)
FNDA:0,(anonymous_1)
FNDA:0,(anonymous_2)
DA:1,1
DA:2,0
DA:4,1
DA:11,0
DA:12,0
DA:13,0
DA:14,0
DA:16,0
LF:8
LH:2
BRDA:8,0,0,0
BRF:1
BRH:0
end_of_record
